{"/Users/robertyokota/code/work/confluent-kafka-javascript/schemaregistry/mock-schemaregistry-client.ts": {"path":"/Users/robertyokota/code/work/confluent-kafka-javascript/schemaregistry/mock-schemaregistry-client.ts","statementMap":{"0":{"start":{"line":2,"column":0},"end":{"line":2,"column":null}},"1":{"start":{"line":10,"column":0},"end":{"line":10,"column":53}},"2":{"start":{"line":12,"column":0},"end":{"line":12,"column":39}},"3":{"start":{"line":30,"column":10},"end":{"line":30,"column":28}},"4":{"start":{"line":33,"column":4},"end":{"line":33,"column":22}},"5":{"start":{"line":37,"column":4},"end":{"line":37,"column":17}},"6":{"start":{"line":38,"column":4},"end":{"line":38,"column":22}},"7":{"start":{"line":42,"column":18},"end":{"line":42,"column":20}},"8":{"start":{"line":53,"column":4},"end":{"line":53,"column":null}},"9":{"start":{"line":54,"column":4},"end":{"line":54,"column":39}},"10":{"start":{"line":55,"column":4},"end":{"line":55,"column":37}},"11":{"start":{"line":56,"column":4},"end":{"line":56,"column":42}},"12":{"start":{"line":57,"column":4},"end":{"line":57,"column":33}},"13":{"start":{"line":58,"column":4},"end":{"line":58,"column":33}},"14":{"start":{"line":62,"column":4},"end":{"line":62,"column":null}},"15":{"start":{"line":66,"column":21},"end":{"line":66,"column":80}},"16":{"start":{"line":67,"column":4},"end":{"line":69,"column":5}},"17":{"start":{"line":68,"column":6},"end":{"line":68,"column":67}},"18":{"start":{"line":70,"column":4},"end":{"line":70,"column":23}},"19":{"start":{"line":74,"column":21},"end":{"line":74,"column":69}},"20":{"start":{"line":76,"column":23},"end":{"line":76,"column":59}},"21":{"start":{"line":77,"column":4},"end":{"line":79,"column":5}},"22":{"start":{"line":78,"column":6},"end":{"line":78,"column":33}},"23":{"start":{"line":81,"column":15},"end":{"line":81,"column":60}},"24":{"start":{"line":82,"column":4},"end":{"line":84,"column":5}},"25":{"start":{"line":83,"column":6},"end":{"line":83,"column":84}},"26":{"start":{"line":86,"column":37},"end":{"line":86,"column":54}},"27":{"start":{"line":87,"column":4},"end":{"line":87,"column":75}},"28":{"start":{"line":89,"column":4},"end":{"line":89,"column":20}},"29":{"start":{"line":93,"column":13},"end":{"line":93,"column":15}},"30":{"start":{"line":95,"column":4},"end":{"line":101,"column":5}},"31":{"start":{"line":96,"column":24},"end":{"line":96,"column":39}},"32":{"start":{"line":97,"column":6},"end":{"line":100,"column":7}},"33":{"start":{"line":98,"column":8},"end":{"line":98,"column":26}},"34":{"start":{"line":99,"column":8},"end":{"line":99,"column":14}},"35":{"start":{"line":103,"column":4},"end":{"line":103,"column":48}},"36":{"start":{"line":104,"column":4},"end":{"line":108,"column":5}},"37":{"start":{"line":105,"column":6},"end":{"line":105,"column":36}},"38":{"start":{"line":106,"column":25},"end":{"line":106,"column":51}},"39":{"start":{"line":107,"column":6},"end":{"line":107,"column":81}},"40":{"start":{"line":110,"column":4},"end":{"line":110,"column":14}},"41":{"start":{"line":114,"column":21},"end":{"line":114,"column":52}},"42":{"start":{"line":117,"column":4},"end":{"line":121,"column":5}},"43":{"start":{"line":118,"column":6},"end":{"line":118,"column":21}},"44":{"start":{"line":120,"column":6},"end":{"line":120,"column":53}},"45":{"start":{"line":123,"column":21},"end":{"line":123,"column":69}},"46":{"start":{"line":124,"column":4},"end":{"line":124,"column":89}},"47":{"start":{"line":128,"column":21},"end":{"line":128,"column":47}},"48":{"start":{"line":129,"column":23},"end":{"line":129,"column":57}},"49":{"start":{"line":131,"column":4},"end":{"line":133,"column":5}},"50":{"start":{"line":132,"column":6},"end":{"line":132,"column":58}},"51":{"start":{"line":134,"column":4},"end":{"line":134,"column":27}},"52":{"start":{"line":138,"column":21},"end":{"line":138,"column":69}},"53":{"start":{"line":139,"column":23},"end":{"line":139,"column":59}},"54":{"start":{"line":140,"column":4},"end":{"line":142,"column":5}},"55":{"start":{"line":141,"column":6},"end":{"line":141,"column":58}},"56":{"start":{"line":143,"column":4},"end":{"line":143,"column":34}},"57":{"start":{"line":147,"column":20},"end":{"line":147,"column":53}},"58":{"start":{"line":148,"column":4},"end":{"line":150,"column":5}},"59":{"start":{"line":149,"column":6},"end":{"line":149,"column":71}},"60":{"start":{"line":152,"column":4},"end":{"line":152,"column":52}},"61":{"start":{"line":157,"column":4},"end":{"line":162,"column":5}},"62":{"start":{"line":158,"column":24},"end":{"line":158,"column":39}},"63":{"start":{"line":159,"column":6},"end":{"line":161,"column":7}},"64":{"start":{"line":160,"column":8},"end":{"line":160,"column":25}},"65":{"start":{"line":164,"column":4},"end":{"line":166,"column":5}},"66":{"start":{"line":165,"column":6},"end":{"line":165,"column":58}},"67":{"start":{"line":168,"column":21},"end":{"line":168,"column":23}},"68":{"start":{"line":169,"column":4},"end":{"line":174,"column":5}},"69":{"start":{"line":170,"column":24},"end":{"line":170,"column":39}},"70":{"start":{"line":171,"column":6},"end":{"line":173,"column":7}},"71":{"start":{"line":172,"column":8},"end":{"line":172,"column":26}},"72":{"start":{"line":175,"column":4},"end":{"line":177,"column":5}},"73":{"start":{"line":176,"column":6},"end":{"line":176,"column":58}},"74":{"start":{"line":180,"column":4},"end":{"line":185,"column":6}},"75":{"start":{"line":189,"column":22},"end":{"line":189,"column":24}},"76":{"start":{"line":191,"column":4},"end":{"line":195,"column":5}},"77":{"start":{"line":192,"column":25},"end":{"line":192,"column":48}},"78":{"start":{"line":193,"column":27},"end":{"line":193,"column":60}},"79":{"start":{"line":194,"column":6},"end":{"line":194,"column":64}},"80":{"start":{"line":197,"column":36},"end":{"line":197,"column":38}},"81":{"start":{"line":199,"column":4},"end":{"line":206,"column":5}},"82":{"start":{"line":200,"column":24},"end":{"line":200,"column":39}},"83":{"start":{"line":201,"column":6},"end":{"line":205,"column":7}},"84":{"start":{"line":202,"column":8},"end":{"line":204,"column":9}},"85":{"start":{"line":203,"column":10},"end":{"line":203,"column":118}},"86":{"start":{"line":208,"column":4},"end":{"line":210,"column":5}},"87":{"start":{"line":209,"column":6},"end":{"line":209,"column":58}},"88":{"start":{"line":212,"column":33},"end":{"line":212,"column":43}},"89":{"start":{"line":214,"column":4},"end":{"line":218,"column":7}},"90":{"start":{"line":215,"column":6},"end":{"line":217,"column":7}},"91":{"start":{"line":216,"column":8},"end":{"line":216,"column":24}},"92":{"start":{"line":220,"column":4},"end":{"line":220,"column":18}},"93":{"start":{"line":224,"column":4},"end":{"line":228,"column":5}},"94":{"start":{"line":225,"column":6},"end":{"line":227,"column":7}},"95":{"start":{"line":226,"column":8},"end":{"line":226,"column":21}},"96":{"start":{"line":229,"column":4},"end":{"line":229,"column":16}},"97":{"start":{"line":233,"column":20},"end":{"line":233,"column":51}},"98":{"start":{"line":235,"column":4},"end":{"line":237,"column":5}},"99":{"start":{"line":236,"column":6},"end":{"line":236,"column":71}},"100":{"start":{"line":238,"column":4},"end":{"line":238,"column":19}},"101":{"start":{"line":242,"column":31},"end":{"line":242,"column":33}},"102":{"start":{"line":244,"column":4},"end":{"line":249,"column":5}},"103":{"start":{"line":245,"column":24},"end":{"line":245,"column":39}},"104":{"start":{"line":246,"column":6},"end":{"line":248,"column":7}},"105":{"start":{"line":247,"column":8},"end":{"line":247,"column":37}},"106":{"start":{"line":250,"column":4},"end":{"line":250,"column":20}},"107":{"start":{"line":254,"column":21},"end":{"line":254,"column":52}},"108":{"start":{"line":255,"column":4},"end":{"line":257,"column":5}},"109":{"start":{"line":256,"column":6},"end":{"line":256,"column":16}},"110":{"start":{"line":258,"column":4},"end":{"line":258,"column":41}},"111":{"start":{"line":262,"column":4},"end":{"line":266,"column":5}},"112":{"start":{"line":263,"column":6},"end":{"line":263,"column":49}},"113":{"start":{"line":265,"column":6},"end":{"line":265,"column":78}},"114":{"start":{"line":270,"column":4},"end":{"line":274,"column":5}},"115":{"start":{"line":271,"column":6},"end":{"line":271,"column":44}},"116":{"start":{"line":273,"column":6},"end":{"line":273,"column":70}},"117":{"start":{"line":278,"column":4},"end":{"line":282,"column":5}},"118":{"start":{"line":279,"column":6},"end":{"line":279,"column":46}},"119":{"start":{"line":281,"column":6},"end":{"line":281,"column":76}},"120":{"start":{"line":286,"column":21},"end":{"line":286,"column":69}},"121":{"start":{"line":287,"column":23},"end":{"line":287,"column":62}},"122":{"start":{"line":289,"column":4},"end":{"line":291,"column":5}},"123":{"start":{"line":290,"column":6},"end":{"line":290,"column":58}},"124":{"start":{"line":293,"column":4},"end":{"line":293,"column":30}},"125":{"start":{"line":297,"column":31},"end":{"line":297,"column":33}},"126":{"start":{"line":298,"column":4},"end":{"line":303,"column":5}},"127":{"start":{"line":299,"column":24},"end":{"line":299,"column":39}},"128":{"start":{"line":300,"column":6},"end":{"line":302,"column":7}},"129":{"start":{"line":301,"column":8},"end":{"line":301,"column":41}},"130":{"start":{"line":304,"column":4},"end":{"line":304,"column":27}},"131":{"start":{"line":308,"column":38},"end":{"line":308,"column":40}},"132":{"start":{"line":309,"column":4},"end":{"line":314,"column":5}},"133":{"start":{"line":310,"column":24},"end":{"line":310,"column":39}},"134":{"start":{"line":311,"column":6},"end":{"line":313,"column":7}},"135":{"start":{"line":312,"column":8},"end":{"line":312,"column":66}},"136":{"start":{"line":316,"column":4},"end":{"line":322,"column":5}},"137":{"start":{"line":317,"column":24},"end":{"line":317,"column":39}},"138":{"start":{"line":318,"column":6},"end":{"line":321,"column":7}},"139":{"start":{"line":319,"column":8},"end":{"line":319,"column":64}},"140":{"start":{"line":320,"column":8},"end":{"line":320,"column":44}},"141":{"start":{"line":324,"column":4},"end":{"line":324,"column":37}},"142":{"start":{"line":326,"column":4},"end":{"line":333,"column":5}},"143":{"start":{"line":327,"column":6},"end":{"line":332,"column":7}},"144":{"start":{"line":328,"column":26},"end":{"line":328,"column":41}},"145":{"start":{"line":329,"column":8},"end":{"line":331,"column":9}},"146":{"start":{"line":330,"column":10},"end":{"line":330,"column":60}},"147":{"start":{"line":335,"column":4},"end":{"line":335,"column":27}},"148":{"start":{"line":339,"column":4},"end":{"line":358,"column":5}},"149":{"start":{"line":340,"column":24},"end":{"line":340,"column":39}},"150":{"start":{"line":341,"column":6},"end":{"line":357,"column":7}},"151":{"start":{"line":342,"column":8},"end":{"line":342,"column":58}},"152":{"start":{"line":344,"column":31},"end":{"line":344,"column":89}},"153":{"start":{"line":345,"column":27},"end":{"line":345,"column":69}},"154":{"start":{"line":346,"column":8},"end":{"line":348,"column":9}},"155":{"start":{"line":347,"column":10},"end":{"line":347,"column":84}},"156":{"start":{"line":350,"column":8},"end":{"line":356,"column":9}},"157":{"start":{"line":351,"column":31},"end":{"line":351,"column":81}},"158":{"start":{"line":352,"column":35},"end":{"line":352,"column":73}},"159":{"start":{"line":353,"column":10},"end":{"line":355,"column":11}},"160":{"start":{"line":354,"column":12},"end":{"line":354,"column":82}},"161":{"start":{"line":360,"column":4},"end":{"line":360,"column":19}},"162":{"start":{"line":364,"column":4},"end":{"line":364,"column":45}},"163":{"start":{"line":368,"column":4},"end":{"line":368,"column":45}},"164":{"start":{"line":372,"column":23},"end":{"line":372,"column":52}},"165":{"start":{"line":373,"column":4},"end":{"line":375,"column":5}},"166":{"start":{"line":374,"column":6},"end":{"line":374,"column":59}},"167":{"start":{"line":376,"column":4},"end":{"line":376,"column":58}},"168":{"start":{"line":380,"column":4},"end":{"line":380,"column":73}},"169":{"start":{"line":381,"column":4},"end":{"line":381,"column":25}},"170":{"start":{"line":385,"column":23},"end":{"line":385,"column":54}},"171":{"start":{"line":386,"column":4},"end":{"line":388,"column":5}},"172":{"start":{"line":387,"column":6},"end":{"line":387,"column":73}},"173":{"start":{"line":389,"column":4},"end":{"line":389,"column":58}},"174":{"start":{"line":393,"column":4},"end":{"line":393,"column":75}},"175":{"start":{"line":394,"column":4},"end":{"line":394,"column":25}},"176":{"start":{"line":398,"column":23},"end":{"line":398,"column":52}},"177":{"start":{"line":399,"column":4},"end":{"line":401,"column":5}},"178":{"start":{"line":400,"column":6},"end":{"line":400,"column":59}},"179":{"start":{"line":402,"column":4},"end":{"line":402,"column":22}},"180":{"start":{"line":406,"column":4},"end":{"line":406,"column":42}},"181":{"start":{"line":407,"column":4},"end":{"line":407,"column":18}},"182":{"start":{"line":411,"column":23},"end":{"line":411,"column":54}},"183":{"start":{"line":412,"column":4},"end":{"line":414,"column":5}},"184":{"start":{"line":413,"column":6},"end":{"line":413,"column":66}},"185":{"start":{"line":415,"column":4},"end":{"line":415,"column":22}},"186":{"start":{"line":419,"column":4},"end":{"line":419,"column":44}},"187":{"start":{"line":420,"column":4},"end":{"line":420,"column":18}},"188":{"start":{"line":424,"column":4},"end":{"line":424,"column":11}},"189":{"start":{"line":428,"column":4},"end":{"line":428,"column":53}},"190":{"start":{"line":432,"column":9},"end":{"line":432,"column":19}}},"fnMap":{"0":{"name":"(anonymous_1)","decl":{"start":{"line":29,"column":0},"end":{"line":29,"column":6}},"loc":{"start":{"line":29,"column":0},"end":{"line":40,"column":1}}},"1":{"name":"(anonymous_2)","decl":{"start":{"line":32,"column":2},"end":{"line":32,"column":14}},"loc":{"start":{"line":32,"column":14},"end":{"line":34,"column":3}}},"2":{"name":"(anonymous_3)","decl":{"start":{"line":36,"column":2},"end":{"line":36,"column":11}},"loc":{"start":{"line":36,"column":11},"end":{"line":39,"column":3}}},"3":{"name":"(anonymous_4)","decl":{"start":{"line":52,"column":2},"end":{"line":52,"column":14}},"loc":{"start":{"line":52,"column":35},"end":{"line":59,"column":3}}},"4":{"name":"(anonymous_5)","decl":{"start":{"line":61,"column":2},"end":{"line":61,"column":8}},"loc":{"start":{"line":61,"column":8},"end":{"line":63,"column":3}}},"5":{"name":"(anonymous_6)","decl":{"start":{"line":65,"column":2},"end":{"line":65,"column":7}},"loc":{"start":{"line":65,"column":80},"end":{"line":71,"column":3}}},"6":{"name":"(anonymous_7)","decl":{"start":{"line":73,"column":2},"end":{"line":73,"column":7}},"loc":{"start":{"line":73,"column":92},"end":{"line":90,"column":3}}},"7":{"name":"(anonymous_8)","decl":{"start":{"line":92,"column":10},"end":{"line":92,"column":15}},"loc":{"start":{"line":92,"column":69},"end":{"line":111,"column":3}}},"8":{"name":"(anonymous_9)","decl":{"start":{"line":113,"column":10},"end":{"line":113,"column":15}},"loc":{"start":{"line":113,"column":67},"end":{"line":125,"column":3}}},"9":{"name":"(anonymous_10)","decl":{"start":{"line":127,"column":2},"end":{"line":127,"column":7}},"loc":{"start":{"line":127,"column":70},"end":{"line":135,"column":3}}},"10":{"name":"(anonymous_11)","decl":{"start":{"line":137,"column":2},"end":{"line":137,"column":7}},"loc":{"start":{"line":137,"column":49},"end":{"line":144,"column":3}}},"11":{"name":"(anonymous_12)","decl":{"start":{"line":146,"column":2},"end":{"line":146,"column":7}},"loc":{"start":{"line":146,"column":47},"end":{"line":153,"column":3}}},"12":{"name":"(anonymous_13)","decl":{"start":{"line":155,"column":2},"end":{"line":155,"column":7}},"loc":{"start":{"line":155,"column":84},"end":{"line":186,"column":3}}},"13":{"name":"(anonymous_14)","decl":{"start":{"line":188,"column":2},"end":{"line":188,"column":7}},"loc":{"start":{"line":188,"column":108},"end":{"line":221,"column":3}}},"14":{"name":"(anonymous_15)","decl":{"start":{"line":214,"column":20},"end":{"line":214,"column":21}},"loc":{"start":{"line":214,"column":31},"end":{"line":218,"column":5}}},"15":{"name":"(anonymous_16)","decl":{"start":{"line":223,"column":10},"end":{"line":223,"column":18}},"loc":{"start":{"line":223,"column":93},"end":{"line":230,"column":3}}},"16":{"name":"(anonymous_17)","decl":{"start":{"line":232,"column":2},"end":{"line":232,"column":7}},"loc":{"start":{"line":232,"column":38},"end":{"line":239,"column":3}}},"17":{"name":"(anonymous_18)","decl":{"start":{"line":241,"column":10},"end":{"line":241,"column":15}},"loc":{"start":{"line":241,"column":43},"end":{"line":251,"column":3}}},"18":{"name":"(anonymous_19)","decl":{"start":{"line":253,"column":10},"end":{"line":253,"column":15}},"loc":{"start":{"line":253,"column":45},"end":{"line":259,"column":3}}},"19":{"name":"(anonymous_20)","decl":{"start":{"line":261,"column":10},"end":{"line":261,"column":15}},"loc":{"start":{"line":261,"column":83},"end":{"line":267,"column":3}}},"20":{"name":"(anonymous_21)","decl":{"start":{"line":269,"column":10},"end":{"line":269,"column":15}},"loc":{"start":{"line":269,"column":81},"end":{"line":275,"column":3}}},"21":{"name":"(anonymous_22)","decl":{"start":{"line":277,"column":10},"end":{"line":277,"column":15}},"loc":{"start":{"line":277,"column":93},"end":{"line":283,"column":3}}},"22":{"name":"(anonymous_23)","decl":{"start":{"line":285,"column":2},"end":{"line":285,"column":7}},"loc":{"start":{"line":285,"column":82},"end":{"line":294,"column":3}}},"23":{"name":"(anonymous_24)","decl":{"start":{"line":296,"column":2},"end":{"line":296,"column":7}},"loc":{"start":{"line":296,"column":22},"end":{"line":305,"column":3}}},"24":{"name":"(anonymous_25)","decl":{"start":{"line":307,"column":2},"end":{"line":307,"column":7}},"loc":{"start":{"line":307,"column":65},"end":{"line":336,"column":3}}},"25":{"name":"(anonymous_26)","decl":{"start":{"line":338,"column":2},"end":{"line":338,"column":7}},"loc":{"start":{"line":338,"column":89},"end":{"line":361,"column":3}}},"26":{"name":"(anonymous_27)","decl":{"start":{"line":363,"column":2},"end":{"line":363,"column":7}},"loc":{"start":{"line":363,"column":68},"end":{"line":365,"column":3}}},"27":{"name":"(anonymous_28)","decl":{"start":{"line":367,"column":2},"end":{"line":367,"column":7}},"loc":{"start":{"line":367,"column":78},"end":{"line":369,"column":3}}},"28":{"name":"(anonymous_29)","decl":{"start":{"line":371,"column":2},"end":{"line":371,"column":7}},"loc":{"start":{"line":371,"column":40},"end":{"line":377,"column":3}}},"29":{"name":"(anonymous_30)","decl":{"start":{"line":379,"column":2},"end":{"line":379,"column":7}},"loc":{"start":{"line":379,"column":73},"end":{"line":382,"column":3}}},"30":{"name":"(anonymous_31)","decl":{"start":{"line":384,"column":2},"end":{"line":384,"column":7}},"loc":{"start":{"line":384,"column":31},"end":{"line":390,"column":3}}},"31":{"name":"(anonymous_32)","decl":{"start":{"line":392,"column":2},"end":{"line":392,"column":7}},"loc":{"start":{"line":392,"column":63},"end":{"line":395,"column":3}}},"32":{"name":"(anonymous_33)","decl":{"start":{"line":397,"column":2},"end":{"line":397,"column":7}},"loc":{"start":{"line":397,"column":33},"end":{"line":403,"column":3}}},"33":{"name":"(anonymous_34)","decl":{"start":{"line":405,"column":2},"end":{"line":405,"column":7}},"loc":{"start":{"line":405,"column":58},"end":{"line":408,"column":3}}},"34":{"name":"(anonymous_35)","decl":{"start":{"line":410,"column":2},"end":{"line":410,"column":7}},"loc":{"start":{"line":410,"column":24},"end":{"line":416,"column":3}}},"35":{"name":"(anonymous_36)","decl":{"start":{"line":418,"column":2},"end":{"line":418,"column":7}},"loc":{"start":{"line":418,"column":48},"end":{"line":421,"column":3}}},"36":{"name":"(anonymous_37)","decl":{"start":{"line":423,"column":2},"end":{"line":423,"column":7}},"loc":{"start":{"line":423,"column":13},"end":{"line":425,"column":3}}},"37":{"name":"(anonymous_38)","decl":{"start":{"line":427,"column":10},"end":{"line":427,"column":22}},"loc":{"start":{"line":427,"column":63},"end":{"line":429,"column":3}}}},"branchMap":{"0":{"loc":{"start":{"line":65,"column":54},"end":{"line":65,"column":80}},"type":"default-arg","locations":[{"start":{"line":65,"column":75},"end":{"line":65,"column":80}}]},"1":{"loc":{"start":{"line":67,"column":4},"end":{"line":69,"column":5}},"type":"if","locations":[{"start":{"line":67,"column":4},"end":{"line":69,"column":5}}]},"2":{"loc":{"start":{"line":73,"column":66},"end":{"line":73,"column":92}},"type":"default-arg","locations":[{"start":{"line":73,"column":87},"end":{"line":73,"column":92}}]},"3":{"loc":{"start":{"line":77,"column":4},"end":{"line":79,"column":5}},"type":"if","locations":[{"start":{"line":77,"column":4},"end":{"line":79,"column":5}}]},"4":{"loc":{"start":{"line":77,"column":8},"end":{"line":77,"column":45}},"type":"binary-expr","locations":[{"start":{"line":77,"column":8},"end":{"line":77,"column":18}},{"start":{"line":77,"column":22},"end":{"line":77,"column":45}}]},"5":{"loc":{"start":{"line":82,"column":4},"end":{"line":84,"column":5}},"type":"if","locations":[{"start":{"line":82,"column":4},"end":{"line":84,"column":5}}]},"6":{"loc":{"start":{"line":97,"column":6},"end":{"line":100,"column":7}},"type":"if","locations":[{"start":{"line":97,"column":6},"end":{"line":100,"column":7}}]},"7":{"loc":{"start":{"line":97,"column":10},"end":{"line":97,"column":80}},"type":"binary-expr","locations":[{"start":{"line":97,"column":10},"end":{"line":97,"column":39}},{"start":{"line":97,"column":43},"end":{"line":97,"column":80}}]},"8":{"loc":{"start":{"line":104,"column":4},"end":{"line":108,"column":5}},"type":"if","locations":[{"start":{"line":104,"column":4},"end":{"line":108,"column":5}}]},"9":{"loc":{"start":{"line":117,"column":4},"end":{"line":121,"column":5}},"type":"if","locations":[{"start":{"line":117,"column":4},"end":{"line":121,"column":5}},{"start":{"line":119,"column":11},"end":{"line":121,"column":5}}]},"10":{"loc":{"start":{"line":131,"column":4},"end":{"line":133,"column":5}},"type":"if","locations":[{"start":{"line":131,"column":4},"end":{"line":133,"column":5}}]},"11":{"loc":{"start":{"line":131,"column":8},"end":{"line":131,"column":45}},"type":"binary-expr","locations":[{"start":{"line":131,"column":8},"end":{"line":131,"column":19}},{"start":{"line":131,"column":23},"end":{"line":131,"column":45}}]},"12":{"loc":{"start":{"line":140,"column":4},"end":{"line":142,"column":5}},"type":"if","locations":[{"start":{"line":140,"column":4},"end":{"line":142,"column":5}}]},"13":{"loc":{"start":{"line":140,"column":8},"end":{"line":140,"column":45}},"type":"binary-expr","locations":[{"start":{"line":140,"column":8},"end":{"line":140,"column":19}},{"start":{"line":140,"column":23},"end":{"line":140,"column":45}}]},"14":{"loc":{"start":{"line":148,"column":4},"end":{"line":150,"column":5}},"type":"if","locations":[{"start":{"line":148,"column":4},"end":{"line":150,"column":5}}]},"15":{"loc":{"start":{"line":155,"column":60},"end":{"line":155,"column":84}},"type":"default-arg","locations":[{"start":{"line":155,"column":79},"end":{"line":155,"column":84}}]},"16":{"loc":{"start":{"line":159,"column":6},"end":{"line":161,"column":7}},"type":"if","locations":[{"start":{"line":159,"column":6},"end":{"line":161,"column":7}}]},"17":{"loc":{"start":{"line":159,"column":10},"end":{"line":159,"column":101}},"type":"binary-expr","locations":[{"start":{"line":159,"column":10},"end":{"line":159,"column":39}},{"start":{"line":159,"column":43},"end":{"line":159,"column":68}},{"start":{"line":159,"column":72},"end":{"line":159,"column":101}}]},"18":{"loc":{"start":{"line":164,"column":4},"end":{"line":166,"column":5}},"type":"if","locations":[{"start":{"line":164,"column":4},"end":{"line":166,"column":5}}]},"19":{"loc":{"start":{"line":171,"column":6},"end":{"line":173,"column":7}},"type":"if","locations":[{"start":{"line":171,"column":6},"end":{"line":173,"column":7}}]},"20":{"loc":{"start":{"line":171,"column":10},"end":{"line":171,"column":83}},"type":"binary-expr","locations":[{"start":{"line":171,"column":10},"end":{"line":171,"column":39}},{"start":{"line":171,"column":43},"end":{"line":171,"column":83}}]},"21":{"loc":{"start":{"line":175,"column":4},"end":{"line":177,"column":5}},"type":"if","locations":[{"start":{"line":175,"column":4},"end":{"line":177,"column":5}}]},"22":{"loc":{"start":{"line":188,"column":84},"end":{"line":188,"column":108}},"type":"default-arg","locations":[{"start":{"line":188,"column":103},"end":{"line":188,"column":108}}]},"23":{"loc":{"start":{"line":201,"column":6},"end":{"line":205,"column":7}},"type":"if","locations":[{"start":{"line":201,"column":6},"end":{"line":205,"column":7}}]},"24":{"loc":{"start":{"line":201,"column":10},"end":{"line":201,"column":74}},"type":"binary-expr","locations":[{"start":{"line":201,"column":10},"end":{"line":201,"column":39}},{"start":{"line":201,"column":44},"end":{"line":201,"column":62}},{"start":{"line":201,"column":66},"end":{"line":201,"column":73}}]},"25":{"loc":{"start":{"line":202,"column":8},"end":{"line":204,"column":9}},"type":"if","locations":[{"start":{"line":202,"column":8},"end":{"line":204,"column":9}}]},"26":{"loc":{"start":{"line":202,"column":12},"end":{"line":202,"column":102}},"type":"binary-expr","locations":[{"start":{"line":202,"column":12},"end":{"line":202,"column":37}},{"start":{"line":202,"column":41},"end":{"line":202,"column":102}}]},"27":{"loc":{"start":{"line":208,"column":4},"end":{"line":210,"column":5}},"type":"if","locations":[{"start":{"line":208,"column":4},"end":{"line":210,"column":5}}]},"28":{"loc":{"start":{"line":215,"column":6},"end":{"line":217,"column":7}},"type":"if","locations":[{"start":{"line":215,"column":6},"end":{"line":217,"column":7}}]},"29":{"loc":{"start":{"line":225,"column":6},"end":{"line":227,"column":7}},"type":"if","locations":[{"start":{"line":225,"column":6},"end":{"line":227,"column":7}}]},"30":{"loc":{"start":{"line":235,"column":4},"end":{"line":237,"column":5}},"type":"if","locations":[{"start":{"line":235,"column":4},"end":{"line":237,"column":5}}]},"31":{"loc":{"start":{"line":246,"column":6},"end":{"line":248,"column":7}},"type":"if","locations":[{"start":{"line":246,"column":6},"end":{"line":248,"column":7}}]},"32":{"loc":{"start":{"line":246,"column":10},"end":{"line":246,"column":61}},"type":"binary-expr","locations":[{"start":{"line":246,"column":10},"end":{"line":246,"column":39}},{"start":{"line":246,"column":43},"end":{"line":246,"column":61}}]},"33":{"loc":{"start":{"line":255,"column":4},"end":{"line":257,"column":5}},"type":"if","locations":[{"start":{"line":255,"column":4},"end":{"line":257,"column":5}}]},"34":{"loc":{"start":{"line":262,"column":4},"end":{"line":266,"column":5}},"type":"if","locations":[{"start":{"line":262,"column":4},"end":{"line":266,"column":5}},{"start":{"line":264,"column":11},"end":{"line":266,"column":5}}]},"35":{"loc":{"start":{"line":270,"column":4},"end":{"line":274,"column":5}},"type":"if","locations":[{"start":{"line":270,"column":4},"end":{"line":274,"column":5}},{"start":{"line":272,"column":11},"end":{"line":274,"column":5}}]},"36":{"loc":{"start":{"line":278,"column":4},"end":{"line":282,"column":5}},"type":"if","locations":[{"start":{"line":278,"column":4},"end":{"line":282,"column":5}},{"start":{"line":280,"column":11},"end":{"line":282,"column":5}}]},"37":{"loc":{"start":{"line":285,"column":56},"end":{"line":285,"column":82}},"type":"default-arg","locations":[{"start":{"line":285,"column":77},"end":{"line":285,"column":82}}]},"38":{"loc":{"start":{"line":289,"column":4},"end":{"line":291,"column":5}},"type":"if","locations":[{"start":{"line":289,"column":4},"end":{"line":291,"column":5}}]},"39":{"loc":{"start":{"line":289,"column":8},"end":{"line":289,"column":45}},"type":"binary-expr","locations":[{"start":{"line":289,"column":8},"end":{"line":289,"column":19}},{"start":{"line":289,"column":23},"end":{"line":289,"column":45}}]},"40":{"loc":{"start":{"line":300,"column":6},"end":{"line":302,"column":7}},"type":"if","locations":[{"start":{"line":300,"column":6},"end":{"line":302,"column":7}}]},"41":{"loc":{"start":{"line":300,"column":10},"end":{"line":300,"column":69}},"type":"binary-expr","locations":[{"start":{"line":300,"column":10},"end":{"line":300,"column":28}},{"start":{"line":300,"column":32},"end":{"line":300,"column":69}}]},"42":{"loc":{"start":{"line":307,"column":39},"end":{"line":307,"column":65}},"type":"default-arg","locations":[{"start":{"line":307,"column":60},"end":{"line":307,"column":65}}]},"43":{"loc":{"start":{"line":311,"column":6},"end":{"line":313,"column":7}},"type":"if","locations":[{"start":{"line":311,"column":6},"end":{"line":313,"column":7}}]},"44":{"loc":{"start":{"line":311,"column":10},"end":{"line":311,"column":76}},"type":"binary-expr","locations":[{"start":{"line":311,"column":10},"end":{"line":311,"column":39}},{"start":{"line":311,"column":44},"end":{"line":311,"column":53}},{"start":{"line":311,"column":57},"end":{"line":311,"column":75}}]},"45":{"loc":{"start":{"line":318,"column":6},"end":{"line":321,"column":7}},"type":"if","locations":[{"start":{"line":318,"column":6},"end":{"line":321,"column":7}}]},"46":{"loc":{"start":{"line":318,"column":10},"end":{"line":318,"column":76}},"type":"binary-expr","locations":[{"start":{"line":318,"column":10},"end":{"line":318,"column":39}},{"start":{"line":318,"column":44},"end":{"line":318,"column":53}},{"start":{"line":318,"column":57},"end":{"line":318,"column":75}}]},"47":{"loc":{"start":{"line":326,"column":4},"end":{"line":333,"column":5}},"type":"if","locations":[{"start":{"line":326,"column":4},"end":{"line":333,"column":5}}]},"48":{"loc":{"start":{"line":329,"column":8},"end":{"line":331,"column":9}},"type":"if","locations":[{"start":{"line":329,"column":8},"end":{"line":331,"column":9}}]},"49":{"loc":{"start":{"line":329,"column":12},"end":{"line":329,"column":65}},"type":"binary-expr","locations":[{"start":{"line":329,"column":12},"end":{"line":329,"column":41}},{"start":{"line":329,"column":46},"end":{"line":329,"column":64}}]},"50":{"loc":{"start":{"line":338,"column":63},"end":{"line":338,"column":89}},"type":"default-arg","locations":[{"start":{"line":338,"column":84},"end":{"line":338,"column":89}}]},"51":{"loc":{"start":{"line":341,"column":6},"end":{"line":357,"column":7}},"type":"if","locations":[{"start":{"line":341,"column":6},"end":{"line":357,"column":7}}]},"52":{"loc":{"start":{"line":341,"column":10},"end":{"line":341,"column":68}},"type":"binary-expr","locations":[{"start":{"line":341,"column":10},"end":{"line":341,"column":39}},{"start":{"line":341,"column":43},"end":{"line":341,"column":68}}]},"53":{"loc":{"start":{"line":346,"column":8},"end":{"line":348,"column":9}},"type":"if","locations":[{"start":{"line":346,"column":8},"end":{"line":348,"column":9}}]},"54":{"loc":{"start":{"line":350,"column":8},"end":{"line":356,"column":9}},"type":"if","locations":[{"start":{"line":350,"column":8},"end":{"line":356,"column":9}}]},"55":{"loc":{"start":{"line":350,"column":12},"end":{"line":350,"column":35}},"type":"binary-expr","locations":[{"start":{"line":350,"column":12},"end":{"line":350,"column":21}},{"start":{"line":350,"column":25},"end":{"line":350,"column":35}}]},"56":{"loc":{"start":{"line":353,"column":10},"end":{"line":355,"column":11}},"type":"if","locations":[{"start":{"line":353,"column":10},"end":{"line":355,"column":11}}]},"57":{"loc":{"start":{"line":373,"column":4},"end":{"line":375,"column":5}},"type":"if","locations":[{"start":{"line":373,"column":4},"end":{"line":375,"column":5}}]},"58":{"loc":{"start":{"line":386,"column":4},"end":{"line":388,"column":5}},"type":"if","locations":[{"start":{"line":386,"column":4},"end":{"line":388,"column":5}}]},"59":{"loc":{"start":{"line":399,"column":4},"end":{"line":401,"column":5}},"type":"if","locations":[{"start":{"line":399,"column":4},"end":{"line":401,"column":5}}]},"60":{"loc":{"start":{"line":412,"column":4},"end":{"line":414,"column":5}},"type":"if","locations":[{"start":{"line":412,"column":4},"end":{"line":414,"column":5}}]}},"s":{"0":5,"1":5,"2":5,"3":31,"4":0,"5":30,"6":30,"7":5,"8":31,"9":31,"10":31,"11":31,"12":31,"13":31,"14":15,"15":29,"16":29,"17":0,"18":29,"19":30,"20":30,"21":30,"22":0,"23":30,"24":30,"25":0,"26":30,"27":30,"28":30,"29":30,"30":30,"31":7,"32":7,"33":0,"34":0,"35":30,"36":30,"37":30,"38":30,"39":30,"40":30,"41":30,"42":30,"43":24,"44":6,"45":30,"46":30,"47":15,"48":15,"49":15,"50":2,"51":13,"52":8,"53":8,"54":8,"55":4,"56":4,"57":4,"58":4,"59":0,"60":4,"61":6,"62":9,"63":9,"64":6,"65":6,"66":0,"67":6,"68":6,"69":9,"70":9,"71":6,"72":6,"73":0,"74":6,"75":2,"76":2,"77":4,"78":4,"79":4,"80":2,"81":2,"82":4,"83":4,"84":4,"85":2,"86":2,"87":0,"88":2,"89":2,"90":2,"91":0,"92":2,"93":4,"94":6,"95":2,"96":2,"97":1,"98":1,"99":0,"100":1,"101":35,"102":35,"103":14,"104":14,"105":13,"106":35,"107":4,"108":4,"109":0,"110":4,"111":3,"112":1,"113":2,"114":1,"115":1,"116":0,"117":3,"118":1,"119":2,"120":5,"121":5,"122":5,"123":4,"124":1,"125":2,"126":2,"127":2,"128":2,"129":2,"130":2,"131":2,"132":2,"133":2,"134":2,"135":2,"136":2,"137":2,"138":2,"139":2,"140":2,"141":2,"142":2,"143":1,"144":1,"145":1,"146":1,"147":2,"148":1,"149":2,"150":2,"151":1,"152":1,"153":1,"154":1,"155":1,"156":1,"157":0,"158":0,"159":0,"160":0,"161":1,"162":0,"163":0,"164":2,"165":2,"166":1,"167":1,"168":2,"169":2,"170":2,"171":2,"172":1,"173":1,"174":2,"175":2,"176":0,"177":0,"178":0,"179":0,"180":0,"181":0,"182":0,"183":0,"184":0,"185":0,"186":0,"187":0,"188":0,"189":6,"190":5},"f":{"0":31,"1":0,"2":30,"3":31,"4":15,"5":29,"6":30,"7":30,"8":30,"9":15,"10":8,"11":4,"12":6,"13":2,"14":2,"15":4,"16":1,"17":35,"18":4,"19":3,"20":1,"21":3,"22":5,"23":2,"24":2,"25":1,"26":0,"27":0,"28":2,"29":2,"30":2,"31":2,"32":0,"33":0,"34":0,"35":0,"36":0,"37":6},"b":{"0":[20],"1":[0],"2":[1],"3":[0],"4":[30,0],"5":[0],"6":[0],"7":[7,6],"8":[30],"9":[24,6],"10":[2],"11":[15,13],"12":[4],"13":[8,6],"14":[0],"15":[6],"16":[6],"17":[9,9,6],"18":[0],"19":[6],"20":[9,9],"21":[0],"22":[2],"23":[4],"24":[4,4,0],"25":[2],"26":[4,4],"27":[0],"28":[0],"29":[2],"30":[0],"31":[13],"32":[14,13],"33":[0],"34":[1,2],"35":[1,0],"36":[1,2],"37":[5],"38":[4],"39":[5,3],"40":[2],"41":[2,2],"42":[1],"43":[2],"44":[2,2,1],"45":[2],"46":[2,2,1],"47":[1],"48":[1],"49":[1,1],"50":[1],"51":[1],"52":[2,2],"53":[1],"54":[0],"55":[1,0],"56":[0],"57":[1],"58":[1],"59":[0],"60":[0]}}
,"/Users/robertyokota/code/work/confluent-kafka-javascript/schemaregistry/rest-error.ts": {"path":"/Users/robertyokota/code/work/confluent-kafka-javascript/schemaregistry/rest-error.ts","statementMap":{"0":{"start":{"line":6,"column":4},"end":{"line":6,"column":50}},"1":{"start":{"line":7,"column":4},"end":{"line":7,"column":25}},"2":{"start":{"line":8,"column":4},"end":{"line":8,"column":31}},"3":{"start":{"line":1,"column":0},"end":{"line":1,"column":13}}},"fnMap":{"0":{"name":"(anonymous_0)","decl":{"start":{"line":5,"column":2},"end":{"line":5,"column":14}},"loc":{"start":{"line":5,"column":64},"end":{"line":9,"column":3}}}},"branchMap":{},"s":{"0":16,"1":16,"2":16,"3":9},"f":{"0":16},"b":{}}
,"/Users/robertyokota/code/work/confluent-kafka-javascript/schemaregistry/rest-service.ts": {"path":"/Users/robertyokota/code/work/confluent-kafka-javascript/schemaregistry/rest-service.ts","statementMap":{"0":{"start":{"line":1,"column":0},"end":{"line":1,"column":101}},"1":{"start":{"line":2,"column":0},"end":{"line":2,"column":41}},"2":{"start":{"line":26,"column":4},"end":{"line":26,"column":46}},"3":{"start":{"line":27,"column":4},"end":{"line":27,"column":29}},"4":{"start":{"line":29,"column":4},"end":{"line":31,"column":5}},"5":{"start":{"line":30,"column":6},"end":{"line":30,"column":null}},"6":{"start":{"line":41,"column":4},"end":{"line":64,"column":5}},"7":{"start":{"line":41,"column":17},"end":{"line":41,"column":18}},"8":{"start":{"line":42,"column":6},"end":{"line":63,"column":7}},"9":{"start":{"line":43,"column":8},"end":{"line":43,"column":42}},"10":{"start":{"line":44,"column":25},"end":{"line":49,"column":10}},"11":{"start":{"line":50,"column":8},"end":{"line":50,"column":24}},"12":{"start":{"line":52,"column":8},"end":{"line":59,"column":9}},"13":{"start":{"line":53,"column":23},"end":{"line":53,"column":42}},"14":{"start":{"line":54,"column":10},"end":{"line":58,"column":11}},"15":{"start":{"line":55,"column":12},"end":{"line":55,"column":88}},"16":{"start":{"line":57,"column":12},"end":{"line":57,"column":null}},"17":{"start":{"line":60,"column":8},"end":{"line":62,"column":9}},"18":{"start":{"line":61,"column":10},"end":{"line":61,"column":22}},"19":{"start":{"line":66,"column":4},"end":{"line":66,"column":49}},"20":{"start":{"line":70,"column":4},"end":{"line":70,"column":null}},"21":{"start":{"line":74,"column":4},"end":{"line":76,"column":5}},"22":{"start":{"line":75,"column":6},"end":{"line":75,"column":null}},"23":{"start":{"line":78,"column":4},"end":{"line":80,"column":5}},"24":{"start":{"line":79,"column":6},"end":{"line":79,"column":null}},"25":{"start":{"line":84,"column":4},"end":{"line":84,"column":null}},"26":{"start":{"line":88,"column":4},"end":{"line":88,"column":null}},"27":{"start":{"line":21,"column":0},"end":{"line":21,"column":13}}},"fnMap":{"0":{"name":"(anonymous_1)","decl":{"start":{"line":25,"column":2},"end":{"line":25,"column":14}},"loc":{"start":{"line":25,"column":90},"end":{"line":32,"column":3}}},"1":{"name":"(anonymous_2)","decl":{"start":{"line":34,"column":2},"end":{"line":34,"column":7}},"loc":{"start":{"line":38,"column":31},"end":{"line":67,"column":3}}},"2":{"name":"(anonymous_3)","decl":{"start":{"line":69,"column":2},"end":{"line":69,"column":12}},"loc":{"start":{"line":69,"column":44},"end":{"line":71,"column":3}}},"3":{"name":"(anonymous_4)","decl":{"start":{"line":73,"column":2},"end":{"line":73,"column":9}},"loc":{"start":{"line":73,"column":50},"end":{"line":81,"column":3}}},"4":{"name":"(anonymous_5)","decl":{"start":{"line":83,"column":2},"end":{"line":83,"column":12}},"loc":{"start":{"line":83,"column":28},"end":{"line":85,"column":3}}},"5":{"name":"(anonymous_6)","decl":{"start":{"line":87,"column":2},"end":{"line":87,"column":12}},"loc":{"start":{"line":87,"column":28},"end":{"line":89,"column":3}}}},"branchMap":{"0":{"loc":{"start":{"line":29,"column":4},"end":{"line":31,"column":5}},"type":"if","locations":[{"start":{"line":29,"column":4},"end":{"line":31,"column":5}}]},"1":{"loc":{"start":{"line":52,"column":8},"end":{"line":59,"column":9}},"type":"if","locations":[{"start":{"line":52,"column":8},"end":{"line":59,"column":9}}]},"2":{"loc":{"start":{"line":52,"column":12},"end":{"line":52,"column":119}},"type":"binary-expr","locations":[{"start":{"line":52,"column":12},"end":{"line":52,"column":37}},{"start":{"line":52,"column":41},"end":{"line":52,"column":55}},{"start":{"line":52,"column":60},"end":{"line":52,"column":87}},{"start":{"line":52,"column":91},"end":{"line":52,"column":118}}]},"3":{"loc":{"start":{"line":54,"column":10},"end":{"line":58,"column":11}},"type":"if","locations":[{"start":{"line":54,"column":10},"end":{"line":58,"column":11}},{"start":{"line":56,"column":17},"end":{"line":58,"column":11}}]},"4":{"loc":{"start":{"line":54,"column":14},"end":{"line":54,"column":45}},"type":"binary-expr","locations":[{"start":{"line":54,"column":14},"end":{"line":54,"column":29}},{"start":{"line":54,"column":33},"end":{"line":54,"column":45}}]},"5":{"loc":{"start":{"line":60,"column":8},"end":{"line":62,"column":9}},"type":"if","locations":[{"start":{"line":60,"column":8},"end":{"line":62,"column":9}}]},"6":{"loc":{"start":{"line":74,"column":4},"end":{"line":76,"column":5}},"type":"if","locations":[{"start":{"line":74,"column":4},"end":{"line":76,"column":5}}]},"7":{"loc":{"start":{"line":78,"column":4},"end":{"line":80,"column":5}},"type":"if","locations":[{"start":{"line":78,"column":4},"end":{"line":80,"column":5}}]}},"s":{"0":6,"1":6,"2":0,"3":0,"4":0,"5":0,"6":0,"7":0,"8":0,"9":0,"10":0,"11":0,"12":0,"13":0,"14":0,"15":0,"16":0,"17":0,"18":0,"19":0,"20":0,"21":0,"22":0,"23":0,"24":0,"25":0,"26":0,"27":6},"f":{"0":0,"1":0,"2":0,"3":0,"4":0,"5":0},"b":{"0":[0],"1":[0],"2":[0,0,0,0],"3":[0,0],"4":[0,0],"5":[0],"6":[0],"7":[0]}}
,"/Users/robertyokota/code/work/confluent-kafka-javascript/schemaregistry/schemaregistry-client.ts": {"path":"/Users/robertyokota/code/work/confluent-kafka-javascript/schemaregistry/schemaregistry-client.ts","statementMap":{"0":{"start":{"line":64,"column":0},"end":{"line":64,"column":16}},"1":{"start":{"line":1,"column":0},"end":{"line":1,"column":59}},"2":{"start":{"line":3,"column":0},"end":{"line":3,"column":53}},"3":{"start":{"line":4,"column":0},"end":{"line":4,"column":37}},"4":{"start":{"line":5,"column":0},"end":{"line":5,"column":36}},"5":{"start":{"line":6,"column":0},"end":{"line":6,"column":56}},"6":{"start":{"line":17,"column":0},"end":{"line":17,"column":null}},"7":{"start":{"line":18,"column":2},"end":{"line":18,"column":null}},"8":{"start":{"line":19,"column":2},"end":{"line":19,"column":null}},"9":{"start":{"line":20,"column":2},"end":{"line":20,"column":null}},"10":{"start":{"line":21,"column":2},"end":{"line":21,"column":null}},"11":{"start":{"line":22,"column":2},"end":{"line":22,"column":null}},"12":{"start":{"line":23,"column":2},"end":{"line":23,"column":null}},"13":{"start":{"line":24,"column":2},"end":{"line":24,"column":null}},"14":{"start":{"line":46,"column":0},"end":{"line":46,"column":null}},"15":{"start":{"line":47,"column":2},"end":{"line":47,"column":null}},"16":{"start":{"line":48,"column":2},"end":{"line":48,"column":null}},"17":{"start":{"line":49,"column":2},"end":{"line":49,"column":null}},"18":{"start":{"line":50,"column":2},"end":{"line":50,"column":null}},"19":{"start":{"line":51,"column":2},"end":{"line":51,"column":null}},"20":{"start":{"line":52,"column":2},"end":{"line":52,"column":null}},"21":{"start":{"line":65,"column":2},"end":{"line":71,"column":null}},"22":{"start":{"line":161,"column":4},"end":{"line":161,"column":null}},"23":{"start":{"line":162,"column":25},"end":{"line":165,"column":6}},"24":{"start":{"line":167,"column":4},"end":{"line":167,"column":102}},"25":{"start":{"line":169,"column":4},"end":{"line":169,"column":54}},"26":{"start":{"line":170,"column":4},"end":{"line":170,"column":58}},"27":{"start":{"line":171,"column":4},"end":{"line":171,"column":56}},"28":{"start":{"line":172,"column":4},"end":{"line":172,"column":58}},"29":{"start":{"line":173,"column":4},"end":{"line":173,"column":59}},"30":{"start":{"line":174,"column":4},"end":{"line":174,"column":59}},"31":{"start":{"line":175,"column":4},"end":{"line":175,"column":60}},"32":{"start":{"line":176,"column":4},"end":{"line":176,"column":39}},"33":{"start":{"line":177,"column":4},"end":{"line":177,"column":43}},"34":{"start":{"line":178,"column":4},"end":{"line":178,"column":41}},"35":{"start":{"line":179,"column":4},"end":{"line":179,"column":43}},"36":{"start":{"line":180,"column":4},"end":{"line":180,"column":44}},"37":{"start":{"line":181,"column":4},"end":{"line":181,"column":44}},"38":{"start":{"line":182,"column":4},"end":{"line":182,"column":45}},"39":{"start":{"line":186,"column":14},"end":{"line":186,"column":32}},"40":{"start":{"line":187,"column":4},"end":{"line":189,"column":5}},"41":{"start":{"line":188,"column":6},"end":{"line":188,"column":null}},"42":{"start":{"line":190,"column":4},"end":{"line":190,"column":null}},"43":{"start":{"line":194,"column":4},"end":{"line":194,"column":null}},"44":{"start":{"line":198,"column":27},"end":{"line":198,"column":86}},"45":{"start":{"line":200,"column":4},"end":{"line":200,"column":29}},"46":{"start":{"line":204,"column":21},"end":{"line":204,"column":69}},"47":{"start":{"line":206,"column":4},"end":{"line":221,"column":7}},"48":{"start":{"line":207,"column":63},"end":{"line":207,"column":99}},"49":{"start":{"line":208,"column":6},"end":{"line":210,"column":7}},"50":{"start":{"line":209,"column":8},"end":{"line":209,"column":36}},"51":{"start":{"line":212,"column":6},"end":{"line":212,"column":44}},"52":{"start":{"line":214,"column":54},"end":{"line":217,"column":null}},"53":{"start":{"line":219,"column":6},"end":{"line":219,"column":58}},"54":{"start":{"line":220,"column":6},"end":{"line":220,"column":27}},"55":{"start":{"line":225,"column":21},"end":{"line":225,"column":47}},"56":{"start":{"line":226,"column":4},"end":{"line":242,"column":7}},"57":{"start":{"line":227,"column":51},"end":{"line":227,"column":89}},"58":{"start":{"line":228,"column":6},"end":{"line":230,"column":7}},"59":{"start":{"line":229,"column":8},"end":{"line":229,"column":28}},"60":{"start":{"line":232,"column":6},"end":{"line":232,"column":44}},"61":{"start":{"line":234,"column":22},"end":{"line":234,"column":63}},"62":{"start":{"line":236,"column":50},"end":{"line":238,"column":null}},"63":{"start":{"line":240,"column":6},"end":{"line":240,"column":60}},"64":{"start":{"line":241,"column":6},"end":{"line":241,"column":27}},"65":{"start":{"line":246,"column":21},"end":{"line":246,"column":69}},"66":{"start":{"line":248,"column":4},"end":{"line":263,"column":7}},"67":{"start":{"line":249,"column":43},"end":{"line":249,"column":77}},"68":{"start":{"line":250,"column":6},"end":{"line":252,"column":7}},"69":{"start":{"line":251,"column":8},"end":{"line":251,"column":24}},"70":{"start":{"line":254,"column":6},"end":{"line":254,"column":44}},"71":{"start":{"line":256,"column":54},"end":{"line":259,"column":null}},"72":{"start":{"line":261,"column":6},"end":{"line":261,"column":59}},"73":{"start":{"line":262,"column":6},"end":{"line":262,"column":30}},"74":{"start":{"line":267,"column":4},"end":{"line":281,"column":7}},"75":{"start":{"line":268,"column":55},"end":{"line":268,"column":92}},"76":{"start":{"line":269,"column":6},"end":{"line":271,"column":7}},"77":{"start":{"line":270,"column":8},"end":{"line":270,"column":28}},"78":{"start":{"line":273,"column":6},"end":{"line":273,"column":44}},"79":{"start":{"line":275,"column":54},"end":{"line":277,"column":null}},"80":{"start":{"line":279,"column":6},"end":{"line":279,"column":59}},"81":{"start":{"line":280,"column":6},"end":{"line":280,"column":27}},"82":{"start":{"line":285,"column":21},"end":{"line":285,"column":61}},"83":{"start":{"line":287,"column":4},"end":{"line":301,"column":7}},"84":{"start":{"line":288,"column":63},"end":{"line":288,"column":102}},"85":{"start":{"line":289,"column":6},"end":{"line":291,"column":7}},"86":{"start":{"line":290,"column":8},"end":{"line":290,"column":36}},"87":{"start":{"line":293,"column":6},"end":{"line":293,"column":44}},"88":{"start":{"line":295,"column":54},"end":{"line":297,"column":null}},"89":{"start":{"line":299,"column":6},"end":{"line":299,"column":61}},"90":{"start":{"line":300,"column":6},"end":{"line":300,"column":27}},"91":{"start":{"line":305,"column":21},"end":{"line":305,"column":62}},"92":{"start":{"line":307,"column":4},"end":{"line":329,"column":7}},"93":{"start":{"line":308,"column":63},"end":{"line":308,"column":103}},"94":{"start":{"line":309,"column":6},"end":{"line":311,"column":7}},"95":{"start":{"line":310,"column":8},"end":{"line":310,"column":36}},"96":{"start":{"line":313,"column":6},"end":{"line":313,"column":44}},"97":{"start":{"line":315,"column":24},"end":{"line":315,"column":26}},"98":{"start":{"line":317,"column":6},"end":{"line":321,"column":7}},"99":{"start":{"line":318,"column":27},"end":{"line":318,"column":50}},"100":{"start":{"line":319,"column":29},"end":{"line":319,"column":62}},"101":{"start":{"line":320,"column":8},"end":{"line":320,"column":66}},"102":{"start":{"line":323,"column":54},"end":{"line":325,"column":null}},"103":{"start":{"line":327,"column":6},"end":{"line":327,"column":62}},"104":{"start":{"line":328,"column":6},"end":{"line":328,"column":27}},"105":{"start":{"line":334,"column":46},"end":{"line":336,"column":null}},"106":{"start":{"line":338,"column":4},"end":{"line":338,"column":25}},"107":{"start":{"line":342,"column":21},"end":{"line":342,"column":69}},"108":{"start":{"line":344,"column":4},"end":{"line":359,"column":7}},"109":{"start":{"line":345,"column":48},"end":{"line":345,"column":87}},"110":{"start":{"line":346,"column":6},"end":{"line":348,"column":7}},"111":{"start":{"line":347,"column":8},"end":{"line":347,"column":29}},"112":{"start":{"line":350,"column":6},"end":{"line":350,"column":44}},"113":{"start":{"line":352,"column":54},"end":{"line":355,"column":null}},"114":{"start":{"line":357,"column":6},"end":{"line":357,"column":69}},"115":{"start":{"line":358,"column":6},"end":{"line":358,"column":36}},"116":{"start":{"line":363,"column":46},"end":{"line":365,"column":null}},"117":{"start":{"line":367,"column":4},"end":{"line":367,"column":25}},"118":{"start":{"line":371,"column":4},"end":{"line":378,"column":7}},"119":{"start":{"line":372,"column":6},"end":{"line":377,"column":9}},"120":{"start":{"line":373,"column":26},"end":{"line":373,"column":41}},"121":{"start":{"line":374,"column":8},"end":{"line":376,"column":9}},"122":{"start":{"line":375,"column":10},"end":{"line":375,"column":45}},"123":{"start":{"line":380,"column":4},"end":{"line":387,"column":7}},"124":{"start":{"line":381,"column":6},"end":{"line":386,"column":9}},"125":{"start":{"line":382,"column":26},"end":{"line":382,"column":41}},"126":{"start":{"line":383,"column":8},"end":{"line":385,"column":9}},"127":{"start":{"line":384,"column":10},"end":{"line":384,"column":48}},"128":{"start":{"line":389,"column":4},"end":{"line":396,"column":7}},"129":{"start":{"line":390,"column":6},"end":{"line":395,"column":9}},"130":{"start":{"line":391,"column":26},"end":{"line":391,"column":41}},"131":{"start":{"line":392,"column":8},"end":{"line":394,"column":9}},"132":{"start":{"line":393,"column":10},"end":{"line":393,"column":48}},"133":{"start":{"line":398,"column":4},"end":{"line":405,"column":7}},"134":{"start":{"line":399,"column":6},"end":{"line":404,"column":9}},"135":{"start":{"line":400,"column":26},"end":{"line":400,"column":41}},"136":{"start":{"line":401,"column":8},"end":{"line":403,"column":9}},"137":{"start":{"line":402,"column":10},"end":{"line":402,"column":47}},"138":{"start":{"line":407,"column":4},"end":{"line":407,"column":42}},"139":{"start":{"line":409,"column":46},"end":{"line":411,"column":null}},"140":{"start":{"line":413,"column":4},"end":{"line":413,"column":25}},"141":{"start":{"line":417,"column":4},"end":{"line":452,"column":7}},"142":{"start":{"line":420,"column":6},"end":{"line":438,"column":9}},"143":{"start":{"line":421,"column":26},"end":{"line":421,"column":41}},"144":{"start":{"line":422,"column":8},"end":{"line":437,"column":9}},"145":{"start":{"line":423,"column":10},"end":{"line":423,"column":48}},"146":{"start":{"line":424,"column":39},"end":{"line":424,"column":106}},"147":{"start":{"line":426,"column":10},"end":{"line":436,"column":13}},"148":{"start":{"line":427,"column":12},"end":{"line":427,"column":77}},"149":{"start":{"line":428,"column":12},"end":{"line":435,"column":13}},"150":{"start":{"line":429,"column":14},"end":{"line":429,"column":66}},"151":{"start":{"line":430,"column":33},"end":{"line":430,"column":86}},"152":{"start":{"line":432,"column":14},"end":{"line":434,"column":17}},"153":{"start":{"line":433,"column":16},"end":{"line":433,"column":60}},"154":{"start":{"line":440,"column":23},"end":{"line":440,"column":72}},"155":{"start":{"line":441,"column":6},"end":{"line":443,"column":9}},"156":{"start":{"line":442,"column":8},"end":{"line":442,"column":51}},"157":{"start":{"line":445,"column":6},"end":{"line":445,"column":44}},"158":{"start":{"line":447,"column":46},"end":{"line":449,"column":null}},"159":{"start":{"line":451,"column":6},"end":{"line":451,"column":27}},"160":{"start":{"line":456,"column":4},"end":{"line":456,"column":42}},"161":{"start":{"line":458,"column":58},"end":{"line":461,"column":null}},"162":{"start":{"line":463,"column":4},"end":{"line":463,"column":39}},"163":{"start":{"line":467,"column":4},"end":{"line":467,"column":42}},"164":{"start":{"line":469,"column":58},"end":{"line":472,"column":null}},"165":{"start":{"line":474,"column":4},"end":{"line":474,"column":39}},"166":{"start":{"line":478,"column":4},"end":{"line":478,"column":42}},"167":{"start":{"line":480,"column":56},"end":{"line":482,"column":null}},"168":{"start":{"line":484,"column":4},"end":{"line":484,"column":45}},"169":{"start":{"line":488,"column":4},"end":{"line":488,"column":42}},"170":{"start":{"line":490,"column":56},"end":{"line":493,"column":null}},"171":{"start":{"line":495,"column":4},"end":{"line":495,"column":40}},"172":{"start":{"line":499,"column":56},"end":{"line":501,"column":null}},"173":{"start":{"line":503,"column":4},"end":{"line":503,"column":45}},"174":{"start":{"line":507,"column":56},"end":{"line":510,"column":null}},"175":{"start":{"line":512,"column":4},"end":{"line":512,"column":40}},"176":{"start":{"line":516,"column":4},"end":{"line":516,"column":42}},"177":{"start":{"line":518,"column":50},"end":{"line":520,"column":null}},"178":{"start":{"line":522,"column":4},"end":{"line":522,"column":25}},"179":{"start":{"line":526,"column":50},"end":{"line":529,"column":null}},"180":{"start":{"line":531,"column":4},"end":{"line":531,"column":25}},"181":{"start":{"line":535,"column":50},"end":{"line":537,"column":null}},"182":{"start":{"line":539,"column":4},"end":{"line":539,"column":25}},"183":{"start":{"line":543,"column":50},"end":{"line":546,"column":null}},"184":{"start":{"line":548,"column":4},"end":{"line":548,"column":25}},"185":{"start":{"line":552,"column":4},"end":{"line":552,"column":35}},"186":{"start":{"line":553,"column":4},"end":{"line":553,"column":38}},"187":{"start":{"line":554,"column":4},"end":{"line":554,"column":38}},"188":{"start":{"line":555,"column":4},"end":{"line":555,"column":37}},"189":{"start":{"line":557,"column":4},"end":{"line":557,"column":11}},"190":{"start":{"line":562,"column":21},"end":{"line":562,"column":69}},"191":{"start":{"line":563,"column":4},"end":{"line":565,"column":7}},"192":{"start":{"line":564,"column":6},"end":{"line":564,"column":53}},"193":{"start":{"line":569,"column":21},"end":{"line":569,"column":69}},"194":{"start":{"line":570,"column":4},"end":{"line":572,"column":7}},"195":{"start":{"line":571,"column":6},"end":{"line":571,"column":55}},"196":{"start":{"line":576,"column":21},"end":{"line":576,"column":52}},"197":{"start":{"line":577,"column":4},"end":{"line":579,"column":7}},"198":{"start":{"line":578,"column":6},"end":{"line":578,"column":56}},"199":{"start":{"line":583,"column":21},"end":{"line":583,"column":47}},"200":{"start":{"line":584,"column":4},"end":{"line":586,"column":7}},"201":{"start":{"line":585,"column":6},"end":{"line":585,"column":53}},"202":{"start":{"line":590,"column":4},"end":{"line":592,"column":7}},"203":{"start":{"line":591,"column":6},"end":{"line":591,"column":41}},"204":{"start":{"line":596,"column":4},"end":{"line":598,"column":7}},"205":{"start":{"line":597,"column":6},"end":{"line":597,"column":44}},"206":{"start":{"line":602,"column":4},"end":{"line":604,"column":7}},"207":{"start":{"line":603,"column":6},"end":{"line":603,"column":44}},"208":{"start":{"line":608,"column":4},"end":{"line":610,"column":7}},"209":{"start":{"line":609,"column":6},"end":{"line":609,"column":43}},"210":{"start":{"line":140,"column":0},"end":{"line":140,"column":13}}},"fnMap":{"0":{"name":"(anonymous_1)","decl":{"start":{"line":17,"column":0},"end":{"line":17,"column":12}},"loc":{"start":{"line":17,"column":25},"end":{"line":25,"column":1}}},"1":{"name":"(anonymous_2)","decl":{"start":{"line":46,"column":0},"end":{"line":46,"column":12}},"loc":{"start":{"line":46,"column":20},"end":{"line":53,"column":1}}},"2":{"name":"minimize","decl":{"start":{"line":64,"column":16},"end":{"line":64,"column":24}},"loc":{"start":{"line":64,"column":41},"end":{"line":72,"column":1}}},"3":{"name":"(anonymous_4)","decl":{"start":{"line":160,"column":2},"end":{"line":160,"column":14}},"loc":{"start":{"line":160,"column":34},"end":{"line":183,"column":3}}},"4":{"name":"(anonymous_5)","decl":{"start":{"line":185,"column":2},"end":{"line":185,"column":8}},"loc":{"start":{"line":185,"column":39},"end":{"line":191,"column":3}}},"5":{"name":"(anonymous_6)","decl":{"start":{"line":193,"column":2},"end":{"line":193,"column":8}},"loc":{"start":{"line":193,"column":8},"end":{"line":195,"column":3}}},"6":{"name":"(anonymous_7)","decl":{"start":{"line":197,"column":2},"end":{"line":197,"column":7}},"loc":{"start":{"line":197,"column":80},"end":{"line":201,"column":3}}},"7":{"name":"(anonymous_8)","decl":{"start":{"line":203,"column":2},"end":{"line":203,"column":7}},"loc":{"start":{"line":203,"column":92},"end":{"line":222,"column":3}}},"8":{"name":"(anonymous_9)","decl":{"start":{"line":206,"column":53},"end":{"line":206,"column":58}},"loc":{"start":{"line":206,"column":64},"end":{"line":221,"column":5}}},"9":{"name":"(anonymous_10)","decl":{"start":{"line":224,"column":2},"end":{"line":224,"column":7}},"loc":{"start":{"line":224,"column":70},"end":{"line":243,"column":3}}},"10":{"name":"(anonymous_11)","decl":{"start":{"line":226,"column":55},"end":{"line":226,"column":60}},"loc":{"start":{"line":226,"column":66},"end":{"line":242,"column":5}}},"11":{"name":"(anonymous_12)","decl":{"start":{"line":245,"column":2},"end":{"line":245,"column":7}},"loc":{"start":{"line":245,"column":77},"end":{"line":264,"column":3}}},"12":{"name":"(anonymous_13)","decl":{"start":{"line":248,"column":51},"end":{"line":248,"column":56}},"loc":{"start":{"line":248,"column":62},"end":{"line":263,"column":5}}},"13":{"name":"(anonymous_14)","decl":{"start":{"line":266,"column":2},"end":{"line":266,"column":7}},"loc":{"start":{"line":266,"column":47},"end":{"line":282,"column":3}}},"14":{"name":"(anonymous_15)","decl":{"start":{"line":267,"column":55},"end":{"line":267,"column":60}},"loc":{"start":{"line":267,"column":66},"end":{"line":281,"column":5}}},"15":{"name":"(anonymous_16)","decl":{"start":{"line":284,"column":2},"end":{"line":284,"column":7}},"loc":{"start":{"line":284,"column":84},"end":{"line":302,"column":3}}},"16":{"name":"(anonymous_17)","decl":{"start":{"line":287,"column":56},"end":{"line":287,"column":61}},"loc":{"start":{"line":287,"column":67},"end":{"line":301,"column":5}}},"17":{"name":"(anonymous_18)","decl":{"start":{"line":304,"column":2},"end":{"line":304,"column":7}},"loc":{"start":{"line":304,"column":108},"end":{"line":330,"column":3}}},"18":{"name":"(anonymous_19)","decl":{"start":{"line":307,"column":57},"end":{"line":307,"column":62}},"loc":{"start":{"line":307,"column":68},"end":{"line":329,"column":5}}},"19":{"name":"(anonymous_20)","decl":{"start":{"line":333,"column":2},"end":{"line":333,"column":7}},"loc":{"start":{"line":333,"column":38},"end":{"line":339,"column":3}}},"20":{"name":"(anonymous_21)","decl":{"start":{"line":341,"column":2},"end":{"line":341,"column":7}},"loc":{"start":{"line":341,"column":82},"end":{"line":360,"column":3}}},"21":{"name":"(anonymous_22)","decl":{"start":{"line":344,"column":56},"end":{"line":344,"column":61}},"loc":{"start":{"line":344,"column":67},"end":{"line":359,"column":5}}},"22":{"name":"(anonymous_23)","decl":{"start":{"line":362,"column":2},"end":{"line":362,"column":7}},"loc":{"start":{"line":362,"column":22},"end":{"line":368,"column":3}}},"23":{"name":"(anonymous_24)","decl":{"start":{"line":370,"column":2},"end":{"line":370,"column":7}},"loc":{"start":{"line":370,"column":65},"end":{"line":414,"column":3}}},"24":{"name":"(anonymous_25)","decl":{"start":{"line":371,"column":46},"end":{"line":371,"column":51}},"loc":{"start":{"line":371,"column":57},"end":{"line":378,"column":5}}},"25":{"name":"(anonymous_26)","decl":{"start":{"line":372,"column":37},"end":{"line":372,"column":38}},"loc":{"start":{"line":372,"column":48},"end":{"line":377,"column":7}}},"26":{"name":"(anonymous_27)","decl":{"start":{"line":380,"column":49},"end":{"line":380,"column":54}},"loc":{"start":{"line":380,"column":60},"end":{"line":387,"column":5}}},"27":{"name":"(anonymous_28)","decl":{"start":{"line":381,"column":40},"end":{"line":381,"column":41}},"loc":{"start":{"line":381,"column":51},"end":{"line":386,"column":7}}},"28":{"name":"(anonymous_29)","decl":{"start":{"line":389,"column":49},"end":{"line":389,"column":54}},"loc":{"start":{"line":389,"column":60},"end":{"line":396,"column":5}}},"29":{"name":"(anonymous_30)","decl":{"start":{"line":390,"column":40},"end":{"line":390,"column":41}},"loc":{"start":{"line":390,"column":51},"end":{"line":395,"column":7}}},"30":{"name":"(anonymous_31)","decl":{"start":{"line":398,"column":48},"end":{"line":398,"column":53}},"loc":{"start":{"line":398,"column":59},"end":{"line":405,"column":5}}},"31":{"name":"(anonymous_32)","decl":{"start":{"line":399,"column":39},"end":{"line":399,"column":40}},"loc":{"start":{"line":399,"column":50},"end":{"line":404,"column":7}}},"32":{"name":"(anonymous_33)","decl":{"start":{"line":416,"column":2},"end":{"line":416,"column":7}},"loc":{"start":{"line":416,"column":89},"end":{"line":453,"column":3}}},"33":{"name":"(anonymous_34)","decl":{"start":{"line":417,"column":56},"end":{"line":417,"column":61}},"loc":{"start":{"line":417,"column":67},"end":{"line":452,"column":5}}},"34":{"name":"(anonymous_35)","decl":{"start":{"line":420,"column":40},"end":{"line":420,"column":41}},"loc":{"start":{"line":420,"column":55},"end":{"line":438,"column":7}}},"35":{"name":"(anonymous_36)","decl":{"start":{"line":426,"column":46},"end":{"line":426,"column":51}},"loc":{"start":{"line":426,"column":57},"end":{"line":436,"column":11}}},"36":{"name":"(anonymous_37)","decl":{"start":{"line":432,"column":52},"end":{"line":432,"column":57}},"loc":{"start":{"line":432,"column":63},"end":{"line":434,"column":15}}},"37":{"name":"(anonymous_38)","decl":{"start":{"line":441,"column":45},"end":{"line":441,"column":50}},"loc":{"start":{"line":441,"column":56},"end":{"line":443,"column":7}}},"38":{"name":"(anonymous_39)","decl":{"start":{"line":455,"column":2},"end":{"line":455,"column":7}},"loc":{"start":{"line":455,"column":68},"end":{"line":464,"column":3}}},"39":{"name":"(anonymous_40)","decl":{"start":{"line":466,"column":2},"end":{"line":466,"column":7}},"loc":{"start":{"line":466,"column":78},"end":{"line":475,"column":3}}},"40":{"name":"(anonymous_41)","decl":{"start":{"line":477,"column":2},"end":{"line":477,"column":7}},"loc":{"start":{"line":477,"column":40},"end":{"line":485,"column":3}}},"41":{"name":"(anonymous_42)","decl":{"start":{"line":487,"column":2},"end":{"line":487,"column":7}},"loc":{"start":{"line":487,"column":66},"end":{"line":496,"column":3}}},"42":{"name":"(anonymous_43)","decl":{"start":{"line":498,"column":2},"end":{"line":498,"column":7}},"loc":{"start":{"line":498,"column":31},"end":{"line":504,"column":3}}},"43":{"name":"(anonymous_44)","decl":{"start":{"line":506,"column":2},"end":{"line":506,"column":7}},"loc":{"start":{"line":506,"column":56},"end":{"line":513,"column":3}}},"44":{"name":"(anonymous_45)","decl":{"start":{"line":515,"column":2},"end":{"line":515,"column":7}},"loc":{"start":{"line":515,"column":33},"end":{"line":523,"column":3}}},"45":{"name":"(anonymous_46)","decl":{"start":{"line":525,"column":2},"end":{"line":525,"column":7}},"loc":{"start":{"line":525,"column":58},"end":{"line":532,"column":3}}},"46":{"name":"(anonymous_47)","decl":{"start":{"line":534,"column":2},"end":{"line":534,"column":7}},"loc":{"start":{"line":534,"column":24},"end":{"line":540,"column":3}}},"47":{"name":"(anonymous_48)","decl":{"start":{"line":542,"column":2},"end":{"line":542,"column":7}},"loc":{"start":{"line":542,"column":48},"end":{"line":549,"column":3}}},"48":{"name":"(anonymous_49)","decl":{"start":{"line":551,"column":2},"end":{"line":551,"column":7}},"loc":{"start":{"line":551,"column":7},"end":{"line":558,"column":3}}},"49":{"name":"(anonymous_50)","decl":{"start":{"line":561,"column":2},"end":{"line":561,"column":7}},"loc":{"start":{"line":561,"column":92},"end":{"line":566,"column":3}}},"50":{"name":"(anonymous_51)","decl":{"start":{"line":563,"column":46},"end":{"line":563,"column":51}},"loc":{"start":{"line":563,"column":57},"end":{"line":565,"column":5}}},"51":{"name":"(anonymous_52)","decl":{"start":{"line":568,"column":2},"end":{"line":568,"column":7}},"loc":{"start":{"line":568,"column":86},"end":{"line":573,"column":3}}},"52":{"name":"(anonymous_53)","decl":{"start":{"line":570,"column":49},"end":{"line":570,"column":54}},"loc":{"start":{"line":570,"column":60},"end":{"line":572,"column":5}}},"53":{"name":"(anonymous_54)","decl":{"start":{"line":575,"column":2},"end":{"line":575,"column":7}},"loc":{"start":{"line":575,"column":92},"end":{"line":580,"column":3}}},"54":{"name":"(anonymous_55)","decl":{"start":{"line":577,"column":49},"end":{"line":577,"column":54}},"loc":{"start":{"line":577,"column":60},"end":{"line":579,"column":5}}},"55":{"name":"(anonymous_56)","decl":{"start":{"line":582,"column":2},"end":{"line":582,"column":7}},"loc":{"start":{"line":582,"column":80},"end":{"line":587,"column":3}}},"56":{"name":"(anonymous_57)","decl":{"start":{"line":584,"column":48},"end":{"line":584,"column":53}},"loc":{"start":{"line":584,"column":59},"end":{"line":586,"column":5}}},"57":{"name":"(anonymous_58)","decl":{"start":{"line":589,"column":2},"end":{"line":589,"column":7}},"loc":{"start":{"line":589,"column":32},"end":{"line":593,"column":3}}},"58":{"name":"(anonymous_59)","decl":{"start":{"line":590,"column":53},"end":{"line":590,"column":58}},"loc":{"start":{"line":590,"column":64},"end":{"line":592,"column":5}}},"59":{"name":"(anonymous_60)","decl":{"start":{"line":595,"column":2},"end":{"line":595,"column":7}},"loc":{"start":{"line":595,"column":35},"end":{"line":599,"column":3}}},"60":{"name":"(anonymous_61)","decl":{"start":{"line":596,"column":56},"end":{"line":596,"column":61}},"loc":{"start":{"line":596,"column":67},"end":{"line":598,"column":5}}},"61":{"name":"(anonymous_62)","decl":{"start":{"line":601,"column":2},"end":{"line":601,"column":7}},"loc":{"start":{"line":601,"column":35},"end":{"line":605,"column":3}}},"62":{"name":"(anonymous_63)","decl":{"start":{"line":602,"column":56},"end":{"line":602,"column":61}},"loc":{"start":{"line":602,"column":67},"end":{"line":604,"column":5}}},"63":{"name":"(anonymous_64)","decl":{"start":{"line":607,"column":2},"end":{"line":607,"column":7}},"loc":{"start":{"line":607,"column":34},"end":{"line":611,"column":3}}},"64":{"name":"(anonymous_65)","decl":{"start":{"line":608,"column":55},"end":{"line":608,"column":60}},"loc":{"start":{"line":608,"column":66},"end":{"line":610,"column":5}}}},"branchMap":{"0":{"loc":{"start":{"line":17,"column":12},"end":{"line":17,"column":null}},"type":"binary-expr","locations":[{"start":{"line":17,"column":12},"end":{"line":17,"column":25}},{"start":{"line":17,"column":25},"end":{"line":17,"column":null}}]},"1":{"loc":{"start":{"line":46,"column":12},"end":{"line":46,"column":null}},"type":"binary-expr","locations":[{"start":{"line":46,"column":12},"end":{"line":46,"column":20}},{"start":{"line":46,"column":20},"end":{"line":46,"column":null}}]},"2":{"loc":{"start":{"line":164,"column":10},"end":{"line":164,"column":97}},"type":"binary-expr","locations":[{"start":{"line":164,"column":10},"end":{"line":164,"column":49}},{"start":{"line":164,"column":53},"end":{"line":164,"column":97}}]},"3":{"loc":{"start":{"line":187,"column":4},"end":{"line":189,"column":5}},"type":"if","locations":[{"start":{"line":187,"column":4},"end":{"line":189,"column":5}}]},"4":{"loc":{"start":{"line":197,"column":54},"end":{"line":197,"column":80}},"type":"default-arg","locations":[{"start":{"line":197,"column":75},"end":{"line":197,"column":80}}]},"5":{"loc":{"start":{"line":203,"column":66},"end":{"line":203,"column":92}},"type":"default-arg","locations":[{"start":{"line":203,"column":87},"end":{"line":203,"column":92}}]},"6":{"loc":{"start":{"line":208,"column":6},"end":{"line":210,"column":7}},"type":"if","locations":[{"start":{"line":208,"column":6},"end":{"line":210,"column":7}}]},"7":{"loc":{"start":{"line":228,"column":6},"end":{"line":230,"column":7}},"type":"if","locations":[{"start":{"line":228,"column":6},"end":{"line":230,"column":7}}]},"8":{"loc":{"start":{"line":234,"column":22},"end":{"line":234,"column":63}},"type":"cond-expr","locations":[{"start":{"line":234,"column":39},"end":{"line":234,"column":58}},{"start":{"line":234,"column":61},"end":{"line":234,"column":63}}]},"9":{"loc":{"start":{"line":245,"column":51},"end":{"line":245,"column":77}},"type":"default-arg","locations":[{"start":{"line":245,"column":72},"end":{"line":245,"column":77}}]},"10":{"loc":{"start":{"line":250,"column":6},"end":{"line":252,"column":7}},"type":"if","locations":[{"start":{"line":250,"column":6},"end":{"line":252,"column":7}}]},"11":{"loc":{"start":{"line":269,"column":6},"end":{"line":271,"column":7}},"type":"if","locations":[{"start":{"line":269,"column":6},"end":{"line":271,"column":7}}]},"12":{"loc":{"start":{"line":284,"column":60},"end":{"line":284,"column":84}},"type":"default-arg","locations":[{"start":{"line":284,"column":79},"end":{"line":284,"column":84}}]},"13":{"loc":{"start":{"line":289,"column":6},"end":{"line":291,"column":7}},"type":"if","locations":[{"start":{"line":289,"column":6},"end":{"line":291,"column":7}}]},"14":{"loc":{"start":{"line":304,"column":84},"end":{"line":304,"column":108}},"type":"default-arg","locations":[{"start":{"line":304,"column":103},"end":{"line":304,"column":108}}]},"15":{"loc":{"start":{"line":309,"column":6},"end":{"line":311,"column":7}},"type":"if","locations":[{"start":{"line":309,"column":6},"end":{"line":311,"column":7}}]},"16":{"loc":{"start":{"line":341,"column":56},"end":{"line":341,"column":82}},"type":"default-arg","locations":[{"start":{"line":341,"column":77},"end":{"line":341,"column":82}}]},"17":{"loc":{"start":{"line":346,"column":6},"end":{"line":348,"column":7}},"type":"if","locations":[{"start":{"line":346,"column":6},"end":{"line":348,"column":7}}]},"18":{"loc":{"start":{"line":370,"column":39},"end":{"line":370,"column":65}},"type":"default-arg","locations":[{"start":{"line":370,"column":60},"end":{"line":370,"column":65}}]},"19":{"loc":{"start":{"line":374,"column":8},"end":{"line":376,"column":9}},"type":"if","locations":[{"start":{"line":374,"column":8},"end":{"line":376,"column":9}}]},"20":{"loc":{"start":{"line":383,"column":8},"end":{"line":385,"column":9}},"type":"if","locations":[{"start":{"line":383,"column":8},"end":{"line":385,"column":9}}]},"21":{"loc":{"start":{"line":392,"column":8},"end":{"line":394,"column":9}},"type":"if","locations":[{"start":{"line":392,"column":8},"end":{"line":394,"column":9}}]},"22":{"loc":{"start":{"line":401,"column":8},"end":{"line":403,"column":9}},"type":"if","locations":[{"start":{"line":401,"column":8},"end":{"line":403,"column":9}}]},"23":{"loc":{"start":{"line":416,"column":63},"end":{"line":416,"column":89}},"type":"default-arg","locations":[{"start":{"line":416,"column":84},"end":{"line":416,"column":89}}]},"24":{"loc":{"start":{"line":422,"column":8},"end":{"line":437,"column":9}},"type":"if","locations":[{"start":{"line":422,"column":8},"end":{"line":437,"column":9}}]},"25":{"loc":{"start":{"line":422,"column":12},"end":{"line":422,"column":62}},"type":"binary-expr","locations":[{"start":{"line":422,"column":12},"end":{"line":422,"column":41}},{"start":{"line":422,"column":45},"end":{"line":422,"column":62}}]},"26":{"loc":{"start":{"line":428,"column":12},"end":{"line":435,"column":13}},"type":"if","locations":[{"start":{"line":428,"column":12},"end":{"line":435,"column":13}}]}},"s":{"0":5,"1":5,"2":5,"3":5,"4":5,"5":5,"6":5,"7":5,"8":5,"9":5,"10":5,"11":5,"12":5,"13":5,"14":5,"15":5,"16":5,"17":5,"18":5,"19":5,"20":5,"21":99,"22":26,"23":26,"24":26,"25":26,"26":26,"27":26,"28":26,"29":26,"30":26,"31":26,"32":26,"33":26,"34":26,"35":26,"36":26,"37":26,"38":26,"39":9,"40":9,"41":9,"42":0,"43":0,"44":5,"45":5,"46":10,"47":10,"48":10,"49":10,"50":4,"51":6,"52":6,"53":6,"54":6,"55":5,"56":5,"57":5,"58":5,"59":2,"60":3,"61":3,"62":3,"63":3,"64":3,"65":5,"66":5,"67":5,"68":5,"69":2,"70":3,"71":3,"72":3,"73":3,"74":0,"75":0,"76":0,"77":0,"78":0,"79":0,"80":0,"81":0,"82":5,"83":5,"84":5,"85":5,"86":2,"87":3,"88":3,"89":3,"90":3,"91":5,"92":5,"93":5,"94":5,"95":2,"96":3,"97":3,"98":3,"99":6,"100":6,"101":6,"102":3,"103":3,"104":3,"105":1,"106":1,"107":5,"108":5,"109":5,"110":5,"111":2,"112":3,"113":3,"114":3,"115":3,"116":1,"117":1,"118":1,"119":1,"120":1,"121":1,"122":1,"123":1,"124":1,"125":1,"126":1,"127":1,"128":1,"129":1,"130":1,"131":1,"132":1,"133":1,"134":1,"135":1,"136":1,"137":1,"138":1,"139":1,"140":1,"141":1,"142":1,"143":1,"144":1,"145":1,"146":1,"147":1,"148":1,"149":1,"150":1,"151":1,"152":1,"153":1,"154":1,"155":1,"156":1,"157":1,"158":1,"159":1,"160":0,"161":0,"162":0,"163":0,"164":0,"165":0,"166":1,"167":1,"168":1,"169":1,"170":1,"171":1,"172":1,"173":1,"174":1,"175":1,"176":1,"177":1,"178":1,"179":1,"180":1,"181":1,"182":1,"183":1,"184":1,"185":0,"186":0,"187":0,"188":0,"189":0,"190":2,"191":2,"192":2,"193":2,"194":2,"195":2,"196":2,"197":2,"198":2,"199":2,"200":2,"201":2,"202":2,"203":2,"204":2,"205":2,"206":2,"207":2,"208":2,"209":2,"210":5},"f":{"0":5,"1":5,"2":99,"3":26,"4":9,"5":0,"6":5,"7":10,"8":10,"9":5,"10":5,"11":5,"12":5,"13":0,"14":0,"15":5,"16":5,"17":5,"18":5,"19":1,"20":5,"21":5,"22":1,"23":1,"24":1,"25":1,"26":1,"27":1,"28":1,"29":1,"30":1,"31":1,"32":1,"33":1,"34":1,"35":1,"36":1,"37":1,"38":0,"39":0,"40":1,"41":1,"42":1,"43":1,"44":1,"45":1,"46":1,"47":1,"48":0,"49":2,"50":2,"51":2,"52":2,"53":2,"54":2,"55":2,"56":2,"57":2,"58":2,"59":2,"60":2,"61":2,"62":2,"63":2,"64":2},"b":{"0":[5,5],"1":[5,5],"2":[26,26],"3":[9],"4":[5],"5":[5],"6":[4],"7":[2],"8":[0,3],"9":[5],"10":[2],"11":[0],"12":[0],"13":[2],"14":[5],"15":[2],"16":[0],"17":[2],"18":[1],"19":[1],"20":[1],"21":[1],"22":[1],"23":[1],"24":[1],"25":[1,1],"26":[1]}}
,"/Users/robertyokota/code/work/confluent-kafka-javascript/schemaregistry/confluent/meta_pb.ts": {"path":"/Users/robertyokota/code/work/confluent-kafka-javascript/schemaregistry/confluent/meta_pb.ts","statementMap":{"0":{"start":{"line":6,"column":0},"end":{"line":6,"column":78}},"1":{"start":{"line":8,"column":0},"end":{"line":8,"column":73}},"2":{"start":{"line":14,"column":13},"end":{"line":15,"column":846}},"3":{"start":{"line":41,"column":13},"end":{"line":42,"column":38}},"4":{"start":{"line":47,"column":13},"end":{"line":48,"column":34}},"5":{"start":{"line":53,"column":13},"end":{"line":54,"column":34}},"6":{"start":{"line":59,"column":13},"end":{"line":60,"column":34}},"7":{"start":{"line":65,"column":13},"end":{"line":66,"column":34}},"8":{"start":{"line":71,"column":13},"end":{"line":72,"column":34}}},"fnMap":{},"branchMap":{},"s":{"0":1,"1":1,"2":1,"3":1,"4":1,"5":1,"6":1,"7":1,"8":1},"f":{},"b":{}}
,"/Users/robertyokota/code/work/confluent-kafka-javascript/schemaregistry/confluent/types/decimal_pb.ts": {"path":"/Users/robertyokota/code/work/confluent-kafka-javascript/schemaregistry/confluent/types/decimal_pb.ts","statementMap":{"0":{"start":{"line":6,"column":0},"end":{"line":6,"column":69}},"1":{"start":{"line":12,"column":13},"end":{"line":13,"column":185}},"2":{"start":{"line":45,"column":13},"end":{"line":46,"column":47}}},"fnMap":{},"branchMap":{},"s":{"0":1,"1":1,"2":1},"f":{},"b":{}}
,"/Users/robertyokota/code/work/confluent-kafka-javascript/schemaregistry/dekregistry/constants.ts": {"path":"/Users/robertyokota/code/work/confluent-kafka-javascript/schemaregistry/dekregistry/constants.ts","statementMap":{"0":{"start":{"line":1,"column":16},"end":{"line":1,"column":27}},"1":{"start":{"line":4,"column":4},"end":{"line":4,"column":11}}},"fnMap":{},"branchMap":{},"s":{"0":5,"1":5},"f":{},"b":{}}
,"/Users/robertyokota/code/work/confluent-kafka-javascript/schemaregistry/dekregistry/dekregistry-client.ts": {"path":"/Users/robertyokota/code/work/confluent-kafka-javascript/schemaregistry/dekregistry/dekregistry-client.ts","statementMap":{"0":{"start":{"line":1,"column":0},"end":{"line":1,"column":37}},"1":{"start":{"line":2,"column":0},"end":{"line":2,"column":36}},"2":{"start":{"line":3,"column":0},"end":{"line":3,"column":60}},"3":{"start":{"line":4,"column":0},"end":{"line":4,"column":53}},"4":{"start":{"line":5,"column":0},"end":{"line":5,"column":64}},"5":{"start":{"line":67,"column":25},"end":{"line":70,"column":6}},"6":{"start":{"line":73,"column":4},"end":{"line":73,"column":102}},"7":{"start":{"line":74,"column":4},"end":{"line":74,"column":60}},"8":{"start":{"line":75,"column":4},"end":{"line":75,"column":60}},"9":{"start":{"line":76,"column":4},"end":{"line":76,"column":32}},"10":{"start":{"line":77,"column":4},"end":{"line":77,"column":32}},"11":{"start":{"line":81,"column":14},"end":{"line":81,"column":32}},"12":{"start":{"line":82,"column":4},"end":{"line":84,"column":5}},"13":{"start":{"line":83,"column":6},"end":{"line":83,"column":null}},"14":{"start":{"line":85,"column":4},"end":{"line":85,"column":null}},"15":{"start":{"line":89,"column":4},"end":{"line":91,"column":5}},"16":{"start":{"line":90,"column":6},"end":{"line":90,"column":18}},"17":{"start":{"line":93,"column":4},"end":{"line":103,"column":5}},"18":{"start":{"line":94,"column":6},"end":{"line":102,"column":7}},"19":{"start":{"line":95,"column":22},"end":{"line":95,"column":69}},"20":{"start":{"line":96,"column":8},"end":{"line":96,"column":46}},"21":{"start":{"line":98,"column":8},"end":{"line":100,"column":9}},"22":{"start":{"line":99,"column":10},"end":{"line":99,"column":76}},"23":{"start":{"line":101,"column":8},"end":{"line":101,"column":49}},"24":{"start":{"line":105,"column":4},"end":{"line":105,"column":41}},"25":{"start":{"line":109,"column":4},"end":{"line":111,"column":5}},"26":{"start":{"line":110,"column":6},"end":{"line":110,"column":18}},"27":{"start":{"line":113,"column":4},"end":{"line":123,"column":5}},"28":{"start":{"line":114,"column":6},"end":{"line":122,"column":7}},"29":{"start":{"line":115,"column":22},"end":{"line":115,"column":60}},"30":{"start":{"line":116,"column":8},"end":{"line":116,"column":37}},"31":{"start":{"line":118,"column":8},"end":{"line":120,"column":9}},"32":{"start":{"line":119,"column":10},"end":{"line":119,"column":76}},"33":{"start":{"line":121,"column":8},"end":{"line":121,"column":49}},"34":{"start":{"line":125,"column":4},"end":{"line":125,"column":32}},"35":{"start":{"line":129,"column":4},"end":{"line":132,"column":5}},"36":{"start":{"line":130,"column":18},"end":{"line":130,"column":53}},"37":{"start":{"line":131,"column":6},"end":{"line":131,"column":28}},"38":{"start":{"line":137,"column":21},"end":{"line":137,"column":56}},"39":{"start":{"line":139,"column":4},"end":{"line":160,"column":7}},"40":{"start":{"line":140,"column":18},"end":{"line":140,"column":45}},"41":{"start":{"line":141,"column":6},"end":{"line":143,"column":7}},"42":{"start":{"line":142,"column":8},"end":{"line":142,"column":19}},"43":{"start":{"line":145,"column":40},"end":{"line":152,"column":8}},"44":{"start":{"line":154,"column":23},"end":{"line":157,"column":16}},"45":{"start":{"line":158,"column":6},"end":{"line":158,"column":49}},"46":{"start":{"line":159,"column":6},"end":{"line":159,"column":27}},"47":{"start":{"line":164,"column":21},"end":{"line":164,"column":49}},"48":{"start":{"line":166,"column":4},"end":{"line":178,"column":7}},"49":{"start":{"line":167,"column":18},"end":{"line":167,"column":45}},"50":{"start":{"line":168,"column":6},"end":{"line":170,"column":7}},"51":{"start":{"line":169,"column":8},"end":{"line":169,"column":19}},"52":{"start":{"line":171,"column":6},"end":{"line":171,"column":38}},"53":{"start":{"line":173,"column":23},"end":{"line":175,"column":14}},"54":{"start":{"line":176,"column":6},"end":{"line":176,"column":
[...]
","locations":[{"start":{"line":321,"column":10},"end":{"line":321,"column":27}},{"start":{"line":321,"column":31},"end":{"line":321,"column":59}}]},"44":{"loc":{"start":{"line":328,"column":10},"end":{"line":328,"column":62}},"type":"binary-expr","locations":[{"start":{"line":328,"column":10},"end":{"line":328,"column":27}},{"start":{"line":328,"column":31},"end":{"line":328,"column":62}}]},"45":{"loc":{"start":{"line":336,"column":4},"end":{"line":338,"column":5}},"type":"if","locations":[{"start":{"line":336,"column":4},"end":{"line":338,"column":5}}]},"46":{"loc":{"start":{"line":341,"column":6},"end":{"line":343,"column":7}},"type":"if","locations":[{"start":{"line":341,"column":6},"end":{"line":343,"column":7}}]},"47":{"loc":{"start":{"line":341,"column":10},"end":{"line":341,"column":38}},"type":"binary-expr","locations":[{"start":{"line":341,"column":10},"end":{"line":341,"column":18}},{"start":{"line":341,"column":22},"end":{"line":341,"column":38}}]},"48":{"loc":{"start":{"line":363,"column":4},"end":{"line":373,"column":5}},"type":"if","locations":[{"start":{"line":363,"column":4},"end":{"line":373,"column":5}},{"start":{"line":367,"column":11},"end":{"line":373,"column":5}}]},"49":{"loc":{"start":{"line":367,"column":11},"end":{"line":373,"column":5}},"type":"if","locations":[{"start":{"line":367,"column":11},"end":{"line":373,"column":5}},{"start":{"line":371,"column":11},"end":{"line":373,"column":5}}]},"50":{"loc":{"start":{"line":378,"column":6},"end":{"line":381,"column":7}},"type":"if","locations":[{"start":{"line":378,"column":6},"end":{"line":381,"column":7}}]},"51":{"loc":{"start":{"line":382,"column":6},"end":{"line":398,"column":7}},"type":"if","locations":[{"start":{"line":382,"column":6},"end":{"line":398,"column":7}}]},"52":{"loc":{"start":{"line":382,"column":10},"end":{"line":382,"column":82}},"type":"binary-expr","locations":[{"start":{"line":382,"column":10},"end":{"line":382,"column":33}},{"start":{"line":382,"column":37},"end":{"line":382,"column":82}}]},"53":{"loc":{"start":{"line":384,"column":8},"end":{"line":396,"column":9}},"type":"if","locations":[{"start":{"line":384,"column":8},"end":{"line":396,"column":9}},{"start":{"line":390,"column":15},"end":{"line":396,"column":9}}]},"54":{"loc":{"start":{"line":401,"column":4},"end":{"line":403,"column":5}},"type":"if","locations":[{"start":{"line":401,"column":4},"end":{"line":403,"column":5}}]},"55":{"loc":{"start":{"line":409,"column":4},"end":{"line":411,"column":5}},"type":"if","locations":[{"start":{"line":409,"column":4},"end":{"line":411,"column":5}}]},"56":{"loc":{"start":{"line":441,"column":2},"end":{"line":443,"column":3}},"type":"if","locations":[{"start":{"line":441,"column":2},"end":{"line":443,"column":3}}]},"57":{"loc":{"start":{"line":481,"column":4},"end":{"line":483,"column":5}},"type":"if","locations":[{"start":{"line":481,"column":4},"end":{"line":483,"column":5}}]},"58":{"loc":{"start":{"line":485,"column":4},"end":{"line":487,"column":5}},"type":"if","locations":[{"start":{"line":485,"column":4},"end":{"line":487,"column":5}}]},"59":{"loc":{"start":{"line":489,"column":4},"end":{"line":494,"column":5}},"type":"if","locations":[{"start":{"line":489,"column":4},"end":{"line":494,"column":5}}]},"60":{"loc":{"start":{"line":489,"column":8},"end":{"line":489,"column":55}},"type":"binary-expr","locations":[{"start":{"line":489,"column":8},"end":{"line":489,"column":24}},{"start":{"line":489,"column":28},"end":{"line":489,"column":55}}]},"61":{"loc":{"start":{"line":491,"column":6},"end":{"line":493,"column":7}},"type":"if","locations":[{"start":{"line":491,"column":6},"end":{"line":493,"column":7}}]},"62":{"loc":{"start":{"line":500,"column":4},"end":{"line":502,"column":5}},"type":"if","locations":[{"start":{"line":500,"column":4},"end":{"line":502,"column":5}}]},"63":{"loc":{"start":{"line":508,"column":4},"end":{"line":510,"column":5}},"type":"if","locations":[{"start":{"line":508,"column":4},"end":{"line":510,"column":5}}]},"64":{"loc":{"start":{"line":533,"column":4},"end":{"line":541,"column":5}},"type":"if","locations":[{"start":{"line":533,"column":4},"end":{"line":541,"column":5}}]},"65":{"loc":{"start":{"line":535,"column":8},"end":{"line":539,"column":9}},"type":"if","locations":[{"start":{"line":535,"column":8},"end":{"line":539,"column":9}}]},"66":{"loc":{"start":{"line":585,"column":4},"end":{"line":606,"column":5}},"type":"switch","locations":[{"start":{"line":586,"column":6},"end":{"line":586,"column":26}},{"start":{"line":587,"column":6},"end":{"line":595,"column":13}},{"start":{"line":596,"column":6},"end":{"line":596,"column":25}},{"start":{"line":597,"column":6},"end":{"line":605,"column":13}}]},"67":{"loc":{"start":{"line":590,"column":10},"end":{"line":593,"column":11}},"type":"if","locations":[{"start":{"line":590,"column":10},"end":{"line":593,"column":11}}]},"68":{"loc":{"start":{"line":600,"column":10},"end":{"line":603,"column":11}},"type":"if","locations":[{"start":{"line":600,"column":10},"end":{"line":603,"column":11}}]},"69":{"loc":{"start":{"line":615,"column":9},"end":{"line":620,"column":32}},"type":"binary-expr","locations":[{"start":{"line":615,"column":9},"end":{"line":615,"column":27}},{"start":{"line":615,"column":31},"end":{"line":615,"column":52}},{"start":{"line":616,"column":7},"end":{"line":616,"column":33}},{"start":{"line":617,"column":7},"end":{"line":617,"column":32}},{"start":{"line":618,"column":7},"end":{"line":618,"column":32}},{"start":{"line":619,"column":7},"end":{"line":619,"column":32}},{"start":{"line":620,"column":7},"end":{"line":620,"column":32}}]},"70":{"loc":{"start":{"line":641,"column":11},"end":{"line":643,"column":56}},"type":"binary-expr","locations":[{"start":{"line":641,"column":11},"end":{"line":641,"column":33}},{"start":{"line":641,"column":37},"end":{"line":641,"column":58}},{"start":{"line":641,"column":62},"end":{"line":641,"column":81}},{"start":{"line":642,"column":9},"end":{"line":642,"column":29}},{"start":{"line":642,"column":33},"end":{"line":642,"column":54}},{"start":{"line":642,"column":58},"end":{"line":642,"column":80}},{"start":{"line":643,"column":9},"end":{"line":643,"column":32}},{"start":{"line":643,"column":36},"end":{"line":643,"column":56}}]},"71":{"loc":{"start":{"line":652,"column":12},"end":{"line":652,"column":null}},"type":"binary-expr","locations":[{"start":{"line":652,"column":12},"end":{"line":652,"column":21}},{"start":{"line":652,"column":21},"end":{"line":652,"column":null}}]},"72":{"loc":{"start":{"line":727,"column":4},"end":{"line":732,"column":5}},"type":"if","locations":[{"start":{"line":727,"column":4},"end":{"line":732,"column":5}}]},"73":{"loc":{"start":{"line":728,"column":6},"end":{"line":730,"column":7}},"type":"if","locations":[{"start":{"line":728,"column":6},"end":{"line":730,"column":7}}]}},"s":{"0":3,"1":3,"2":3,"3":3,"4":3,"5":3,"6":3,"7":0,"8":3,"9":15,"10":15,"11":15,"12":15,"13":0,"14":30,"15":30,"16":11,"17":11,"18":10,"19":1,"20":0,"21":0,"22":0,"23":0,"24":15,"25":0,"26":15,"27":0,"28":0,"29":0,"30":0,"31":15,"32":15,"33":9,"34":15,"35":15,"36":6,"37":9,"38":9,"39":9,"40":9,"41":0,"42":9,"43":9,"44":9,"45":0,"46":9,"47":0,"48":0,"49":0,"50":0,"51":0,"52":0,"53":9,"54":9,"55":9,"56":0,"57":0,"58":9,"59":9,"60":9,"61":0,"62":0,"63":0,"64":9,"65":9,"66":9,"67":0,"68":0,"69":0,"70":9,"71":9,"72":9,"73":9,"74":9,"75":9,"76":0,"77":9,"78":9,"79":0,"80":0,"81":0,"82":9,"83":9,"84":0,"85":0,"86":0,"87":0,"88":0,"89":0,"90":9,"91":0,"92":9,"93":9,"94":0,"95":3,"96":6,"97":36,"98":6,"99":6,"100":6,"101":6,"102":6,"103":6,"104":6,"105":6,"106":3,"107":3,"108":0,"109":0,"110":0,"111":0,"112":3,"113":0,"114":0,"115":3,"116":3,"117":3,"118":0,"119":6,"120":6,"121":6,"122":6,"123":3,"124":9,"125":24,"126":9,"127":9,"128":0,"129":9,"130":9,"131":9,"132":9,"133":9,"134":9,"135":0,"136":9,"137":0,"138":9,"139":0,"140":0,"141":0,"142":0,"143":0,"144":0,"145":0,"146":0,"147":0,"148":0,"149":0,"150":0,"151":0,"152":0,"153":0,"154":0,"155":0,"156":0,"157":0,"158":0,"159":0,"160":0,"161":0,"162":0,"163":0,"164":0,"165":0,"166":0,"167":0,"168":0,"169":0,"170":0,"171":0,"172":0,"173":0,"174":0,"175":0,"176":0,"177":0,"178":0,"179":0,"180":0,"181":0,"182":0,"183":0,"184":0,"185":0,"186":0,"187":0,"188":0,"189":0,"190":0,"191":0,"192":0,"193":0,"194":0,"195":0,"196":0,"197":0,"198":3,"199":3,"200":30,"201":30,"202":0,"203":30,"204":3,"205":9,"206":9,"207":9,"208":9,"209":9,"210":9,"211":9,"212":9,"213":9,"214":9,"215":9,"216":9,"217":41,"218":41,"219":0,"220":41,"221":41,"222":25,"223":16,"224":16,"225":0,"226":0,"227":0,"228":16,"229":13,"230":13,"231":7,"232":6,"233":32,"234":32,"235":7,"236":25,"237":21,"238":21,"239":0,"240":21,"241":21,"242":21,"243":21,"244":21,"245":21,"246":0,"247":0,"248":0,"249":0,"250":21,"251":21,"252":21,"253":3,"254":3,"255":9,"256":3,"257":3,"258":0,"259":0,"260":0,"261":3,"262":6,"263":6,"264":0,"265":0,"266":0,"267":6,"268":9,"269":9,"270":3,"271":0,"272":21,"273":21,"274":21,"275":21,"276":21,"277":0,"278":0,"279":0,"280":3,"281":3,"282":3,"283":3,"284":3,"285":3,"286":3,"287":3,"288":3,"289":3,"290":3,"291":3,"292":3,"293":3,"294":3,"295":3,"296":0,"297":0,"298":3,"299":0,"300":9,"301":3,"302":0,"303":3,"304":0,"305":0,"306":0,"307":0,"308":0,"309":0,"310":0,"311":0,"312":3},"f":{"0":3,"1":0,"2":15,"3":0,"4":30,"5":11,"6":15,"7":9,"8":9,"9":9,"10":6,"11":36,"12":6,"13":6,"14":9,"15":24,"16":9,"17":9,"18":0,"19":0,"20":0,"21":0,"22":0,"23":0,"24":0,"25":0,"26":0,"27":30,"28":9,"29":41,"30":13,"31":32,"32":21,"33":21,"34":21,"35":3,"36":9,"37":0,"38":21,"39":0,"40":0,"41":3,"42":0,"43":0,"44":0,"45":0,"46":0,"47":0,"48":9,"49":0,"50":0,"51":0,"52":0},"b":{"0":[3,3],"1":[30,30],"2":[10],"3":[0],"4":[15,15],"5":[0,0,15],"6":[9],"7":[6],"8":[0],"9":[9,0,0],"10":[0],"11":[9,6],"12":[0],"13":[0,0],"14":[0],"15":[0],"16":[0,9],"17":[0],"18":[9,0],"19":[9,0],"20":[0],"21":[9],"22":[0],"23":[0],"24":[9],"25":[9,0],"26":[0],"27":[0,0,0],"28":[0,0,0,0],"29":[0,9],"30":[9],"31":[3,3],"32":[0,3],"33":[3,0],"34":[0],"35":[0,3],"36":[3,0],"37":[3,0],"38":[0],"39":[0],"40":[9,0],"41":[0],"42":[0,0,0,0,0,0],"43":[0,0],"44":[0,0],"45":[0],"46":[0],"47":[0,0],"48":[0,0],"49":[0,0],"50":[0],"51":[0],"52":[0,0],"53":[0,0],"54":[0],"55":[0],"56":[0],"57":[0],"58":[25],"59":[0],"60":[16,0],"61":[0],"62":[7],"63":[7],"64":[0],"65":[0],"66":[3,3,6,6],"67":[0],"68":[0],"69":[0,0,0,0,0,0,0],"70":[0,0,0,0,0,0,0,0],"71":[3,3],"72":[0],"73":[0]}}
,"/Users/robertyokota/code/work/confluent-kafka-javascript/schemaregistry/serde/wildcard-matcher.ts": {"path":"/Users/robertyokota/code/work/confluent-kafka-javascript/schemaregistry/serde/wildcard-matcher.ts","statementMap":{"0":{"start":{"line":23,"column":0},"end":{"line":23,"column":16}},"1":{"start":{"line":24,"column":11},"end":{"line":24,"column":49}},"2":{"start":{"line":26,"column":2},"end":{"line":30,"column":3}},"3":{"start":{"line":27,"column":4},"end":{"line":27,"column":null}},"4":{"start":{"line":29,"column":4},"end":{"line":29,"column":null}},"5":{"start":{"line":31,"column":14},"end":{"line":31,"column":32}},"6":{"start":{"line":32,"column":2},"end":{"line":32,"column":null}},"7":{"start":{"line":36,"column":12},"end":{"line":36,"column":14}},"8":{"start":{"line":37,"column":12},"end":{"line":37,"column":56}},"9":{"start":{"line":38,"column":10},"end":{"line":38,"column":11}},"10":{"start":{"line":39,"column":13},"end":{"line":39,"column":23}},"11":{"start":{"line":40,"column":2},"end":{"line":75,"column":3}},"12":{"start":{"line":41,"column":12},"end":{"line":41,"column":18}},"13":{"start":{"line":42,"column":4},"end":{"line":42,"column":null}},"14":{"start":{"line":43,"column":4},"end":{"line":74,"column":5}},"15":{"start":{"line":46,"column":6},"end":{"line":51,"column":7}},"16":{"start":{"line":47,"column":8},"end":{"line":47,"column":null}},"17":{"start":{"line":48,"column":8},"end":{"line":48,"column":null}},"18":{"start":{"line":50,"column":8},"end":{"line":50,"column":null}},"19":{"start":{"line":52,"column":6},"end":{"line":52,"column":11}},"20":{"start":{"line":54,"column":6},"end":{"line":54,"column":null}},"21":{"start":{"line":55,"column":6},"end":{"line":55,"column":11}},"22":{"start":{"line":66,"column":6},"end":{"line":66,"column":null}},"23":{"start":{"line":67,"column":6},"end":{"line":67,"column":11}},"24":{"start":{"line":69,"column":6},"end":{"line":69,"column":null}},"25":{"start":{"line":70,"column":6},"end":{"line":70,"column":11}},"26":{"start":{"line":72,"column":6},"end":{"line":72,"column":null}},"27":{"start":{"line":73,"column":6},"end":{"line":73,"column":11}},"28":{"start":{"line":76,"column":2},"end":{"line":76,"column":null}},"29":{"start":{"line":81,"column":2},"end":{"line":81,"column":null}},"30":{"start":{"line":82,"column":2},"end":{"line":88,"column":3}},"31":{"start":{"line":83,"column":4},"end":{"line":83,"column":null}},"32":{"start":{"line":84,"column":4},"end":{"line":84,"column":null}},"33":{"start":{"line":87,"column":4},"end":{"line":87,"column":null}},"34":{"start":{"line":89,"column":2},"end":{"line":89,"column":null}}},"fnMap":{"0":{"name":"match","decl":{"start":{"line":23,"column":16},"end":{"line":23,"column":21}},"loc":{"start":{"line":23,"column":58},"end":{"line":33,"column":1}}},"1":{"name":"wildcardToRegexp","decl":{"start":{"line":35,"column":9},"end":{"line":35,"column":25}},"loc":{"start":{"line":35,"column":60},"end":{"line":77,"column":1}}},"2":{"name":"doubleSlashes","decl":{"start":{"line":79,"column":9},"end":{"line":79,"column":22}},"loc":{"start":{"line":79,"column":58},"end":{"line":90,"column":1}}}},"branchMap":{"0":{"loc":{"start":{"line":32,"column":9},"end":{"line":32,"column":42}},"type":"binary-expr","locations":[{"start":{"line":32,"column":9},"end":{"line":32,"column":22}},{"start":{"line":32,"column":26},"end":{"line":32,"column":42}}]},"1":{"loc":{"start":{"line":43,"column":4},"end":{"line":74,"column":5}},"type":"switch","locations":[{"start":{"line":44,"column":4},"end":{"line":52,"column":11}},{"start":{"line":53,"column":4},"end":{"line":55,"column":11}},{"start":{"line":56,"column":4},"end":{"line":56,"column":13}},{"start":{"line":57,"column":4},"end":{"line":57,"column":13}},{"start":{"line":58,"column":4},"end":{"line":58,"column":13}},{"start":{"line":59,"column":4},"end":{"line":59,"column":13}},{"start":{"line":60,"column":4},"end":{"line":60,"column":13}},{"start":{"line":61,"column":4},"end":{"line":61,"column":13}},{"start":{"line":62,"column":4},"end":{"line":62,"column":13}},{"start":{"line":63,"column":4},"end":{"line":63,"column":13}},{"start":{"line":64,"column":4},"end":{"line":67,"column":11}},{"start":{"line":68,"column":4},"end":{"line":70,"column":11}},{"start":{"line":71,"column":4},"end":{"line":73,"column":11}}]},"2":{"loc":{"start":{"line":46,"column":6},"end":{"line":51,"column":7}},"type":"if","locations":[{"start":{"line":46,"column":6},"end":{"line":51,"column":7}},{"start":{"line":49,"column":13},"end":{"line":51,"column":7}}]},"3":{"loc":{"start":{"line":46,"column":10},"end":{"line":46,"column":41}},"type":"binary-expr","locations":[{"start":{"line":46,"column":10},"end":{"line":46,"column":24}},{"start":{"line":46,"column":28},"end":{"line":46,"column":41}}]},"4":{"loc":{"start":{"line":82,"column":2},"end":{"line":88,"column":3}},"type":"if","locations":[{"start":{"line":82,"column":2},"end":{"line":88,"column":3}},{"start":{"line":85,"column":9},"end":{"line":88,"column":3}}]}},"s":{"0":4,"1":27,"2":27,"3":27,"4":0,"5":27,"6":27,"7":27,"8":27,"9":27,"10":27,"11":27,"12":121,"13":121,"14":121,"15":21,"16":2,"17":2,"18":19,"19":21,"20":8,"21":8,"22":6,"23":6,"24":0,"25":0,"26":86,"27":86,"28":27,"29":0,"30":0,"31":0,"32":0,"33":0,"34":0},"f":{"0":27,"1":27,"2":0},"b":{"0":[27,20],"1":[21,8,6,6,6,6,6,6,6,6,6,0,86],"2":[2,19],"3":[21,10],"4":[0,0]}}
,"/Users/robertyokota/code/work/confluent-kafka-javascript/test/schemaregistry/test-constants.ts": {"path":"/Users/robertyokota/code/work/confluent-kafka-javascript/test/schemaregistry/test-constants.ts","statementMap":{"0":{"start":{"line":4,"column":17},"end":{"line":4,"column":42}},"1":{"start":{"line":6,"column":21},"end":{"line":6,"column":42}},"2":{"start":{"line":8,"column":49},"end":{"line":17,"column":2}},"3":{"start":{"line":19,"column":35},"end":{"line":25,"column":2}},"4":{"start":{"line":35,"column":9},"end":{"line":35,"column":21}},"5":{"start":{"line":27,"column":39},"end":{"line":33,"column":2}},"6":{"start":{"line":35,"column":23},"end":{"line":35,"column":39}}},"fnMap":{},"branchMap":{},"s":{"0":2,"1":2,"2":2,"3":2,"4":2,"5":2,"6":2},"f":{},"b":{}}
,"/Users/robertyokota/code/work/confluent-kafka-javascript/test/schemaregistry/dekregistry/test-constants.ts": {"path":"/Users/robertyokota/code/work/confluent-kafka-javascript/test/schemaregistry/dekregistry/test-constants.ts","statementMap":{"0":{"start":{"line":1,"column":0},"end":{"line":1,"column":72}},"1":{"start":{"line":4,"column":30},"end":{"line":4,"column":45}},"2":{"start":{"line":71,"column":2},"end":{"line":71,"column":15}},"3":{"start":{"line":5,"column":32},"end":{"line":5,"column":48}},"4":{"start":{"line":71,"column":17},"end":{"line":71,"column":32}},"5":{"start":{"line":6,"column":30},"end":{"line":6,"column":45}},"6":{"start":{"line":71,"column":34},"end":{"line":71,"column":47}},"7":{"start":{"line":7,"column":32},"end":{"line":7,"column":49}},"8":{"start":{"line":71,"column":49},"end":{"line":71,"column":64}},"9":{"start":{"line":8,"column":23},"end":{"line":8,"column":47}},"10":{"start":{"line":71,"column":66},"end":{"line":71,"column":80}},"11":{"start":{"line":9,"column":25},"end":{"line":9,"column":35}},"12":{"start":{"line":71,"column":82},"end":{"line":71,"column":90}},"13":{"start":{"line":11,"column":29},"end":{"line":11,"column":43}},"14":{"start":{"line":72,"column":2},"end":{"line":72,"column":14}},"15":{"start":{"line":12,"column":31},"end":{"line":12,"column":47}},"16":{"start":{"line":72,"column":16},"end":{"line":72,"column":30}},"17":{"start":{"line":13,"column":44},"end":{"line":13,"column":73}},"18":{"start":{"line":72,"column":32},"end":{"line":72,"column":59}},"19":{"start":{"line":14,"column":29},"end":{"line":14,"column":30}},"20":{"start":{"line":72,"column":61},"end":{"line":72,"column":73}},"21":{"start":{"line":16,"column":22},"end":{"line":23,"column":2}},"22":{"start":{"line":73,"column":2},"end":{"line":73,"column":10}},"23":{"start":{"line":25,"column":24},"end":{"line":32,"column":2}},"24":{"start":{"line":73,"column":12},"end":{"line":73,"column":22}},"25":{"start":{"line":34,"column":22},"end":{"line":41,"column":2}},"26":{"start":{"line":73,"column":24},"end":{"line":73,"column":32}},"27":{"start":{"line":43,"column":25},"end":{"line":50,"column":2}},"28":{"start":{"line":73,"column":34},"end":{"line":73,"column":45}},"29":{"start":{"line":52,"column":24},"end":{"line":59,"column":2}},"30":{"start":{"line":73,"column":47},"end":{"line":73,"column":57}},"31":{"start":{"line":61,"column":29},"end":{"line":68,"column":2}},"32":{"start":{"line":73,"column":59},"end":{"line":73,"column":74}}},"fnMap":{},"branchMap":{},"s":{"0":2,"1":2,"2":2,"3":2,"4":2,"5":2,"6":2,"7":2,"8":2,"9":2,"10":2,"11":2,"12":2,"13":2,"14":2,"15":2,"16":2,"17":2,"18":2,"19":2,"20":2,"21":2,"22":2,"23":2,"24":2,"25":2,"26":2,"27":2,"28":2,"29":2,"30":2,"31":2,"32":2},"f":{},"b":{}}
,"/Users/robertyokota/code/work/confluent-kafka-javascript/test/schemaregistry/serde/author_pb.ts": {"path":"/Users/robertyokota/code/work/confluent-kafka-javascript/test/schemaregistry/serde/author_pb.ts","statementMap":{"0":{"start":{"line":6,"column":0},"end":{"line":6,"column":69}},"1":{"start":{"line":7,"column":0},"end":{"line":7,"column":80}},"2":{"start":{"line":13,"column":13},"end":{"line":14,"column":297}},"3":{"start":{"line":45,"column":13},"end":{"line":46,"column":56}},"4":{"start":{"line":67,"column":13},"end":{"line":68,"column":56}}},"fnMap":{},"branchMap":{},"s":{"0":1,"1":1,"2":1,"3":1,"4":1},"f":{},"b":{}}
}
