TN:
SF:schemaregistry/mock-schemaregistry-client.ts
FN:29,(anonymous_1)
FN:32,(anonymous_2)
FN:36,(anonymous_3)
FN:52,(anonymous_4)
FN:61,(anonymous_5)
FN:65,(anonymous_6)
FN:73,(anonymous_7)
FN:92,(anonymous_8)
FN:113,(anonymous_9)
FN:127,(anonymous_10)
FN:137,(anonymous_11)
FN:146,(anonymous_12)
FN:155,(anonymous_13)
FN:188,(anonymous_14)
FN:214,(anonymous_15)
FN:223,(anonymous_16)
FN:232,(anonymous_17)
FN:241,(anonymous_18)
FN:253,(anonymous_19)
FN:261,(anonymous_20)
FN:269,(anonymous_21)
FN:277,(anonymous_22)
FN:285,(anonymous_23)
FN:296,(anonymous_24)
FN:307,(anonymous_25)
FN:338,(anonymous_26)
FN:363,(anonymous_27)
FN:367,(anonymous_28)
FN:371,(anonymous_29)
FN:379,(anonymous_30)
FN:384,(anonymous_31)
FN:392,(anonymous_32)
FN:397,(anonymous_33)
FN:405,(anonymous_34)
FN:410,(anonymous_35)
FN:418,(anonymous_36)
FN:423,(anonymous_37)
FN:427,(anonymous_38)
FNF:38
FNH:30
FNDA:31,(anonymous_1)
FNDA:0,(anonymous_2)
FNDA:30,(anonymous_3)
FNDA:31,(anonymous_4)
FNDA:15,(anonymous_5)
FNDA:29,(anonymous_6)
FNDA:30,(anonymous_7)
FNDA:30,(anonymous_8)
FNDA:30,(anonymous_9)
FNDA:15,(anonymous_10)
FNDA:8,(anonymous_11)
FNDA:4,(anonymous_12)
FNDA:6,(anonymous_13)
FNDA:2,(anonymous_14)
FNDA:2,(anonymous_15)
FNDA:4,(anonymous_16)
FNDA:1,(anonymous_17)
FNDA:35,(anonymous_18)
FNDA:4,(anonymous_19)
FNDA:3,(anonymous_20)
FNDA:1,(anonymous_21)
FNDA:3,(anonymous_22)
FNDA:5,(anonymous_23)
FNDA:2,(anonymous_24)
FNDA:2,(anonymous_25)
FNDA:1,(anonymous_26)
FNDA:0,(anonymous_27)
FNDA:0,(anonymous_28)
FNDA:2,(anonymous_29)
FNDA:2,(anonymous_30)
FNDA:2,(anonymous_31)
FNDA:2,(anonymous_32)
FNDA:0,(anonymous_33)
FNDA:0,(anonymous_34)
FNDA:0,(anonymous_35)
FNDA:0,(anonymous_36)
FNDA:0,(anonymous_37)
FNDA:6,(anonymous_38)
DA:2,5
DA:10,5
DA:12,5
DA:30,31
DA:33,0
DA:37,30
DA:38,30
DA:42,5
DA:53,31
DA:54,31
DA:55,31
DA:56,31
DA:57,31
DA:58,31
DA:62,15
DA:66,29
DA:67,29
DA:68,0
DA:70,29
DA:74,30
DA:76,30
DA:77,30
DA:78,0
DA:81,30
DA:82,30
DA:83,0
DA:86,30
DA:87,30
DA:89,30
DA:93,30
DA:95,30
DA:96,7
DA:97,7
DA:98,0
DA:99,0
DA:103,30
DA:104,30
DA:105,30
DA:106,30
DA:107,30
DA:110,30
DA:114,30
DA:117,30
DA:118,24
DA:120,6
DA:123,30
DA:124,30
DA:128,15
DA:129,15
DA:131,15
DA:132,2
DA:134,13
DA:138,8
DA:139,8
DA:140,8
DA:141,4
DA:143,4
DA:147,4
DA:148,4
DA:149,0
DA:152,4
DA:157,6
DA:158,9
DA:159,9
DA:160,6
DA:164,6
DA:165,0
DA:168,6
DA:169,6
DA:170,9
DA:171,9
DA:172,6
DA:175,6
DA:176,0
DA:180,6
DA:189,2
DA:191,2
DA:192,4
DA:193,4
DA:194,4
DA:197,2
DA:199,2
DA:200,4
DA:201,4
DA:202,4
DA:203,2
DA:208,2
DA:209,0
DA:212,2
DA:214,2
DA:215,2
DA:216,0
DA:220,2
DA:224,4
DA:225,6
DA:226,2
DA:229,2
DA:233,1
DA:235,1
DA:236,0
DA:238,1
DA:242,35
DA:244,35
DA:245,14
DA:246,14
DA:247,13
DA:250,35
DA:254,4
DA:255,4
DA:256,0
DA:258,4
DA:262,3
DA:263,1
DA:265,2
DA:270,1
DA:271,1
DA:273,0
DA:278,3
DA:279,1
DA:281,2
DA:286,5
DA:287,5
DA:289,5
DA:290,4
DA:293,1
DA:297,2
DA:298,2
DA:299,2
DA:300,2
DA:301,2
DA:304,2
DA:308,2
DA:309,2
DA:310,2
DA:311,2
DA:312,2
DA:316,2
DA:317,2
DA:318,2
DA:319,2
DA:320,2
DA:324,2
DA:326,2
DA:327,1
DA:328,1
DA:329,1
DA:330,1
DA:335,2
DA:339,1
DA:340,2
DA:341,2
DA:342,1
DA:344,1
DA:345,1
DA:346,1
DA:347,1
DA:350,1
DA:351,0
DA:352,0
DA:353,0
DA:354,0
DA:360,1
DA:364,0
DA:368,0
DA:372,2
DA:373,2
DA:374,1
DA:376,1
DA:380,2
DA:381,2
DA:385,2
DA:386,2
DA:387,1
DA:389,1
DA:393,2
DA:394,2
DA:398,0
DA:399,0
DA:400,0
DA:402,0
DA:406,0
DA:407,0
DA:411,0
DA:412,0
DA:413,0
DA:415,0
DA:419,0
DA:420,0
DA:424,0
DA:428,6
DA:432,5
LF:191
LH:158
BRDA:65,0,0,20
BRDA:67,1,0,0
BRDA:73,2,0,1
BRDA:77,3,0,0
BRDA:77,4,0,30
BRDA:77,4,1,0
BRDA:82,5,0,0
BRDA:97,6,0,0
BRDA:97,7,0,7
BRDA:97,7,1,6
BRDA:104,8,0,30
BRDA:117,9,0,24
BRDA:117,9,1,6
BRDA:131,10,0,2
BRDA:131,11,0,15
BRDA:131,11,1,13
BRDA:140,12,0,4
BRDA:140,13,0,8
BRDA:140,13,1,6
BRDA:148,14,0,0
BRDA:155,15,0,6
BRDA:159,16,0,6
BRDA:159,17,0,9
BRDA:159,17,1,9
BRDA:159,17,2,6
BRDA:164,18,0,0
BRDA:171,19,0,6
BRDA:171,20,0,9
BRDA:171,20,1,9
BRDA:175,21,0,0
BRDA:188,22,0,2
BRDA:201,23,0,4
BRDA:201,24,0,4
BRDA:201,24,1,4
BRDA:201,24,2,0
BRDA:202,25,0,2
BRDA:202,26,0,4
BRDA:202,26,1,4
BRDA:208,27,0,0
BRDA:215,28,0,0
BRDA:225,29,0,2
BRDA:235,30,0,0
BRDA:246,31,0,13
BRDA:246,32,0,14
BRDA:246,32,1,13
BRDA:255,33,0,0
BRDA:262,34,0,1
BRDA:262,34,1,2
BRDA:270,35,0,1
BRDA:270,35,1,0
BRDA:278,36,0,1
BRDA:278,36,1,2
BRDA:285,37,0,5
BRDA:289,38,0,4
BRDA:289,39,0,5
BRDA:289,39,1,3
BRDA:300,40,0,2
BRDA:300,41,0,2
BRDA:300,41,1,2
BRDA:307,42,0,1
BRDA:311,43,0,2
BRDA:311,44,0,2
BRDA:311,44,1,2
BRDA:311,44,2,1
BRDA:318,45,0,2
BRDA:318,46,0,2
BRDA:318,46,1,2
BRDA:318,46,2,1
BRDA:326,47,0,1
BRDA:329,48,0,1
BRDA:329,49,0,1
BRDA:329,49,1,1
BRDA:338,50,0,1
BRDA:341,51,0,1
BRDA:341,52,0,2
BRDA:341,52,1,2
BRDA:346,53,0,1
BRDA:350,54,0,0
BRDA:350,55,0,1
BRDA:350,55,1,0
BRDA:353,56,0,0
BRDA:373,57,0,1
BRDA:386,58,0,1
BRDA:399,59,0,0
BRDA:412,60,0,0
BRF:85
BRH:66
end_of_record
TN:
SF:schemaregistry/rest-error.ts
FN:5,(anonymous_0)
FNF:1
FNH:1
FNDA:16,(anonymous_0)
DA:1,9
DA:6,16
DA:7,16
DA:8,16
LF:4
LH:4
BRF:0
BRH:0
end_of_record
TN:
SF:schemaregistry/rest-service.ts
FN:25,(anonymous_1)
FN:34,(anonymous_2)
FN:69,(anonymous_3)
FN:73,(anonymous_4)
FN:83,(anonymous_5)
FN:87,(anonymous_6)
FNF:6
FNH:0
FNDA:0,(anonymous_1)
FNDA:0,(anonymous_2)
FNDA:0,(anonymous_3)
FNDA:0,(anonymous_4)
FNDA:0,(anonymous_5)
FNDA:0,(anonymous_6)
DA:1,6
DA:2,6
DA:21,6
DA:26,0
DA:27,0
DA:29,0
DA:30,0
DA:41,0
DA:42,0
DA:43,0
DA:44,0
DA:50,0
DA:52,0
DA:53,0
DA:54,0
DA:55,0
DA:57,0
DA:60,0
DA:61,0
DA:66,0
DA:70,0
DA:74,0
DA:75,0
DA:78,0
DA:79,0
DA:84,0
DA:88,0
LF:27
LH:3
BRDA:29,0,0,0
BRDA:52,1,0,0
BRDA:52,2,0,0
BRDA:52,2,1,0
BRDA:52,2,2,0
BRDA:52,2,3,0
BRDA:54,3,0,0
BRDA:54,3,1,0
BRDA:54,4,0,0
BRDA:54,4,1,0
BRDA:60,5,0,0
BRDA:74,6,0,0
BRDA:78,7,0,0
BRF:13
BRH:0
end_of_record
TN:
SF:schemaregistry/schemaregistry-client.ts
FN:17,(anonymous_1)
FN:46,(anonymous_2)
FN:64,minimize
FN:160,(anonymous_4)
FN:185,(anonymous_5)
FN:193,(anonymous_6)
FN:197,(anonymous_7)
FN:203,(anonymous_8)
FN:206,(anonymous_9)
FN:224,(anonymous_10)
FN:226,(anonymous_11)
FN:245,(anonymous_12)
FN:248,(anonymous_13)
FN:266,(anonymous_14)
FN:267,(anonymous_15)
FN:284,(anonymous_16)
FN:287,(anonymous_17)
FN:304,(anonymous_18)
FN:307,(anonymous_19)
FN:333,(anonymous_20)
FN:341,(anonymous_21)
FN:344,(anonymous_22)
FN:362,(anonymous_23)
FN:370,(anonymous_24)
FN:371,(anonymous_25)
FN:372,(anonymous_26)
FN:380,(anonymous_27)
FN:381,(anonymous_28)
FN:389,(anonymous_29)
FN:390,(anonymous_30)
FN:398,(anonymous_31)
FN:399,(anonymous_32)
FN:416,(anonymous_33)
FN:417,(anonymous_34)
FN:420,(anonymous_35)
FN:426,(anonymous_36)
FN:432,(anonymous_37)
FN:441,(anonymous_38)
FN:455,(anonymous_39)
FN:466,(anonymous_40)
FN:477,(anonymous_41)
FN:487,(anonymous_42)
FN:498,(anonymous_43)
FN:506,(anonymous_44)
FN:515,(anonymous_45)
FN:525,(anonymous_46)
FN:534,(anonymous_47)
FN:542,(anonymous_48)
FN:551,(anonymous_49)
FN:561,(anonymous_50)
FN:563,(anonymous_51)
FN:568,(anonymous_52)
FN:570,(anonymous_53)
FN:575,(anonymous_54)
FN:577,(anonymous_55)
FN:582,(anonymous_56)
FN:584,(anonymous_57)
FN:589,(anonymous_58)
FN:590,(anonymous_59)
FN:595,(anonymous_60)
FN:596,(anonymous_61)
FN:601,(anonymous_62)
FN:602,(anonymous_63)
FN:607,(anonymous_64)
FN:608,(anonymous_65)
FNF:65
FNH:59
FNDA:5,(anonymous_1)
FNDA:5,(anonymous_2)
FNDA:99,minimize
FNDA:26,(anonymous_4)
FNDA:9,(anonymous_5)
FNDA:0,(anonymous_6)
FNDA:5,(anonymous_7)
FNDA:10,(anonymous_8)
FNDA:10,(anonymous_9)
FNDA:5,(anonymous_10)
FNDA:5,(anonymous_11)
FNDA:5,(anonymous_12)
FNDA:5,(anonymous_13)
FNDA:0,(anonymous_14)
FNDA:0,(anonymous_15)
FNDA:5,(anonymous_16)
FNDA:5,(anonymous_17)
FNDA:5,(anonymous_18)
FNDA:5,(anonymous_19)
FNDA:1,(anonymous_20)
FNDA:5,(anonymous_21)
FNDA:5,(anonymous_22)
FNDA:1,(anonymous_23)
FNDA:1,(anonymous_24)
FNDA:1,(anonymous_25)
FNDA:1,(anonymous_26)
FNDA:1,(anonymous_27)
FNDA:1,(anonymous_28)
FNDA:1,(anonymous_29)
FNDA:1,(anonymous_30)
FNDA:1,(anonymous_31)
FNDA:1,(anonymous_32)
FNDA:1,(anonymous_33)
FNDA:1,(anonymous_34)
FNDA:1,(anonymous_35)
FNDA:1,(anonymous_36)
FNDA:1,(anonymous_37)
FNDA:1,(anonymous_38)
FNDA:0,(anonymous_39)
FNDA:0,(anonymous_40)
FNDA:1,(anonymous_41)
FNDA:1,(anonymous_42)
FNDA:1,(anonymous_43)
FNDA:1,(anonymous_44)
FNDA:1,(anonymous_45)
FNDA:1,(anonymous_46)
FNDA:1,(anonymous_47)
FNDA:1,(anonymous_48)
FNDA:0,(anonymous_49)
FNDA:2,(anonymous_50)
FNDA:2,(anonymous_51)
FNDA:2,(anonymous_52)
FNDA:2,(anonymous_53)
FNDA:2,(anonymous_54)
FNDA:2,(anonymous_55)
FNDA:2,(anonymous_56)
FNDA:2,(anonymous_57)
FNDA:2,(anonymous_58)
FNDA:2,(anonymous_59)
FNDA:2,(anonymous_60)
FNDA:2,(anonymous_61)
FNDA:2,(anonymous_62)
FNDA:2,(anonymous_63)
FNDA:2,(anonymous_64)
FNDA:2,(anonymous_65)
DA:1,5
DA:3,5
DA:4,5
DA:5,5
DA:6,5
DA:17,5
DA:18,5
DA:19,5
DA:20,5
DA:21,5
DA:22,5
DA:23,5
DA:24,5
DA:46,5
DA:47,5
DA:48,5
DA:49,5
DA:50,5
DA:51,5
DA:52,5
DA:64,5
DA:65,99
DA:140,5
DA:161,26
DA:162,26
DA:167,26
DA:169,26
DA:170,26
DA:171,26
DA:172,26
DA:173,26
DA:174,26
DA:175,26
DA:176,26
DA:177,26
DA:178,26
DA:179,26
DA:180,26
DA:181,26
DA:182,26
DA:186,9
DA:187,9
DA:188,9
DA:190,0
DA:194,0
DA:198,5
DA:200,5
DA:204,10
DA:206,10
DA:207,10
DA:208,10
DA:209,4
DA:212,6
DA:214,6
DA:219,6
DA:220,6
DA:225,5
DA:226,5
DA:227,5
DA:228,5
DA:229,2
DA:232,3
DA:234,3
DA:236,3
DA:240,3
DA:241,3
DA:246,5
DA:248,5
DA:249,5
DA:250,5
DA:251,2
DA:254,3
DA:256,3
DA:261,3
DA:262,3
DA:267,0
DA:268,0
DA:269,0
DA:270,0
DA:273,0
DA:275,0
DA:279,0
DA:280,0
DA:285,5
DA:287,5
DA:288,5
DA:289,5
DA:290,2
DA:293,3
DA:295,3
DA:299,3
DA:300,3
DA:305,5
DA:307,5
DA:308,5
DA:309,5
DA:310,2
DA:313,3
DA:315,3
DA:317,3
DA:318,6
DA:319,6
DA:320,6
DA:323,3
DA:327,3
DA:328,3
DA:334,1
DA:338,1
DA:342,5
DA:344,5
DA:345,5
DA:346,5
DA:347,2
DA:350,3
DA:352,3
DA:357,3
DA:358,3
DA:363,1
DA:367,1
DA:371,1
DA:372,1
DA:373,1
DA:374,1
DA:375,1
DA:380,1
DA:381,1
DA:382,1
DA:383,1
DA:384,1
DA:389,1
DA:390,1
DA:391,1
DA:392,1
DA:393,1
DA:398,1
DA:399,1
DA:400,1
DA:401,1
DA:402,1
DA:407,1
DA:409,1
DA:413,1
DA:417,1
DA:420,1
DA:421,1
DA:422,1
DA:423,1
DA:424,1
DA:426,1
DA:427,1
DA:428,1
DA:429,1
DA:430,1
DA:432,1
DA:433,1
DA:440,1
DA:441,1
DA:442,1
DA:445,1
DA:447,1
DA:451,1
DA:456,0
DA:458,0
DA:463,0
DA:467,0
DA:469,0
DA:474,0
DA:478,1
DA:480,1
DA:484,1
DA:488,1
DA:490,1
DA:495,1
DA:499,1
DA:503,1
DA:507,1
DA:512,1
DA:516,1
DA:518,1
DA:522,1
DA:526,1
DA:531,1
DA:535,1
DA:539,1
DA:543,1
DA:548,1
DA:552,0
DA:553,0
DA:554,0
DA:555,0
DA:557,0
DA:562,2
DA:563,2
DA:564,2
DA:569,2
DA:570,2
DA:571,2
DA:576,2
DA:577,2
DA:578,2
DA:583,2
DA:584,2
DA:585,2
DA:590,2
DA:591,2
DA:596,2
DA:597,2
DA:602,2
DA:603,2
DA:608,2
DA:609,2
LF:211
LH:190
BRDA:17,0,0,5
BRDA:17,0,1,5
BRDA:46,1,0,5
BRDA:46,1,1,5
BRDA:164,2,0,26
BRDA:164,2,1,26
BRDA:187,3,0,9
BRDA:197,4,0,5
BRDA:203,5,0,5
BRDA:208,6,0,4
BRDA:228,7,0,2
BRDA:234,8,0,0
BRDA:234,8,1,3
BRDA:245,9,0,5
BRDA:250,10,0,2
BRDA:269,11,0,0
BRDA:284,12,0,0
BRDA:289,13,0,2
BRDA:304,14,0,5
BRDA:309,15,0,2
BRDA:341,16,0,0
BRDA:346,17,0,2
BRDA:370,18,0,1
BRDA:374,19,0,1
BRDA:383,20,0,1
BRDA:392,21,0,1
BRDA:401,22,0,1
BRDA:416,23,0,1
BRDA:422,24,0,1
BRDA:422,25,0,1
BRDA:422,25,1,1
BRDA:428,26,0,1
BRF:32
BRH:28
end_of_record
TN:
SF:schemaregistry/confluent/meta_pb.ts
FNF:0
FNH:0
DA:6,1
DA:8,1
DA:14,1
DA:41,1
DA:47,1
DA:53,1
DA:59,1
DA:65,1
DA:71,1
LF:9
LH:9
BRF:0
BRH:0
end_of_record
TN:
SF:schemaregistry/confluent/types/decimal_pb.ts
FNF:0
FNH:0
DA:6,1
DA:12,1
DA:45,1
LF:3
LH:3
BRF:0
BRH:0
end_of_record
TN:
SF:schemaregistry/dekregistry/constants.ts
FNF:0
FNH:0
DA:1,5
DA:4,5
LF:2
LH:2
BRF:0
BRH:0
end_of_record
TN:
SF:schemaregistry/dekregistry/dekregistry-client.ts
FN:66,(anonymous_1)
FN:80,(anonymous_2)
FN:88,(anonymous_3)
FN:108,(anonymous_4)
FN:128,(anonymous_5)
FN:135,(anonymous_6)
FN:139,(anonymous_7)
FN:163,(anonymous_8)
FN:166,(anonymous_9)
FN:181,(anonymous_10)
FN:185,(anonymous_11)
FN:212,(anonymous_12)
FN:216,(anonymous_13)
FN:232,(anonymous_14)
FN:237,(anonymous_15)
FNF:15
FNH:14
FNDA:7,(anonymous_1)
FNDA:15,(anonymous_2)
FNDA:5,(anonymous_3)
FNDA:22,(anonymous_4)
FNDA:5,(anonymous_5)
FNDA:6,(anonymous_6)
FNDA:6,(anonymous_7)
FNDA:1,(anonymous_8)
FNDA:1,(anonymous_9)
FNDA:7,(anonymous_10)
FNDA:7,(anonymous_11)
FNDA:3,(anonymous_12)
FNDA:3,(anonymous_13)
FNDA:0,(anonymous_14)
FNDA:2,(anonymous_15)
DA:1,4
DA:2,4
DA:3,4
DA:4,4
DA:5,4
DA:67,7
DA:73,7
DA:74,7
DA:75,7
DA:76,7
DA:77,7
DA:81,15
DA:82,15
DA:83,15
DA:85,0
DA:89,5
DA:90,0
DA:93,5
DA:94,5
DA:95,5
DA:96,5
DA:98,0
DA:99,0
DA:101,0
DA:105,5
DA:109,22
DA:110,5
DA:113,17
DA:114,5
DA:115,5
DA:116,5
DA:118,0
DA:119,0
DA:121,0
DA:125,17
DA:129,5
DA:130,5
DA:131,5
DA:137,6
DA:139,6
DA:140,6
DA:141,6
DA:142,2
DA:145,4
DA:154,4
DA:158,4
DA:159,4
DA:164,1
DA:166,1
DA:167,1
DA:168,1
DA:169,1
DA:171,0
DA:173,0
DA:176,0
DA:177,0
DA:183,7
DA:185,7
DA:186,7
DA:187,7
DA:188,2
DA:191,5
DA:197,5
DA:199,5
DA:203,5
DA:205,5
DA:206,5
DA:208,5
DA:214,3
DA:216,3
DA:217,3
DA:218,3
DA:219,2
DA:221,1
DA:222,1
DA:224,1
DA:227,1
DA:228,1
DA:233,0
DA:238,2
DA:239,2
DA:240,2
DA:244,4
LF:83
LH:70
BRDA:69,0,0,7
BRDA:69,0,1,7
BRDA:82,1,0,15
BRDA:89,2,0,0
BRDA:93,3,0,5
BRDA:98,4,0,0
BRDA:109,5,0,5
BRDA:113,6,0,5
BRDA:118,7,0,0
BRDA:129,8,0,5
BRDA:141,9,0,2
BRDA:149,10,0,4
BRDA:149,10,1,4
BRDA:150,11,0,4
BRDA:150,11,1,4
BRDA:163,12,0,1
BRDA:168,13,0,1
BRDA:182,14,0,0
BRDA:187,15,0,2
BRDA:195,16,0,5
BRDA:195,16,1,5
BRDA:213,17,0,1
BRDA:213,18,0,3
BRDA:218,19,0,2
BRF:24
BRH:20
end_of_record
TN:
SF:schemaregistry/dekregistry/mock-dekregistry-client.ts
FN:10,(anonymous_1)
FN:15,(anonymous_2)
FN:36,(anonymous_3)
FN:46,(anonymous_4)
FN:67,(anonymous_5)
FN:93,(anonymous_6)
FNF:6
FNH:5
FNDA:20,(anonymous_1)
FNDA:7,(anonymous_2)
FNDA:8,(anonymous_3)
FNDA:9,(anonymous_4)
FNDA:13,(anonymous_5)
FNDA:0,(anonymous_6)
DA:2,5
DA:3,5
DA:4,5
DA:11,20
DA:12,20
DA:17,7
DA:18,7
DA:19,7
DA:20,0
DA:23,7
DA:32,7
DA:33,7
DA:37,8
DA:38,8
DA:39,8
DA:40,6
DA:43,2
DA:48,9
DA:49,9
DA:50,9
DA:51,0
DA:54,9
DA:63,9
DA:64,9
DA:69,13
DA:70,1
DA:71,1
DA:72,2
DA:73,2
DA:75,2
DA:78,1
DA:79,0
DA:81,1
DA:84,13
DA:85,13
DA:86,13
DA:87,11
DA:90,2
DA:94,0
DA:98,5
LF:40
LH:36
BRDA:19,0,0,0
BRDA:27,1,0,7
BRDA:27,1,1,2
BRDA:28,2,0,7
BRDA:28,2,1,2
BRDA:36,3,0,1
BRDA:39,4,0,6
BRDA:39,5,0,8
BRDA:39,5,1,6
BRDA:39,5,2,0
BRDA:47,6,0,0
BRDA:50,7,0,0
BRDA:58,8,0,9
BRDA:58,8,1,9
BRDA:68,9,0,0
BRDA:68,10,0,2
BRDA:69,11,0,1
BRDA:73,12,0,2
BRDA:73,13,0,2
BRDA:73,13,1,2
BRDA:73,13,2,2
BRDA:73,13,3,2
BRDA:78,14,0,0
BRDA:86,15,0,11
BRF:24
BRH:18
end_of_record
TN:
SF:schemaregistry/google/type/calendar_period_pb.ts
FN:35,(anonymous_0)
FNF:1
FNH:1
FNDA:1,(anonymous_0)
DA:20,1
DA:25,1
DA:35,1
DA:41,1
DA:48,1
DA:56,1
DA:65,1
DA:72,1
DA:80,1
DA:87,1
DA:94,1
DA:100,1
LF:12
LH:12
BRDA:35,0,0,1
BRDA:35,0,1,1
BRF:2
BRH:2
end_of_record
TN:
SF:schemaregistry/google/type/color_pb.ts
FNF:0
FNH:0
DA:20,1
DA:21,1
DA:27,1
DA:202,1
LF:4
LH:4
BRF:0
BRH:0
end_of_record
TN:
SF:schemaregistry/google/type/date_pb.ts
FNF:0
FNH:0
DA:20,1
DA:26,1
DA:77,1
LF:3
LH:3
BRF:0
BRH:0
end_of_record
TN:
SF:schemaregistry/google/type/datetime_pb.ts
FNF:0
FNH:0
DA:20,1
DA:22,1
DA:28,1
DA:149,1
DA:178,1
LF:5
LH:5
BRF:0
BRH:0
end_of_record
TN:
SF:schemaregistry/google/type/dayofweek_pb.ts
FN:33,(anonymous_0)
FNF:1
FNH:1
FNDA:1,(anonymous_0)
DA:20,1
DA:25,1
DA:33,1
DA:39,1
DA:46,1
DA:53,1
DA:60,1
DA:67,1
DA:74,1
DA:81,1
DA:88,1
DA:94,1
LF:12
LH:12
BRDA:33,0,0,1
BRDA:33,0,1,1
BRF:2
BRH:2
end_of_record
TN:
SF:schemaregistry/google/type/expr_pb.ts
FNF:0
FNH:0
DA:20,1
DA:26,1
DA:103,1
LF:3
LH:3
BRF:0
BRH:0
end_of_record
TN:
SF:schemaregistry/google/type/fraction_pb.ts
FNF:0
FNH:0
DA:20,1
DA:26,1
DA:55,1
LF:3
LH:3
BRF:0
BRH:0
end_of_record
TN:
SF:schemaregistry/google/type/latlng_pb.ts
FNF:0
FNH:0
DA:20,1
DA:26,1
DA:58,1
LF:3
LH:3
BRF:0
BRH:0
end_of_record
TN:
SF:schemaregistry/google/type/money_pb.ts
FNF:0
FNH:0
DA:20,1
DA:26,1
DA:67,1
LF:3
LH:3
BRF:0
BRH:0
end_of_record
TN:
SF:schemaregistry/google/type/month_pb.ts
FN:33,(anonymous_0)
FNF:1
FNH:1
FNDA:1,(anonymous_0)
DA:20,1
DA:25,1
DA:33,1
DA:39,1
DA:46,1
DA:53,1
DA:60,1
DA:67,1
DA:74,1
DA:81,1
DA:88,1
DA:95,1
DA:102,1
DA:109,1
DA:116,1
DA:123,1
DA:129,1
LF:17
LH:17
BRDA:33,0,0,1
BRDA:33,0,1,1
BRF:2
BRH:2
end_of_record
TN:
SF:schemaregistry/google/type/postal_address_pb.ts
FNF:0
FNH:0
DA:20,1
DA:26,1
DA:191,1
LF:3
LH:3
BRF:0
BRH:0
end_of_record
TN:
SF:schemaregistry/google/type/quaternion_pb.ts
FNF:0
FNH:0
DA:20,1
DA:26,1
DA:123,1
LF:3
LH:3
BRF:0
BRH:0
end_of_record
TN:
SF:schemaregistry/google/type/timeofday_pb.ts
FNF:0
FNH:0
DA:20,1
DA:26,1
DA:73,1
LF:3
LH:3
BRF:0
BRH:0
end_of_record
TN:
SF:schemaregistry/rules/encryption/encrypt-executor.ts
FN:38,(anonymous_6)
FN:57,(anonymous_7)
FN:60,(anonymous_8)
FN:66,(anonymous_9)
FN:71,(anonymous_10)
FN:75,(anonymous_11)
FN:84,(anonymous_12)
FN:90,(anonymous_13)
FN:100,(anonymous_14)
FN:111,(anonymous_15)
FN:133,(anonymous_16)
FN:138,(anonymous_17)
FN:154,(anonymous_18)
FN:175,(anonymous_19)
FN:192,(anonymous_20)
FN:209,(anonymous_21)
FN:214,(anonymous_22)
FN:219,(anonymous_23)
FN:224,(anonymous_24)
FN:237,(anonymous_25)
FN:249,(anonymous_26)
FN:253,(anonymous_27)
FN:260,(anonymous_28)
FN:301,(anonymous_29)
FN:312,(anonymous_30)
FN:323,(anonymous_31)
FN:380,(anonymous_32)
FN:397,(anonymous_33)
FN:418,(anonymous_34)
FN:426,(anonymous_35)
FN:480,(anonymous_36)
FN:486,(anonymous_37)
FN:498,(anonymous_38)
FN:509,(anonymous_39)
FN:521,getKmsClient
FNF:35
FNH:32
FNDA:3,(anonymous_6)
FNDA:3,(anonymous_7)
FNDA:3,(anonymous_8)
FNDA:15,(anonymous_9)
FNDA:3,(anonymous_10)
FNDA:9,(anonymous_11)
FNDA:0,(anonymous_12)
FNDA:9,(anonymous_13)
FNDA:9,(anonymous_14)
FNDA:9,(anonymous_15)
FNDA:11,(anonymous_16)
FNDA:2,(anonymous_17)
FNDA:2,(anonymous_18)
FNDA:6,(anonymous_19)
FNDA:12,(anonymous_20)
FNDA:0,(anonymous_21)
FNDA:1,(anonymous_22)
FNDA:6,(anonymous_23)
FNDA:11,(anonymous_24)
FNDA:9,(anonymous_25)
FNDA:15,(anonymous_26)
FNDA:11,(anonymous_27)
FNDA:7,(anonymous_28)
FNDA:7,(anonymous_29)
FNDA:2,(anonymous_30)
FNDA:11,(anonymous_31)
FNDA:11,(anonymous_32)
FNDA:2,(anonymous_33)
FNDA:11,(anonymous_34)
FNDA:11,(anonymous_35)
FNDA:0,(anonymous_36)
FNDA:1,(anonymous_37)
FNDA:6,(anonymous_38)
FNDA:9,(anonymous_39)
FNDA:5,getKmsClient
DA:1,3
DA:10,3
DA:11,3
DA:12,3
DA:14,3
DA:15,3
DA:16,3
DA:18,3
DA:19,3
DA:20,3
DA:21,3
DA:22,3
DA:25,3
DA:27,3
DA:29,3
DA:31,3
DA:33,3
DA:36,3
DA:38,3
DA:39,3
DA:40,3
DA:41,3
DA:57,3
DA:58,3
DA:61,3
DA:62,3
DA:63,3
DA:67,15
DA:68,15
DA:72,3
DA:76,9
DA:77,9
DA:78,9
DA:80,9
DA:81,9
DA:85,0
DA:86,0
DA:91,9
DA:92,9
DA:93,9
DA:94,1
DA:96,9
DA:97,9
DA:101,9
DA:102,9
DA:103,0
DA:105,9
DA:106,0
DA:108,9
DA:112,9
DA:113,9
DA:114,8
DA:116,1
DA:117,1
DA:118,0
DA:120,1
DA:121,0
DA:123,1
DA:127,3
DA:128,3
DA:134,11
DA:135,11
DA:139,2
DA:142,0
DA:145,0
DA:148,2
DA:150,0
DA:155,2
DA:156,2
DA:158,0
DA:162,0
DA:165,2
DA:169,2
DA:171,0
DA:177,6
DA:179,0
DA:180,0
DA:181,0
DA:184,6
DA:185,6
DA:186,6
DA:188,0
DA:194,12
DA:196,1
DA:197,1
DA:198,1
DA:201,11
DA:202,11
DA:203,11
DA:205,0
DA:210,0
DA:211,0
DA:215,1
DA:216,1
DA:220,6
DA:221,6
DA:225,11
DA:226,11
DA:230,3
DA:234,9
DA:243,9
DA:244,9
DA:245,9
DA:246,9
DA:250,15
DA:254,11
DA:255,7
DA:257,11
DA:261,7
DA:262,7
DA:263,7
DA:264,7
DA:268,7
DA:269,7
DA:270,2
DA:271,0
DA:273,2
DA:274,0
DA:276,2
DA:277,0
DA:279,2
DA:280,2
DA:282,0
DA:284,2
DA:285,0
DA:288,7
DA:289,0
DA:293,7
DA:294,0
DA:298,7
DA:302,7
DA:303,7
DA:305,2
DA:306,2
DA:308,0
DA:313,2
DA:314,2
DA:316,0
DA:317,0
DA:319,0
DA:324,11
DA:325,11
DA:326,11
DA:327,10
DA:329,11
DA:336,11
DA:337,11
DA:338,11
DA:339,11
DA:340,2
DA:341,0
DA:343,2
DA:344,2
DA:345,2
DA:347,2
DA:348,2
DA:350,2
DA:351,2
DA:359,2
DA:360,2
DA:362,0
DA:364,2
DA:365,0
DA:369,11
DA:370,5
DA:371,3
DA:373,5
DA:374,5
DA:377,11
DA:381,11
DA:383,11
DA:384,11
DA:385,0
DA:387,11
DA:388,9
DA:390,2
DA:391,2
DA:393,0
DA:398,2
DA:400,2
DA:401,2
DA:402,2
DA:404,2
DA:405,2
DA:406,2
DA:408,2
DA:409,2
DA:411,0
DA:412,0
DA:414,0
DA:419,11
DA:420,11
DA:427,11
DA:428,0
DA:430,11
DA:432,4
DA:433,4
DA:434,0
DA:436,4
DA:437,4
DA:438,0
DA:440,4
DA:441,4
DA:442,4
DA:443,4
DA:444,0
DA:446,4
DA:447,2
DA:449,2
DA:454,7
DA:455,5
DA:457,2
DA:459,7
DA:460,0
DA:462,7
DA:463,7
DA:464,1
DA:465,1
DA:466,0
DA:468,1
DA:470,7
DA:471,7
DA:472,7
DA:473,7
DA:476,0
DA:481,0
DA:482,0
DA:483,0
DA:487,1
DA:488,1
DA:489,0
DA:495,1
DA:499,6
DA:501,4
DA:503,2
DA:505,0
DA:510,9
DA:512,4
DA:514,5
DA:516,0
DA:522,5
DA:523,5
DA:524,5
DA:525,2
DA:526,2
DA:527,2
DA:529,5
LF:247
LH:196
BRDA:38,0,0,3
BRDA:38,0,1,3
BRDA:85,1,0,0
BRDA:93,2,0,1
BRDA:102,3,0,0
BRDA:105,4,0,0
BRDA:113,5,0,8
BRDA:117,6,0,0
BRDA:120,7,0,0
BRDA:139,8,0,0
BRDA:139,8,1,0
BRDA:139,8,2,2
BRDA:139,8,3,0
BRDA:156,9,0,0
BRDA:156,9,1,0
BRDA:156,9,2,2
BRDA:156,9,3,0
BRDA:177,10,0,0
BRDA:177,10,1,2
BRDA:177,10,2,6
BRDA:177,10,3,0
BRDA:194,11,0,1
BRDA:194,11,1,5
BRDA:194,11,2,11
BRDA:194,11,3,0
BRDA:254,12,0,7
BRDA:269,13,0,2
BRDA:270,14,0,0
BRDA:273,15,0,0
BRDA:273,16,0,2
BRDA:273,16,1,2
BRDA:276,17,0,0
BRDA:276,18,0,2
BRDA:276,18,1,2
BRDA:280,19,0,0
BRDA:284,20,0,0
BRDA:288,21,0,0
BRDA:288,22,0,7
BRDA:288,22,1,7
BRDA:288,22,2,7
BRDA:293,23,0,0
BRDA:293,24,0,7
BRDA:293,24,1,7
BRDA:293,24,2,7
BRDA:305,25,0,2
BRDA:305,26,0,2
BRDA:305,26,1,2
BRDA:316,27,0,0
BRDA:316,28,0,0
BRDA:316,28,1,0
BRDA:326,29,0,10
BRDA:326,30,0,11
BRDA:326,30,1,1
BRDA:339,31,0,2
BRDA:339,32,0,11
BRDA:339,32,1,9
BRDA:340,33,0,0
BRDA:344,34,0,2
BRDA:350,35,0,0
BRDA:350,35,1,2
BRDA:360,36,0,0
BRDA:364,37,0,0
BRDA:369,38,0,5
BRDA:370,39,0,3
BRDA:384,40,0,0
BRDA:384,41,0,11
BRDA:384,41,1,11
BRDA:388,42,0,9
BRDA:388,42,1,0
BRDA:388,43,0,9
BRDA:388,43,1,9
BRDA:390,44,0,2
BRDA:390,45,0,2
BRDA:390,45,1,2
BRDA:401,46,0,2
BRDA:405,47,0,2
BRDA:405,48,0,2
BRDA:405,48,1,0
BRDA:411,49,0,0
BRDA:411,50,0,0
BRDA:411,50,1,0
BRDA:420,51,0,11
BRDA:420,51,1,4
BRDA:420,51,2,0
BRDA:420,51,3,0
BRDA:427,52,0,0
BRDA:430,53,0,4
BRDA:430,53,1,7
BRDA:430,53,2,0
BRDA:433,54,0,0
BRDA:437,55,0,0
BRDA:443,56,0,0
BRDA:446,57,0,2
BRDA:446,57,1,2
BRDA:454,58,0,5
BRDA:454,58,1,2
BRDA:459,59,0,0
BRDA:463,60,0,1
BRDA:465,61,0,0
BRDA:488,62,0,0
BRDA:499,63,0,4
BRDA:499,63,1,2
BRDA:499,63,2,0
BRDA:510,64,0,4
BRDA:510,64,1,5
BRDA:510,64,2,0
BRDA:524,65,0,2
BRF:107
BRH:61
end_of_record
TN:
SF:schemaregistry/rules/encryption/kms-registry.ts
FN:19,registerKmsDriver
FN:23,getKmsDriver
FN:32,registerKmsClient
FN:36,getKmsClient
FNF:4
FNH:4
FNDA:3,registerKmsDriver
FNDA:2,getKmsDriver
FNDA:2,registerKmsClient
FNDA:5,getKmsClient
DA:1,3
DA:14,3
DA:16,3
DA:19,3
DA:20,3
DA:23,3
DA:24,2
DA:25,2
DA:26,2
DA:29,0
DA:32,3
DA:33,2
DA:36,3
DA:37,5
DA:38,3
DA:39,3
DA:42,2
LF:17
LH:16
BRDA:25,0,0,2
BRDA:38,1,0,3
BRF:2
BRH:2
end_of_record
TN:
SF:schemaregistry/rules/encryption/localkms/local-client.ts
FN:13,(anonymous_6)
FN:24,(anonymous_7)
FN:33,(anonymous_8)
FN:37,(anonymous_9)
FN:41,(anonymous_10)
FNF:5
FNH:5
FNDA:2,(anonymous_6)
FNDA:7,(anonymous_7)
FNDA:3,(anonymous_8)
FNDA:2,(anonymous_9)
FNDA:5,(anonymous_10)
DA:2,3
DA:3,3
DA:4,3
DA:5,3
DA:6,3
DA:8,3
DA:14,2
DA:15,0
DA:17,2
DA:18,0
DA:20,2
DA:21,2
DA:25,7
DA:26,7
DA:30,7
DA:34,3
DA:38,2
DA:42,5
LF:18
LH:16
BRDA:14,0,0,0
BRDA:17,1,0,0
BRF:2
BRH:0
end_of_record
TN:
SF:schemaregistry/rules/encryption/localkms/local-driver.ts
FN:9,(anonymous_0)
FN:13,(anonymous_1)
FN:17,(anonymous_2)
FNF:3
FNH:3
FNDA:3,(anonymous_0)
FNDA:2,(anonymous_1)
FNDA:2,(anonymous_2)
DA:1,3
DA:2,3
DA:4,3
DA:6,3
DA:7,3
DA:10,3
DA:14,2
DA:18,2
DA:19,2
LF:9
LH:9
BRF:0
BRH:0
end_of_record
TN:
SF:schemaregistry/rules/encryption/tink/aead.ts
FNF:0
FNH:0
DA:18,3
LF:1
LH:1
BRF:0
BRH:0
end_of_record
TN:
SF:schemaregistry/rules/encryption/tink/aes_gcm.ts
FN:33,(anonymous_6)
FN:39,(anonymous_7)
FN:61,(anonymous_8)
FN:93,fromRawKey
FNF:4
FNH:4
FNDA:17,(anonymous_6)
FNDA:6,(anonymous_7)
FNDA:11,(anonymous_8)
FNDA:17,fromRawKey
DA:7,3
DA:8,3
DA:10,3
DA:11,3
DA:12,3
DA:13,3
DA:19,3
DA:25,3
DA:32,3
DA:33,17
DA:34,17
DA:41,6
DA:42,6
DA:43,6
DA:45,6
DA:46,6
DA:51,6
DA:52,6
DA:55,6
DA:56,6
DA:63,11
DA:64,11
DA:65,0
DA:67,11
DA:68,11
DA:70,11
DA:71,11
DA:72,11
DA:77,11
DA:78,11
DA:80,11
DA:81,11
DA:88,0
DA:93,3
DA:94,17
DA:95,17
DA:96,17
DA:107,17
LF:38
LH:36
BRDA:42,0,0,6
BRDA:51,1,0,6
BRDA:64,2,0,0
BRDA:67,3,0,11
BRDA:77,4,0,11
BRF:5
BRH:4
end_of_record
TN:
SF:schemaregistry/rules/encryption/tink/aes_siv.ts
FN:19,(anonymous_6)
FN:25,(anonymous_7)
FN:33,(anonymous_8)
FN:40,fromRawKey
FNF:4
FNH:3
FNDA:1,(anonymous_6)
FNDA:0,(anonymous_7)
FNDA:1,(anonymous_8)
FNDA:1,fromRawKey
DA:7,3
DA:10,3
DA:11,3
DA:18,3
DA:19,1
DA:20,1
DA:27,0
DA:28,0
DA:35,1
DA:36,1
DA:40,3
DA:41,1
LF:12
LH:10
BRF:0
BRH:0
end_of_record
TN:
SF:schemaregistry/rules/encryption/tink/bytes.ts
FN:15,isEqual
FN:29,concat
FN:53,fromNumber
FN:87,fromHex
FN:106,toHex
FN:124,fromBase64
FN:141,toBase64
FN:161,fromByteString
FN:180,toByteString
FNF:9
FNH:1
FNDA:0,isEqual
FNDA:6,concat
FNDA:0,fromNumber
FNDA:0,fromHex
FNDA:0,toHex
FNDA:0,fromBase64
FNDA:0,toBase64
FNDA:0,fromByteString
FNDA:0,toByteString
DA:7,3
DA:15,3
DA:16,0
DA:17,0
DA:19,0
DA:20,0
DA:21,0
DA:23,0
DA:29,3
DA:30,6
DA:31,6
DA:33,12
DA:35,6
DA:36,6
DA:37,6
DA:39,12
DA:41,12
DA:43,6
DA:53,3
DA:54,0
DA:55,0
DA:57,0
DA:58,0
DA:60,0
DA:61,0
DA:64,0
DA:65,0
DA:66,0
DA:67,0
DA:68,0
DA:69,0
DA:70,0
DA:72,0
DA:73,0
DA:74,0
DA:76,0
DA:87,3
DA:88,0
DA:89,0
DA:92,0
DA:93,0
DA:94,0
DA:96,0
DA:106,3
DA:107,0
DA:108,0
DA:109,0
DA:110,0
DA:112,0
DA:124,3
DA:125,0
DA:126,0
DA:127,0
DA:129,0
DA:141,3
DA:142,0
DA:147,0
DA:148,0
DA:150,0
DA:161,3
DA:162,0
DA:163,0
DA:164,0
DA:165,0
DA:166,0
DA:168,0
DA:180,3
DA:181,0
DA:182,0
DA:183,0
DA:185,0
LF:71
LH:19
BRDA:16,0,0,0
BRDA:54,1,0,0
BRDA:54,2,0,0
BRDA:54,2,1,0
BRDA:57,3,0,0
BRDA:60,4,0,0
BRDA:88,5,0,0
BRDA:110,6,0,0
BRDA:110,6,1,0
BRDA:125,7,0,0
BRDA:147,8,0,0
BRF:11
BRH:0
end_of_record
TN:
SF:schemaregistry/rules/encryption/tink/hkdf.ts
FN:31,compute
FNF:1
FNH:1
FNDA:7,compute
DA:11,3
DA:13,3
DA:14,3
DA:31,3
DA:35,7
DA:36,0
DA:38,7
DA:39,0
DA:41,7
DA:43,0
DA:44,0
DA:45,0
DA:47,0
DA:49,7
DA:50,7
DA:51,0
DA:53,7
DA:55,0
DA:56,0
DA:57,0
DA:59,0
DA:61,0
DA:63,7
DA:64,7
DA:65,7
DA:66,7
DA:67,7
DA:69,7
DA:72,7
DA:73,7
DA:78,7
DA:79,7
DA:80,7
DA:81,7
DA:82,7
DA:83,7
DA:84,7
DA:85,7
DA:86,7
DA:87,7
DA:88,7
DA:89,7
DA:90,0
DA:91,0
DA:92,0
DA:94,7
DA:95,7
DA:98,7
LF:48
LH:33
BRDA:35,0,0,0
BRDA:38,1,0,0
BRDA:41,2,0,0
BRDA:41,2,1,7
BRDA:41,2,2,0
BRDA:41,2,3,0
BRDA:44,3,0,0
BRDA:50,4,0,0
BRDA:56,5,0,0
BRDA:66,6,0,7
BRDA:66,7,0,7
BRDA:66,7,1,0
BRDA:66,7,2,0
BRDA:89,8,0,0
BRDA:89,8,1,7
BRF:15
BRH:4
end_of_record
TN:
SF:schemaregistry/rules/encryption/tink/hmac.ts
FN:30,(anonymous_6)
FN:38,(anonymous_7)
FN:47,(anonymous_8)
FN:59,fromRawKey
FNF:4
FNH:3
FNDA:14,(anonymous_6)
FNDA:14,(anonymous_7)
FNDA:0,(anonymous_8)
FNDA:14,fromRawKey
DA:7,3
DA:8,3
DA:10,3
DA:11,3
DA:12,3
DA:18,3
DA:25,3
DA:31,14
DA:32,14
DA:33,14
DA:39,14
DA:40,14
DA:42,14
DA:48,0
DA:49,0
DA:50,0
DA:51,0
DA:59,3
DA:61,14
DA:62,14
DA:63,0
DA:65,14
DA:66,0
DA:69,14
DA:71,0
DA:72,0
DA:75,0
DA:77,14
DA:78,0
DA:81,14
DA:83,0
DA:84,0
DA:87,0
DA:89,0
DA:93,14
DA:97,14
LF:36
LH:22
BRDA:62,0,0,0
BRDA:65,1,0,0
BRDA:69,2,0,0
BRDA:69,2,1,14
BRDA:69,2,2,0
BRDA:69,2,3,0
BRDA:71,3,0,0
BRDA:77,4,0,0
BRDA:83,5,0,0
BRF:9
BRH:1
end_of_record
TN:
SF:schemaregistry/rules/encryption/tink/mac.ts
FNF:0
FNH:0
DA:18,3
LF:1
LH:1
BRF:0
BRH:0
end_of_record
TN:
SF:schemaregistry/rules/encryption/tink/random.ts
FN:21,randBytes
FNF:1
FNH:1
FNDA:8,randBytes
DA:11,3
DA:12,3
DA:21,3
DA:22,8
DA:23,0
DA:25,8
DA:26,8
DA:27,8
LF:8
LH:7
BRDA:22,0,0,0
BRDA:22,1,0,8
BRDA:22,1,1,8
BRF:3
BRH:2
end_of_record
TN:
SF:schemaregistry/rules/encryption/tink/validators.ts
FN:19,validateAesKeySize
FN:31,requireUint8Array
FN:46,validateVersion
FN:59,validateEcdsaParams
FNF:4
FNH:2
FNDA:17,validateAesKeySize
FNDA:100,requireUint8Array
FNDA:0,validateVersion
FNDA:0,validateEcdsaParams
DA:7,3
DA:8,3
DA:9,3
DA:19,3
DA:20,17
DA:21,0
DA:31,3
DA:32,100
DA:33,0
DA:46,3
DA:47,0
DA:48,0
DA:59,3
DA:60,0
DA:62,0
DA:63,0
DA:66,0
DA:68,0
DA:69,0
DA:73,0
DA:75,0
DA:76,0
DA:79,0
DA:81,0
LF:24
LH:9
BRDA:20,0,0,0
BRDA:32,1,0,0
BRDA:32,2,0,100
BRDA:32,2,1,100
BRDA:47,3,0,0
BRDA:47,4,0,0
BRDA:47,4,1,0
BRDA:60,5,0,0
BRDA:60,5,1,0
BRDA:60,5,2,0
BRDA:60,5,3,0
BRDA:62,6,0,0
BRDA:68,7,0,0
BRDA:68,8,0,0
BRDA:68,8,1,0
BRDA:75,9,0,0
BRF:16
BRH:2
end_of_record
TN:
SF:schemaregistry/rules/encryption/tink/exception/invalid_arguments_exception.ts
FN:12,(anonymous_0)
FNF:1
FNH:0
FNDA:0,(anonymous_0)
DA:11,3
DA:13,0
DA:14,0
DA:17,3
LF:4
LH:2
BRF:0
BRH:0
end_of_record
TN:
SF:schemaregistry/rules/encryption/tink/exception/security_exception.ts
FN:12,(anonymous_0)
FNF:1
FNH:0
FNDA:0,(anonymous_0)
DA:11,3
DA:13,0
DA:14,0
DA:17,3
LF:4
LH:2
BRF:0
BRH:0
end_of_record
TN:
SF:schemaregistry/rules/encryption/tink/proto/aes_gcm_pb.ts
FNF:0
FNH:0
DA:22,3
DA:28,3
DA:50,3
DA:72,3
LF:4
LH:4
BRF:0
BRH:0
end_of_record
TN:
SF:schemaregistry/rules/encryption/tink/proto/aes_siv_pb.ts
FNF:0
FNH:0
DA:22,3
DA:28,3
DA:52,3
DA:78,3
LF:4
LH:4
BRF:0
BRH:0
end_of_record
TN:
SF:schemaregistry/serde/avro.ts
FN:37,(anonymous_7)
FN:40,(anonymous_8)
FN:48,(anonymous_9)
FN:71,(anonymous_10)
FN:76,(anonymous_11)
FN:77,(anonymous_12)
FN:90,(anonymous_13)
FN:93,(anonymous_14)
FN:101,(anonymous_15)
FN:146,(anonymous_16)
FN:151,(anonymous_17)
FN:152,(anonymous_18)
FN:160,toType
FN:174,(anonymous_20)
FN:174,(anonymous_21)
FN:178,(anonymous_22)
FN:196,transform
FN:215,(anonymous_24)
FN:241,transformField
FN:271,getType
FN:308,disjoint
FN:317,resolveUnion
FN:336,getInlineTags
FN:346,getInlineTagsRecursively
FN:383,impliedNamespace
FNF:25
FNH:22
FNDA:2,(anonymous_7)
FNDA:1,(anonymous_8)
FNDA:2,(anonymous_9)
FNDA:1,(anonymous_10)
FNDA:3,(anonymous_11)
FNDA:2,(anonymous_12)
FNDA:5,(anonymous_13)
FNDA:4,(anonymous_14)
FNDA:5,(anonymous_15)
FNDA:4,(anonymous_16)
FNDA:9,(anonymous_17)
FNDA:5,(anonymous_18)
FNDA:12,toType
FNDA:7,(anonymous_20)
FNDA:53,(anonymous_21)
FNDA:0,(anonymous_22)
FNDA:18,transform
FNDA:0,(anonymous_24)
FNDA:13,transformField
FNDA:26,getType
FNDA:13,disjoint
FNDA:0,resolveUnion
FNDA:7,getInlineTags
FNDA:30,getInlineTagsRecursively
FNDA:7,impliedNamespace
DA:1,1
DA:9,1
DA:13,1
DA:20,1
DA:21,1
DA:22,1
DA:34,1
DA:38,2
DA:39,2
DA:40,2
DA:41,1
DA:43,2
DA:44,2
DA:49,2
DA:50,0
DA:52,2
DA:53,0
DA:56,2
DA:57,2
DA:61,2
DA:63,2
DA:64,2
DA:65,2
DA:67,2
DA:68,2
DA:72,1
DA:73,1
DA:77,3
DA:78,2
DA:79,2
DA:80,2
DA:87,1
DA:91,5
DA:92,5
DA:93,5
DA:94,4
DA:96,5
DA:97,5
DA:102,5
DA:103,0
DA:105,5
DA:106,0
DA:109,5
DA:110,5
DA:111,5
DA:112,5
DA:113,5
DA:114,0
DA:116,5
DA:119,5
DA:120,5
DA:121,0
DA:122,0
DA:124,5
DA:125,0
DA:126,0
DA:127,0
DA:129,0
DA:132,5
DA:136,5
DA:137,0
DA:139,5
DA:141,5
DA:143,5
DA:147,4
DA:148,4
DA:152,9
DA:153,5
DA:154,5
DA:155,5
DA:167,12
DA:168,12
DA:169,5
DA:172,7
DA:174,7
DA:178,53
DA:179,0
DA:181,53
DA:182,0
DA:184,53
DA:187,7
DA:188,7
DA:192,7
DA:193,7
DA:197,18
DA:198,0
DA:200,18
DA:201,18
DA:202,13
DA:204,18
DA:207,0
DA:208,0
DA:209,0
DA:211,0
DA:213,0
DA:214,0
DA:215,0
DA:217,0
DA:218,0
DA:219,0
DA:220,0
DA:222,0
DA:224,5
DA:225,5
DA:226,5
DA:227,13
DA:229,5
DA:231,13
DA:232,13
DA:233,13
DA:234,7
DA:237,6
DA:249,13
DA:250,13
DA:251,13
DA:258,13
DA:259,13
DA:260,0
DA:261,0
DA:264,13
DA:267,13
DA:272,26
DA:274,0
DA:276,0
DA:278,0
DA:280,0
DA:283,0
DA:285,0
DA:287,10
DA:289,4
DA:291,4
DA:294,0
DA:296,0
DA:298,4
DA:300,4
DA:302,0
DA:304,0
DA:309,13
DA:310,13
DA:311,7
DA:314,6
DA:318,0
DA:319,0
DA:320,0
DA:321,0
DA:322,0
DA:323,0
DA:324,0
DA:326,0
DA:327,0
DA:328,0
DA:329,0
DA:333,0
DA:337,7
DA:338,7
DA:339,7
DA:340,0
DA:342,7
DA:347,30
DA:348,23
DA:349,7
DA:350,0
DA:351,0
DA:353,7
DA:354,7
DA:355,7
DA:356,7
DA:357,7
DA:358,7
DA:359,7
DA:361,7
DA:362,7
DA:364,7
DA:365,0
DA:367,7
DA:368,7
DA:369,23
DA:370,23
DA:371,23
DA:372,7
DA:374,23
DA:375,23
DA:376,23
DA:384,7
DA:385,7
LF:185
LH:130
BRDA:39,0,0,2
BRDA:39,0,1,2
BRDA:44,1,0,2
BRDA:44,1,1,1
BRDA:49,2,0,0
BRDA:52,3,0,0
BRDA:92,4,0,5
BRDA:92,4,1,5
BRDA:97,5,0,5
BRDA:97,5,1,1
BRDA:102,6,0,0
BRDA:105,7,0,0
BRDA:113,8,0,0
BRDA:120,9,0,0
BRDA:120,9,1,5
BRDA:124,10,0,0
BRDA:124,10,1,5
BRDA:126,11,0,0
BRDA:126,11,1,0
BRDA:136,12,0,0
BRDA:136,12,1,5
BRDA:168,13,0,5
BRDA:181,14,0,0
BRDA:197,15,0,0
BRDA:197,16,0,18
BRDA:197,16,1,18
BRDA:201,17,0,13
BRDA:204,18,0,0
BRDA:204,18,1,0
BRDA:204,18,2,0
BRDA:204,18,3,0
BRDA:204,18,4,5
BRDA:204,18,5,13
BRDA:208,19,0,0
BRDA:231,20,0,13
BRDA:232,21,0,13
BRDA:232,21,1,0
BRDA:233,22,0,7
BRDA:233,23,0,13
BRDA:233,23,1,13
BRDA:233,23,2,13
BRDA:259,24,0,0
BRDA:259,24,1,13
BRDA:260,25,0,0
BRDA:272,26,0,0
BRDA:272,26,1,0
BRDA:272,26,2,0
BRDA:272,26,3,0
BRDA:272,26,4,0
BRDA:272,26,5,0
BRDA:272,26,6,0
BRDA:272,26,7,10
BRDA:272,26,8,4
BRDA:272,26,9,4
BRDA:272,26,10,0
BRDA:272,26,11,0
BRDA:272,26,12,0
BRDA:272,26,13,4
BRDA:272,26,14,4
BRDA:272,26,15,0
BRDA:272,26,16,0
BRDA:310,27,0,7
BRDA:319,28,0,0
BRDA:319,28,1,0
BRDA:322,29,0,0
BRDA:326,30,0,0
BRDA:328,31,0,0
BRDA:347,32,0,23
BRDA:347,32,1,7
BRDA:347,33,0,30
BRDA:347,33,1,30
BRDA:349,34,0,0
BRDA:349,34,1,7
BRDA:353,35,0,7
BRDA:355,36,0,7
BRDA:358,37,0,7
BRDA:361,38,0,7
BRDA:364,39,0,0
BRDA:364,40,0,7
BRDA:364,40,1,0
BRDA:371,41,0,7
BRDA:371,42,0,23
BRDA:371,42,1,7
BRDA:375,43,0,23
BRDA:385,44,0,0
BRDA:385,44,1,7
BRF:86
BRH:45
end_of_record
TN:
SF:schemaregistry/serde/buffer-wrapper.ts
FN:9,(anonymous_0)
FN:15,(anonymous_1)
FN:37,(anonymous_2)
FNF:3
FNH:3
FNDA:10,(anonymous_0)
FNDA:7,(anonymous_1)
FNDA:7,(anonymous_2)
DA:1,2
DA:2,2
DA:3,2
DA:5,2
DA:10,10
DA:11,10
DA:18,7
DA:20,5
DA:21,5
DA:22,6
DA:23,6
DA:27,2
DA:28,2
DA:29,10
DA:30,10
DA:33,7
DA:38,7
DA:39,7
DA:42,7
DA:43,14
DA:44,14
DA:45,14
DA:46,14
DA:49,7
DA:51,2
DA:52,2
DA:53,2
DA:54,2
DA:55,2
DA:56,2
DA:58,2
DA:61,5
LF:32
LH:32
BRDA:18,0,0,5
BRDA:18,0,1,2
BRDA:18,1,0,7
BRDA:18,1,1,6
BRDA:20,2,0,5
BRDA:20,2,1,0
BRDA:24,3,0,6
BRDA:24,3,1,1
BRDA:27,4,0,1
BRDA:27,4,1,1
BRDA:31,5,0,10
BRDA:31,5,1,8
BRDA:47,6,0,14
BRDA:47,6,1,9
BRDA:49,7,0,2
BRDA:58,8,0,1
BRDA:58,8,1,1
BRF:17
BRH:16
end_of_record
TN:
SF:schemaregistry/serde/json-util.ts
FN:17,generateSchema
FN:93,(anonymous_2)
FN:110,deepEqual
FNF:3
FNH:2
FNDA:12,generateSchema
FNDA:10,(anonymous_2)
FNDA:0,deepEqual
DA:8,1
DA:9,1
DA:17,1
DA:18,12
DA:24,0
DA:30,0
DA:36,4
DA:42,2
DA:48,4
DA:49,0
DA:55,4
DA:56,0
DA:59,4
DA:60,0
DA:63,4
DA:69,0
DA:70,0
DA:73,0
DA:74,0
DA:75,0
DA:76,0
DA:80,0
DA:86,2
DA:87,0
DA:90,2
DA:94,10
DA:95,10
DA:110,1
DA:111,0
DA:112,0
DA:113,0
DA:114,0
DA:116,0
DA:118,0
DA:120,0
LF:35
LH:15
BRDA:18,0,0,0
BRDA:18,0,1,0
BRDA:18,0,2,0
BRDA:18,0,3,0
BRDA:18,0,4,0
BRDA:18,0,5,0
BRDA:18,0,6,4
BRDA:18,0,7,2
BRDA:18,0,8,4
BRDA:18,0,9,0
BRDA:18,0,10,2
BRDA:36,1,0,2
BRDA:36,1,1,2
BRDA:48,2,0,0
BRDA:51,3,0,0
BRDA:51,3,1,0
BRDA:55,4,0,0
BRDA:59,5,0,0
BRDA:69,6,0,0
BRDA:73,7,0,0
BRDA:75,8,0,0
BRDA:86,9,0,0
BRDA:113,10,0,0
BRF:23
BRH:6
end_of_record
TN:
SF:schemaregistry/serde/json.ts
FN:56,(anonymous_7)
FN:60,(anonymous_8)
FN:68,(anonymous_9)
FN:94,(anonymous_10)
FN:102,(anonymous_11)
FN:103,(anonymous_12)
FN:110,(anonymous_13)
FN:111,(anonymous_14)
FN:126,(anonymous_15)
FN:130,(anonymous_16)
FN:138,(anonymous_17)
FN:175,(anonymous_18)
FN:180,(anonymous_19)
FN:181,(anonymous_20)
FN:188,(anonymous_21)
FN:189,(anonymous_22)
FN:198,toValidateFunction
FN:216,(anonymous_24)
FN:224,(anonymous_25)
FN:233,toType
FN:247,(anonymous_27)
FN:267,transform
FN:329,transformField
FN:348,validateSubschemas
FN:360,getType
FN:396,getInlineTags
FN:401,disjoint
FNF:27
FNH:15
FNDA:2,(anonymous_7)
FNDA:1,(anonymous_8)
FNDA:2,(anonymous_9)
FNDA:1,(anonymous_10)
FNDA:1,(anonymous_11)
FNDA:1,(anonymous_12)
FNDA:0,(anonymous_13)
FNDA:0,(anonymous_14)
FNDA:2,(anonymous_15)
FNDA:1,(anonymous_16)
FNDA:2,(anonymous_17)
FNDA:1,(anonymous_18)
FNDA:1,(anonymous_19)
FNDA:1,(anonymous_20)
FNDA:0,(anonymous_21)
FNDA:0,(anonymous_22)
FNDA:0,toValidateFunction
FNDA:0,(anonymous_24)
FNDA:0,(anonymous_25)
FNDA:2,toType
FNDA:0,(anonymous_27)
FNDA:2,transform
FNDA:0,transformField
FNDA:0,validateSubschemas
FNDA:2,getType
FNDA:0,getInlineTags
FNDA:0,disjoint
DA:1,1
DA:9,1
DA:14,1
DA:15,1
DA:16,1
DA:17,1
DA:22,1
DA:25,1
DA:28,1
DA:29,1
DA:30,1
DA:31,1
DA:32,1
DA:52,1
DA:57,2
DA:58,2
DA:59,2
DA:60,2
DA:61,1
DA:63,2
DA:64,2
DA:69,2
DA:70,0
DA:72,2
DA:73,0
DA:76,2
DA:77,2
DA:81,2
DA:82,2
DA:83,2
DA:84,2
DA:85,2
DA:86,0
DA:87,0
DA:88,0
DA:91,2
DA:95,1
DA:96,1
DA:97,0
DA:99,1
DA:103,1
DA:104,1
DA:105,1
DA:106,1
DA:111,0
DA:112,0
DA:113,0
DA:114,0
DA:122,1
DA:127,2
DA:128,2
DA:129,2
DA:130,2
DA:131,1
DA:133,2
DA:134,2
DA:139,2
DA:140,0
DA:142,2
DA:143,0
DA:146,2
DA:147,2
DA:148,0
DA:149,0
DA:150,0
DA:154,2
DA:155,2
DA:156,2
DA:157,2
DA:158,0
DA:160,2
DA:161,2
DA:162,2
DA:163,0
DA:166,2
DA:167,0
DA:169,2
DA:171,2
DA:172,2
DA:176,1
DA:177,1
DA:181,1
DA:182,1
DA:183,1
DA:184,1
DA:189,0
DA:190,0
DA:191,0
DA:192,0
DA:205,0
DA:206,0
DA:207,0
DA:210,0
DA:212,0
DA:213,0
DA:214,0
DA:215,0
DA:216,0
DA:217,0
DA:219,0
DA:221,0
DA:222,0
DA:223,0
DA:224,0
DA:225,0
DA:227,0
DA:229,0
DA:230,0
DA:240,2
DA:241,2
DA:242,0
DA:245,2
DA:247,2
DA:248,0
DA:249,0
DA:250,0
DA:252,0
DA:255,2
DA:256,2
DA:258,2
DA:259,0
DA:261,2
DA:263,2
DA:264,2
DA:268,2
DA:269,0
DA:271,2
DA:272,2
DA:273,0
DA:275,2
DA:276,0
DA:277,0
DA:278,0
DA:281,2
DA:282,0
DA:283,0
DA:284,0
DA:287,2
DA:288,0
DA:289,0
DA:290,0
DA:293,2
DA:294,0
DA:295,0
DA:296,0
DA:300,2
DA:301,0
DA:303,2
DA:304,2
DA:306,0
DA:307,0
DA:308,0
DA:309,0
DA:312,0
DA:318,0
DA:319,0
DA:320,0
DA:321,0
DA:326,2
DA:332,0
DA:333,0
DA:334,0
DA:335,0
DA:336,0
DA:337,0
DA:338,0
DA:341,0
DA:344,0
DA:349,0
DA:350,0
DA:351,0
DA:352,0
DA:357,0
DA:361,2
DA:362,0
DA:364,2
DA:365,2
DA:367,0
DA:368,0
DA:370,0
DA:371,0
DA:373,0
DA:375,0
DA:376,0
DA:378,0
DA:380,0
DA:382,0
DA:384,0
DA:386,0
DA:388,0
DA:390,0
DA:392,0
DA:397,0
DA:398,0
DA:402,0
DA:403,0
DA:404,0
DA:407,0
LF:198
LH:91
BRDA:58,0,0,2
BRDA:58,0,1,2
BRDA:59,1,0,2
BRDA:59,1,1,2
BRDA:64,2,0,2
BRDA:64,2,1,1
BRDA:69,3,0,0
BRDA:72,4,0,0
BRDA:85,5,0,0
BRDA:87,6,0,0
BRDA:87,7,0,0
BRDA:87,7,1,0
BRDA:96,8,0,0
BRDA:128,9,0,2
BRDA:128,9,1,2
BRDA:129,10,0,2
BRDA:129,10,1,2
BRDA:134,11,0,2
BRDA:134,11,1,1
BRDA:139,12,0,0
BRDA:142,13,0,0
BRDA:147,14,0,0
BRDA:149,15,0,0
BRDA:149,16,0,0
BRDA:149,16,1,0
BRDA:157,17,0,0
BRDA:162,18,0,0
BRDA:166,19,0,0
BRDA:166,19,1,2
BRDA:206,20,0,0
BRDA:214,21,0,0
BRDA:214,21,1,0
BRDA:241,22,0,0
BRDA:249,23,0,0
BRDA:258,24,0,0
BRDA:258,24,1,2
BRDA:268,25,0,0
BRDA:268,26,0,2
BRDA:268,26,1,2
BRDA:268,26,2,2
BRDA:272,27,0,0
BRDA:275,28,0,0
BRDA:275,29,0,2
BRDA:275,29,1,0
BRDA:277,30,0,0
BRDA:281,31,0,0
BRDA:281,32,0,2
BRDA:281,32,1,0
BRDA:283,33,0,0
BRDA:287,34,0,0
BRDA:287,35,0,2
BRDA:287,35,1,0
BRDA:289,36,0,0
BRDA:293,37,0,0
BRDA:294,38,0,0
BRDA:300,39,0,0
BRDA:304,40,0,0
BRDA:304,40,1,0
BRDA:304,40,2,0
BRDA:304,40,3,0
BRDA:304,40,4,0
BRDA:304,40,5,0
BRDA:306,41,0,0
BRDA:318,42,0,0
BRDA:320,43,0,0
BRDA:320,44,0,0
BRDA:320,44,1,0
BRDA:320,44,2,0
BRDA:336,45,0,0
BRDA:336,45,1,0
BRDA:337,46,0,0
BRDA:361,47,0,0
BRDA:364,48,0,2
BRDA:367,49,0,0
BRDA:370,50,0,0
BRDA:370,51,0,0
BRDA:370,51,1,0
BRDA:373,52,0,0
BRDA:373,52,1,0
BRDA:373,52,2,0
BRDA:373,52,3,0
BRDA:373,52,4,0
BRDA:373,52,5,0
BRDA:373,52,6,0
BRDA:373,52,7,0
BRDA:375,53,0,0
BRDA:375,54,0,0
BRDA:375,54,1,0
BRDA:403,55,0,0
BRF:89
BRH:21
end_of_record
TN:
SF:schemaregistry/serde/protobuf.ts
FN:100,(anonymous_1)
FN:105,(anonymous_2)
FN:113,(anonymous_3)
FN:139,(anonymous_4)
FN:160,(anonymous_5)
FN:166,(anonymous_6)
FN:168,(anonymous_7)
FN:175,(anonymous_8)
FN:217,(anonymous_9)
FN:228,(anonymous_10)
FN:246,(anonymous_11)
FN:265,(anonymous_12)
FN:284,(anonymous_13)
FN:288,(anonymous_14)
FN:296,(anonymous_15)
FN:327,(anonymous_16)
FN:339,(anonymous_17)
FN:352,(anonymous_18)
FN:356,(anonymous_19)
FN:377,(anonymous_20)
FN:388,(anonymous_21)
FN:396,(anonymous_22)
FN:405,transform
FN:436,transformField
FN:460,getType
FN:499,getInlineTags
FN:508,disjoint
FN:517,isBuiltin
FNF:28
FNH:27
FNDA:2,(anonymous_1)
FNDA:1,(anonymous_2)
FNDA:2,(anonymous_3)
FNDA:2,(anonymous_4)
FNDA:2,(anonymous_5)
FNDA:2,(anonymous_6)
FNDA:2,(anonymous_7)
FNDA:2,(anonymous_8)
FNDA:2,(anonymous_9)
FNDA:2,(anonymous_10)
FNDA:2,(anonymous_11)
FNDA:1,(anonymous_12)
FNDA:2,(anonymous_13)
FNDA:1,(anonymous_14)
FNDA:2,(anonymous_15)
FNDA:1,(anonymous_16)
FNDA:2,(anonymous_17)
FNDA:2,(anonymous_18)
FNDA:2,(anonymous_19)
FNDA:2,(anonymous_20)
FNDA:2,(anonymous_21)
FNDA:0,(anonymous_22)
FNDA:14,transform
FNDA:8,transformField
FNDA:8,getType
FNDA:8,getInlineTags
FNDA:12,disjoint
FNDA:6,isBuiltin
DA:1,1
DA:11,1
DA:16,1
DA:26,1
DA:38,1
DA:39,1
DA:40,1
DA:41,1
DA:42,1
DA:43,1
DA:44,1
DA:45,1
DA:46,1
DA:47,1
DA:48,1
DA:49,1
DA:50,1
DA:51,1
DA:52,1
DA:53,1
DA:54,1
DA:55,1
DA:56,1
DA:58,1
DA:95,1
DA:101,2
DA:102,2
DA:103,2
DA:104,2
DA:105,2
DA:106,1
DA:108,2
DA:109,2
DA:114,2
DA:115,0
DA:117,2
DA:118,0
DA:121,2
DA:122,2
DA:123,0
DA:125,2
DA:126,2
DA:127,0
DA:129,2
DA:130,2
DA:131,2
DA:132,2
DA:133,2
DA:134,2
DA:135,2
DA:136,2
DA:140,2
DA:141,2
DA:142,0
DA:144,2
DA:145,2
DA:146,2
DA:147,2
DA:149,2
DA:156,2
DA:157,2
DA:161,2
DA:162,2
DA:163,2
DA:167,2
DA:168,2
DA:169,2
DA:170,0
DA:177,2
DA:178,2
DA:179,2
DA:180,2
DA:181,2
DA:183,0
DA:184,0
DA:185,0
DA:187,0
DA:189,2
DA:194,2
DA:195,2
DA:196,2
DA:197,0
DA:198,0
DA:200,0
DA:203,0
DA:205,2
DA:218,2
DA:219,2
DA:220,2
DA:221,2
DA:222,2
DA:223,2
DA:225,2
DA:229,2
DA:230,2
DA:231,2
DA:235,2
DA:236,2
DA:237,2
DA:238,2
DA:240,0
DA:241,0
DA:242,0
DA:247,2
DA:248,2
DA:249,2
DA:250,2
DA:251,2
DA:252,2
DA:256,0
DA:257,0
DA:258,0
DA:262,0
DA:266,1
DA:267,1
DA:268,0
DA:270,1
DA:271,1
DA:272,0
DA:274,1
DA:280,1
DA:285,2
DA:286,2
DA:287,2
DA:288,2
DA:289,1
DA:291,2
DA:292,2
DA:297,2
DA:298,0
DA:300,2
DA:301,0
DA:304,2
DA:305,2
DA:306,2
DA:307,2
DA:309,2
DA:310,2
DA:312,2
DA:313,2
DA:318,2
DA:319,0
DA:321,2
DA:323,2
DA:324,2
DA:328,1
DA:329,1
DA:330,0
DA:332,1
DA:333,1
DA:334,0
DA:336,1
DA:340,2
DA:341,2
DA:342,0
DA:344,2
DA:345,2
DA:346,0
DA:348,2
DA:349,2
DA:353,2
DA:354,2
DA:355,2
DA:356,2
DA:357,2
DA:358,2
DA:359,2
DA:360,0
DA:362,2
DA:364,0
DA:365,0
DA:366,0
DA:368,0
DA:372,2
DA:373,2
DA:374,2
DA:378,2
DA:379,2
DA:380,2
DA:381,2
DA:382,2
DA:383,2
DA:385,2
DA:389,2
DA:390,2
DA:391,2
DA:393,0
DA:397,0
DA:398,0
DA:399,0
DA:401,0
DA:406,14
DA:407,0
DA:409,14
DA:410,2
DA:411,4
DA:414,14
DA:415,0
DA:417,14
DA:418,14
DA:419,2
DA:420,2
DA:421,8
DA:422,8
DA:424,2
DA:426,12
DA:427,12
DA:428,12
DA:429,12
DA:430,4
DA:433,8
DA:438,8
DA:439,8
DA:446,8
DA:447,8
DA:448,8
DA:449,0
DA:450,0
DA:453,8
DA:456,8
DA:461,8
DA:463,0
DA:465,2
DA:467,0
DA:469,0
DA:471,6
DA:473,2
DA:475,2
DA:481,2
DA:487,0
DA:490,0
DA:492,0
DA:495,0
DA:500,8
DA:501,8
DA:502,4
DA:503,4
DA:505,4
DA:509,12
DA:510,12
DA:511,4
DA:514,8
DA:518,6
LF:243
LH:192
BRDA:102,0,0,2
BRDA:102,0,1,2
BRDA:103,1,0,2
BRDA:103,1,1,2
BRDA:104,2,0,2
BRDA:104,2,1,2
BRDA:109,3,0,2
BRDA:109,3,1,1
BRDA:114,4,0,0
BRDA:117,5,0,0
BRDA:122,6,0,0
BRDA:126,7,0,0
BRDA:141,8,0,0
BRDA:169,9,0,0
BRDA:180,10,0,2
BRDA:184,11,0,0
BRDA:196,12,0,0
BRDA:197,13,0,0
BRDA:197,13,1,0
BRDA:231,14,0,2
BRDA:231,14,1,0
BRDA:248,15,0,2
BRDA:248,15,1,0
BRDA:251,16,0,2
BRDA:257,17,0,0
BRDA:267,18,0,0
BRDA:271,19,0,0
BRDA:287,20,0,2
BRDA:287,20,1,2
BRDA:292,21,0,2
BRDA:292,21,1,1
BRDA:297,22,0,0
BRDA:300,23,0,0
BRDA:318,24,0,0
BRDA:318,24,1,2
BRDA:329,25,0,0
BRDA:333,26,0,0
BRDA:341,27,0,0
BRDA:345,28,0,0
BRDA:357,29,0,2
BRDA:357,29,1,0
BRDA:359,30,0,0
BRDA:365,31,0,0
BRDA:390,32,0,2
BRDA:398,33,0,0
BRDA:406,34,0,0
BRDA:406,35,0,14
BRDA:406,35,1,14
BRDA:409,36,0,2
BRDA:414,37,0,0
BRDA:418,38,0,2
BRDA:427,39,0,12
BRDA:428,40,0,12
BRDA:428,40,1,0
BRDA:429,41,0,4
BRDA:429,42,0,12
BRDA:429,42,1,12
BRDA:429,42,2,12
BRDA:448,43,0,0
BRDA:448,43,1,8
BRDA:449,44,0,0
BRDA:461,45,0,0
BRDA:461,45,1,2
BRDA:461,45,2,0
BRDA:461,45,3,0
BRDA:461,45,4,6
BRDA:461,45,5,0
BRDA:471,46,0,2
BRDA:471,46,1,2
BRDA:471,46,2,2
BRDA:471,46,3,2
BRDA:471,46,4,2
BRDA:471,46,5,2
BRDA:471,46,6,2
BRDA:471,46,7,0
BRDA:471,46,8,0
BRDA:471,46,9,0
BRDA:471,46,10,0
BRDA:471,46,11,0
BRDA:471,46,12,0
BRDA:471,46,13,0
BRDA:471,46,14,0
BRDA:501,47,0,4
BRDA:501,48,0,8
BRDA:501,48,1,4
BRDA:510,49,0,4
BRDA:518,50,0,6
BRDA:518,50,1,0
BRDA:518,50,2,0
BRF:89
BRH:44
end_of_record
TN:
SF:schemaregistry/serde/rule-registry.ts
FN:9,registerRuleExecutor
FN:14,getRuleExecutor
FN:19,getRuleExecutors
FN:24,registerRuleAction
FN:29,getRuleAction
FN:34,getRuleActions
FN:39,clearRules
FNF:7
FNH:3
FNDA:3,registerRuleExecutor
FNDA:9,getRuleExecutor
FNDA:15,getRuleExecutors
FNDA:0,registerRuleAction
FNDA:0,getRuleAction
FNDA:0,getRuleActions
FNDA:0,clearRules
DA:3,3
DA:5,3
DA:9,3
DA:10,3
DA:14,3
DA:15,9
DA:19,3
DA:20,15
DA:24,3
DA:25,0
DA:29,3
DA:30,0
DA:34,3
DA:35,0
DA:39,3
DA:40,0
DA:41,0
LF:17
LH:12
BRF:0
BRH:0
end_of_record
TN:
SF:schemaregistry/serde/serde.ts
FN:13,(anonymous_0)
FN:22,(anonymous_1)
FN:50,(anonymous_2)
FN:58,(anonymous_3)
FN:62,(anonymous_4)
FN:67,(anonymous_5)
FN:86,(anonymous_6)
FN:166,(anonymous_7)
FN:186,(anonymous_8)
FN:204,(anonymous_9)
FN:224,(anonymous_10)
FN:228,(anonymous_11)
FN:236,(anonymous_12)
FN:265,(anonymous_13)
FN:282,(anonymous_14)
FN:286,(anonymous_15)
FN:290,(anonymous_16)
FN:304,(anonymous_17)
FN:316,(anonymous_18)
FN:320,(anonymous_19)
FN:323,(anonymous_20)
FN:327,(anonymous_21)
FN:330,(anonymous_22)
FN:335,(anonymous_23)
FN:348,(anonymous_24)
FN:407,(anonymous_25)
FN:423,(anonymous_26)
FN:439,(anonymous_27)
FN:462,(anonymous_28)
FN:479,(anonymous_29)
FN:498,(anonymous_30)
FN:506,(anonymous_31)
FN:514,(anonymous_32)
FN:530,(anonymous_33)
FN:545,(anonymous_34)
FN:574,(anonymous_35)
FN:583,(anonymous_36)
FN:614,areTransformsWithSameTag
FN:631,(anonymous_38)
FN:639,(anonymous_39)
FN:646,(anonymous_40)
FN:652,(anonymous_41)
FN:676,(anonymous_42)
FN:679,(anonymous_43)
FN:683,(anonymous_44)
FN:687,(anonymous_45)
FN:693,(anonymous_46)
FN:696,(anonymous_47)
FN:700,(anonymous_48)
FN:704,(anonymous_49)
FN:711,(anonymous_50)
FN:720,(anonymous_51)
FN:725,(anonymous_52)
FNF:53
FNH:29
FNDA:3,(anonymous_0)
FNDA:0,(anonymous_1)
FNDA:15,(anonymous_2)
FNDA:0,(anonymous_3)
FNDA:30,(anonymous_4)
FNDA:11,(anonymous_5)
FNDA:15,(anonymous_6)
FNDA:9,(anonymous_7)
FNDA:9,(anonymous_8)
FNDA:9,(anonymous_9)
FNDA:6,(anonymous_10)
FNDA:36,(anonymous_11)
FNDA:6,(anonymous_12)
FNDA:6,(anonymous_13)
FNDA:9,(anonymous_14)
FNDA:24,(anonymous_15)
FNDA:9,(anonymous_16)
FNDA:9,(anonymous_17)
FNDA:0,(anonymous_18)
FNDA:0,(anonymous_19)
FNDA:0,(anonymous_20)
FNDA:0,(anonymous_21)
FNDA:0,(anonymous_22)
FNDA:0,(anonymous_23)
FNDA:0,(anonymous_24)
FNDA:0,(anonymous_25)
FNDA:0,(anonymous_26)
FNDA:30,(anonymous_27)
FNDA:9,(anonymous_28)
FNDA:41,(anonymous_29)
FNDA:13,(anonymous_30)
FNDA:32,(anonymous_31)
FNDA:21,(anonymous_32)
FNDA:21,(anonymous_33)
FNDA:21,(anonymous_34)
FNDA:3,(anonymous_35)
FNDA:9,(anonymous_36)
FNDA:0,areTransformsWithSameTag
FNDA:21,(anonymous_38)
FNDA:0,(anonymous_39)
FNDA:0,(anonymous_40)
FNDA:3,(anonymous_41)
FNDA:0,(anonymous_42)
FNDA:0,(anonymous_43)
FNDA:0,(anonymous_44)
FNDA:0,(anonymous_45)
FNDA:0,(anonymous_46)
FNDA:0,(anonymous_47)
FNDA:9,(anonymous_48)
FNDA:0,(anonymous_49)
FNDA:0,(anonymous_50)
FNDA:0,(anonymous_51)
FNDA:0,(anonymous_52)
DA:1,3
DA:2,3
DA:10,3
DA:13,3
DA:14,3
DA:15,3
DA:18,3
DA:20,3
DA:23,0
DA:44,3
DA:48,15
DA:51,15
DA:52,15
DA:53,15
DA:59,0
DA:63,30
DA:64,30
DA:68,11
DA:69,11
DA:70,10
DA:72,1
DA:73,0
DA:74,0
DA:81,0
DA:82,0
DA:89,15
DA:90,0
DA:93,15
DA:95,0
DA:96,0
DA:98,0
DA:99,0
DA:101,15
DA:102,15
DA:104,9
DA:106,15
DA:108,15
DA:109,6
DA:111,9
DA:112,9
DA:113,9
DA:114,0
DA:116,9
DA:117,9
DA:119,9
DA:120,0
DA:122,9
DA:124,0
DA:125,0
DA:127,0
DA:129,0
DA:130,0
DA:132,0
DA:134,9
DA:136,9
DA:137,9
DA:138,0
DA:140,0
DA:142,9
DA:143,9
DA:144,9
DA:146,0
DA:147,0
DA:149,0
DA:151,9
DA:152,9
DA:154,9
DA:157,0
DA:158,0
DA:160,0
DA:163,9
DA:168,9
DA:169,9
DA:170,9
DA:172,9
DA:173,9
DA:174,0
DA:176,9
DA:177,9
DA:179,0
DA:180,0
DA:182,0
DA:187,9
DA:188,9
DA:190,0
DA:191,0
DA:192,0
DA:195,0
DA:198,0
DA:201,0
DA:205,9
DA:206,0
DA:207,9
DA:208,9
DA:210,0
DA:223,3
DA:225,6
DA:229,36
DA:237,6
DA:238,6
DA:239,6
DA:240,6
DA:241,6
DA:243,6
DA:244,6
DA:245,6
DA:246,3
DA:247,3
DA:248,0
DA:249,0
DA:250,0
DA:251,0
DA:253,3
DA:254,0
DA:255,0
DA:256,3
DA:257,3
DA:258,3
DA:260,0
DA:262,6
DA:266,6
DA:267,6
DA:268,6
DA:281,3
DA:283,9
DA:287,24
DA:291,9
DA:292,9
DA:293,0
DA:299,9
DA:300,9
DA:301,9
DA:305,9
DA:306,9
DA:307,9
DA:308,0
DA:310,9
DA:311,0
DA:313,9
DA:317,0
DA:320,0
DA:321,0
DA:323,0
DA:324,0
DA:327,0
DA:328,0
DA:330,0
DA:331,0
DA:336,0
DA:337,0
DA:339,0
DA:340,0
DA:341,0
DA:342,0
DA:345,0
DA:350,0
DA:351,0
DA:360,0
DA:363,0
DA:364,0
DA:365,0
DA:366,0
DA:367,0
DA:368,0
DA:369,0
DA:370,0
DA:372,0
DA:374,0
DA:375,0
DA:376,0
DA:377,0
DA:378,0
DA:379,0
DA:380,0
DA:382,0
DA:384,0
DA:385,0
DA:391,0
DA:397,0
DA:399,0
DA:401,0
DA:402,0
DA:404,0
DA:409,0
DA:410,0
DA:412,0
DA:413,0
DA:414,0
DA:415,0
DA:416,0
DA:417,0
DA:419,0
DA:420,0
DA:424,0
DA:426,0
DA:428,0
DA:439,3
DA:440,30
DA:441,30
DA:442,0
DA:444,30
DA:448,3
DA:465,9
DA:466,9
DA:467,9
DA:468,9
DA:469,9
DA:470,9
DA:471,9
DA:472,9
DA:473,9
DA:474,9
DA:475,9
DA:476,9
DA:480,41
DA:481,41
DA:482,0
DA:484,41
DA:485,41
DA:486,25
DA:488,16
DA:489,16
DA:490,0
DA:491,0
DA:492,0
DA:495,16
DA:499,13
DA:500,13
DA:501,7
DA:503,6
DA:507,32
DA:508,32
DA:509,7
DA:511,25
DA:515,21
DA:516,21
DA:517,0
DA:519,21
DA:526,21
DA:527,21
DA:531,21
DA:532,21
DA:533,21
DA:534,0
DA:535,0
DA:536,0
DA:537,0
DA:542,21
DA:546,21
DA:547,21
DA:574,3
DA:575,3
DA:585,9
DA:588,3
DA:589,0
DA:590,0
DA:592,0
DA:595,3
DA:598,6
DA:599,0
DA:600,0
DA:602,0
DA:605,6
DA:607,9
DA:608,9
DA:615,0
DA:624,3
DA:632,21
DA:633,21
DA:634,21
DA:635,21
DA:636,21
DA:640,0
DA:641,0
DA:647,0
DA:652,3
DA:653,3
DA:654,3
DA:655,3
DA:656,3
DA:657,3
DA:658,3
DA:659,3
DA:660,3
DA:661,3
DA:662,3
DA:663,3
DA:664,3
DA:665,3
DA:666,3
DA:675,3
DA:680,0
DA:684,0
DA:692,3
DA:697,0
DA:701,9
DA:709,3
DA:712,0
DA:717,3
DA:721,0
DA:722,0
DA:726,0
DA:727,0
DA:728,0
DA:729,0
DA:731,0
DA:733,0
LF:307
LH:169
BRDA:13,0,0,3
BRDA:13,0,1,3
BRDA:63,1,0,30
BRDA:63,1,1,30
BRDA:69,2,0,10
BRDA:89,3,0,0
BRDA:89,4,0,15
BRDA:89,4,1,15
BRDA:93,5,0,0
BRDA:93,5,1,0
BRDA:93,5,2,15
BRDA:102,6,0,9
BRDA:108,7,0,6
BRDA:113,8,0,0
BRDA:117,9,0,9
BRDA:117,9,1,0
BRDA:117,9,2,0
BRDA:119,10,0,0
BRDA:119,11,0,9
BRDA:119,11,1,6
BRDA:124,12,0,0
BRDA:124,13,0,0
BRDA:124,13,1,0
BRDA:129,14,0,0
BRDA:137,15,0,0
BRDA:144,16,0,0
BRDA:144,16,1,9
BRDA:146,17,0,0
BRDA:154,18,0,9
BRDA:154,18,1,0
BRDA:155,19,0,9
BRDA:155,19,1,0
BRDA:157,20,0,0
BRDA:169,21,0,9
BRDA:173,22,0,0
BRDA:179,23,0,0
BRDA:187,24,0,9
BRDA:187,25,0,9
BRDA:187,25,1,0
BRDA:190,26,0,0
BRDA:190,27,0,0
BRDA:190,27,1,0
BRDA:190,27,2,0
BRDA:192,28,0,0
BRDA:192,28,1,0
BRDA:192,28,2,0
BRDA:192,28,3,0
BRDA:205,29,0,0
BRDA:205,29,1,9
BRDA:207,30,0,9
BRDA:245,31,0,3
BRDA:245,31,1,3
BRDA:247,32,0,0
BRDA:247,32,1,3
BRDA:247,33,0,3
BRDA:247,33,1,0
BRDA:250,34,0,0
BRDA:253,35,0,0
BRDA:253,35,1,3
BRDA:253,36,0,3
BRDA:253,36,1,0
BRDA:256,37,0,3
BRDA:256,37,1,0
BRDA:292,38,0,0
BRDA:307,39,0,0
BRDA:307,40,0,9
BRDA:307,40,1,0
BRDA:310,41,0,0
BRDA:317,42,0,0
BRDA:317,42,1,0
BRDA:317,42,2,0
BRDA:317,42,3,0
BRDA:317,42,4,0
BRDA:317,42,5,0
BRDA:321,43,0,0
BRDA:321,43,1,0
BRDA:328,44,0,0
BRDA:328,44,1,0
BRDA:336,45,0,0
BRDA:341,46,0,0
BRDA:341,47,0,0
BRDA:341,47,1,0
BRDA:363,48,0,0
BRDA:363,48,1,0
BRDA:367,49,0,0
BRDA:367,49,1,0
BRDA:378,50,0,0
BRDA:382,51,0,0
BRDA:382,52,0,0
BRDA:382,52,1,0
BRDA:384,53,0,0
BRDA:384,53,1,0
BRDA:401,54,0,0
BRDA:409,55,0,0
BRDA:441,56,0,0
BRDA:481,57,0,0
BRDA:485,58,0,25
BRDA:489,59,0,0
BRDA:489,60,0,16
BRDA:489,60,1,0
BRDA:491,61,0,0
BRDA:500,62,0,7
BRDA:508,63,0,7
BRDA:533,64,0,0
BRDA:535,65,0,0
BRDA:585,66,0,3
BRDA:585,66,1,3
BRDA:585,66,2,6
BRDA:585,66,3,6
BRDA:590,67,0,0
BRDA:600,68,0,0
BRDA:615,69,0,0
BRDA:615,69,1,0
BRDA:615,69,2,0
BRDA:615,69,3,0
BRDA:615,69,4,0
BRDA:615,69,5,0
BRDA:615,69,6,0
BRDA:641,70,0,0
BRDA:641,70,1,0
BRDA:641,70,2,0
BRDA:641,70,3,0
BRDA:641,70,4,0
BRDA:641,70,5,0
BRDA:641,70,6,0
BRDA:641,70,7,0
BRDA:652,71,0,3
BRDA:652,71,1,3
BRDA:727,72,0,0
BRDA:728,73,0,0
BRF:130
BRH:39
end_of_record
TN:
SF:schemaregistry/serde/wildcard-matcher.ts
FN:23,match
FN:35,wildcardToRegexp
FN:79,doubleSlashes
FNF:3
FNH:2
FNDA:27,match
FNDA:27,wildcardToRegexp
FNDA:0,doubleSlashes
DA:23,4
DA:24,27
DA:26,27
DA:27,27
DA:29,0
DA:31,27
DA:32,27
DA:36,27
DA:37,27
DA:38,27
DA:39,27
DA:40,27
DA:41,121
DA:42,121
DA:43,121
DA:46,21
DA:47,2
DA:48,2
DA:50,19
DA:52,21
DA:54,8
DA:55,8
DA:66,6
DA:67,6
DA:69,0
DA:70,0
DA:72,86
DA:73,86
DA:76,27
DA:81,0
DA:82,0
DA:83,0
DA:84,0
DA:87,0
DA:89,0
LF:35
LH:26
BRDA:32,0,0,27
BRDA:32,0,1,20
BRDA:43,1,0,21
BRDA:43,1,1,8
BRDA:43,1,2,6
BRDA:43,1,3,6
BRDA:43,1,4,6
BRDA:43,1,5,6
BRDA:43,1,6,6
BRDA:43,1,7,6
BRDA:43,1,8,6
BRDA:43,1,9,6
BRDA:43,1,10,6
BRDA:43,1,11,0
BRDA:43,1,12,86
BRDA:46,2,0,2
BRDA:46,2,1,19
BRDA:46,3,0,21
BRDA:46,3,1,10
BRDA:82,4,0,0
BRDA:82,4,1,0
BRF:21
BRH:18
end_of_record
TN:
SF:test/schemaregistry/test-constants.ts
FNF:0
FNH:0
DA:4,2
DA:6,2
DA:8,2
DA:19,2
DA:27,2
DA:35,2
LF:6
LH:6
BRF:0
BRH:0
end_of_record
TN:
SF:test/schemaregistry/dekregistry/test-constants.ts
FNF:0
FNH:0
DA:1,2
DA:4,2
DA:5,2
DA:6,2
DA:7,2
DA:8,2
DA:9,2
DA:11,2
DA:12,2
DA:13,2
DA:14,2
DA:16,2
DA:25,2
DA:34,2
DA:43,2
DA:52,2
DA:61,2
DA:71,2
DA:72,2
DA:73,2
LF:20
LH:20
BRF:0
BRH:0
end_of_record
TN:
SF:test/schemaregistry/serde/author_pb.ts
FNF:0
FNH:0
DA:6,1
DA:7,1
DA:13,1
DA:45,1
DA:67,1
LF:5
LH:5
BRF:0
BRH:0
end_of_record
